#! c:/iverilog-x86/bin/vvp
:ivl_version "10.0 (stable)" "(v10_0)";
:ivl_delay_selection "TYPICAL";
:vpi_time_precision + 0;
:vpi_module "system";
:vpi_module "vhdl_sys";
:vpi_module "v2005_math";
:vpi_module "va_math";
S_01180250 .scope module, "D" "D" 2 7;
 .timescale 0 0;
    .port_info 0 /INPUT 1 "clk"
    .port_info 1 /INPUT 1 "reset"
    .port_info 2 /INPUT 3 "ForwardAD"
    .port_info 3 /INPUT 3 "ForwardBD"
    .port_info 4 /INPUT 1 "Stall"
    .port_info 5 /INPUT 32 "ALUOut_M"
    .port_info 6 /INPUT 32 "Result_W"
    .port_info 7 /INPUT 32 "Instr_D"
    .port_info 8 /INPUT 32 "PC_D"
    .port_info 9 /INPUT 32 "PC_E"
    .port_info 10 /INPUT 32 "PC_F"
    .port_info 11 /INPUT 32 "PC_M"
    .port_info 12 /INPUT 32 "PC_W"
    .port_info 13 /INPUT 1 "RegWrite_W"
    .port_info 14 /INPUT 5 "WriteReg_W"
    .port_info 15 /INPUT 32 "SignImm_E"
    .port_info 16 /INPUT 32 "SignImm_M"
    .port_info 17 /OUTPUT 1 "RegWrite_D"
    .port_info 18 /OUTPUT 1 "MemtoReg_D"
    .port_info 19 /OUTPUT 1 "MemWrite_D"
    .port_info 20 /OUTPUT 4 "ALUCtrl_D"
    .port_info 21 /OUTPUT 1 "ALUSrc_D"
    .port_info 22 /OUTPUT 2 "RegDst_D"
    .port_info 23 /OUTPUT 2 "WriteSel_D"
    .port_info 24 /OUTPUT 32 "npc"
    .port_info 25 /OUTPUT 32 "RD1_D"
    .port_info 26 /OUTPUT 32 "RD2_D"
    .port_info 27 /OUTPUT 5 "Rs_D"
    .port_info 28 /OUTPUT 5 "Rt_D"
    .port_info 29 /OUTPUT 5 "Rd_D"
    .port_info 30 /OUTPUT 32 "SignImm_D"
    .port_info 31 /OUTPUT 1 "Branch_or_not"
    .port_info 32 /OUTPUT 1 "Branch_D"
    .port_info 33 /OUTPUT 1 "Jump_D"
    .port_info 34 /OUTPUT 1 "Jr_D"
L_0117de10 .functor BUFZ 32, L_011d4a30, C4<00000000000000000000000000000000>, C4<00000000000000000000000000000000>, C4<00000000000000000000000000000000>;
L_0117df30 .functor BUFZ 32, L_011d4b90, C4<00000000000000000000000000000000>, C4<00000000000000000000000000000000>, C4<00000000000000000000000000000000>;
L_0117db88 .functor BUFZ 32, L_011d3ed8, C4<00000000000000000000000000000000>, C4<00000000000000000000000000000000>, C4<00000000000000000000000000000000>;
L_0117e200 .functor BUFZ 32, L_011d52c8, C4<00000000000000000000000000000000>, C4<00000000000000000000000000000000>, C4<00000000000000000000000000000000>;
L_0117df78 .functor BUFZ 1, L_01212160, C4<0>, C4<0>, C4<0>;
L_0117e1b8 .functor BUFZ 1, L_01213188, C4<0>, C4<0>, C4<0>;
L_0117da20 .functor BUFZ 1, L_01212f78, C4<0>, C4<0>, C4<0>;
L_0117da68 .functor BUFZ 4, L_01213028, C4<0000>, C4<0000>, C4<0000>;
L_0117dab0 .functor BUFZ 1, L_01212370, C4<0>, C4<0>, C4<0>;
L_0117daf8 .functor BUFZ 2, L_01211df0, C4<00>, C4<00>, C4<00>;
L_0117dbd0 .functor BUFZ 2, L_01211ea0, C4<00>, C4<00>, C4<00>;
L_0117e440 .functor BUFZ 1, L_012129a0, C4<0>, C4<0>, C4<0>;
L_0117e4d0 .functor BUFZ 1, L_01212840, C4<0>, C4<0>, C4<0>;
L_0117e7a0 .functor BUFZ 1, L_01212948, C4<0>, C4<0>, C4<0>;
o0119a04c .functor BUFZ 5, C4<zzzzz>; HiZ drive
L_0117e2d8 .functor BUFZ 5, o0119a04c, C4<00000>, C4<00000>, C4<00000>;
o01199fbc .functor BUFZ 32, C4<zzzzzzzzzzzzzzzzzzzzzzzzzzzzzzzz>; HiZ drive
L_0117e320 .functor BUFZ 32, o01199fbc, C4<00000000000000000000000000000000>, C4<00000000000000000000000000000000>, C4<00000000000000000000000000000000>;
v011cf760_0 .net "A1", 4 0, L_011d4508;  1 drivers
v011cf7b8_0 .net "A2", 4 0, L_011d41f0;  1 drivers
v011cf868_0 .net "A3", 4 0, L_0117e2d8;  1 drivers
v011cf8c0_0 .net "ALUCtrl", 3 0, L_01213028;  1 drivers
v011cf918_0 .net "ALUCtrl_D", 3 0, L_0117da68;  1 drivers
o01199e3c .functor BUFZ 32, C4<zzzzzzzzzzzzzzzzzzzzzzzzzzzzzzzz>; HiZ drive
v011d3270_0 .net "ALUOut_M", 31 0, o01199e3c;  0 drivers
v011d3638_0 .net "ALUSrc", 0 0, L_01212370;  1 drivers
v011d30b8_0 .net "ALUSrc_D", 0 0, L_0117dab0;  1 drivers
v011d3848_0 .net "Branch", 0 0, L_01212948;  1 drivers
v011d3378_0 .net "Branch_D", 0 0, L_0117e7a0;  1 drivers
v011d3740_0 .net "Branch_or_not", 0 0, L_011d4770;  1 drivers
v011d3530_0 .net "ExtSel", 1 0, L_01211d40;  1 drivers
v011d3218_0 .net "Ext_out", 31 0, L_011d3ed8;  1 drivers
o01199e84 .functor BUFZ 3, C4<zzz>; HiZ drive
v011d35e0_0 .net "ForwardAD", 2 0, o01199e84;  0 drivers
o01199e9c .functor BUFZ 3, C4<zzz>; HiZ drive
v011d2f00_0 .net "ForwardBD", 2 0, o01199e9c;  0 drivers
o011982dc .functor BUFZ 32, C4<zzzzzzzzzzzzzzzzzzzzzzzzzzzzzzzz>; HiZ drive
v011d3110_0 .net "Instr_D", 31 0, o011982dc;  0 drivers
v011d2fb0_0 .net "Jr", 0 0, L_01212840;  1 drivers
v011d37f0_0 .net "Jr_D", 0 0, L_0117e4d0;  1 drivers
v011d3588_0 .net "Jump", 0 0, L_012129a0;  1 drivers
v011d3168_0 .net "Jump_D", 0 0, L_0117e440;  1 drivers
v011d32c8_0 .net "MemWrite", 0 0, L_01212f78;  1 drivers
v011d3428_0 .net "MemWrite_D", 0 0, L_0117da20;  1 drivers
v011d31c0_0 .net "MemtoReg", 0 0, L_01213188;  1 drivers
v011d2f58_0 .net "MemtoReg_D", 0 0, L_0117e1b8;  1 drivers
v011d3320_0 .net "NPC_D", 31 0, L_011d52c8;  1 drivers
o01199704 .functor BUFZ 32, C4<zzzzzzzzzzzzzzzzzzzzzzzzzzzzzzzz>; HiZ drive
v011d3008_0 .net "PC_D", 31 0, o01199704;  0 drivers
o01199f14 .functor BUFZ 32, C4<zzzzzzzzzzzzzzzzzzzzzzzzzzzzzzzz>; HiZ drive
v011d3690_0 .net "PC_E", 31 0, o01199f14;  0 drivers
o0119971c .functor BUFZ 32, C4<zzzzzzzzzzzzzzzzzzzzzzzzzzzzzzzz>; HiZ drive
v011d3060_0 .net "PC_F", 31 0, o0119971c;  0 drivers
o01199f2c .functor BUFZ 32, C4<zzzzzzzzzzzzzzzzzzzzzzzzzzzzzzzz>; HiZ drive
v011d33d0_0 .net "PC_M", 31 0, o01199f2c;  0 drivers
o011995b4 .functor BUFZ 32, C4<zzzzzzzzzzzzzzzzzzzzzzzzzzzzzzzz>; HiZ drive
v011d3480_0 .net "PC_W", 31 0, o011995b4;  0 drivers
v011d36e8_0 .net "RD1", 31 0, L_011d42a0;  1 drivers
v011d34d8_0 .net "RD1_D", 31 0, L_0117de10;  1 drivers
v011d3798_0 .net "RD2", 31 0, L_011d3cc8;  1 drivers
v011d21f0_0 .net "RD2_D", 31 0, L_0117df30;  1 drivers
v011d20e8_0 .net "Rd_D", 4 0, L_011d5060;  1 drivers
v011d2140_0 .net "RegDst", 1 0, L_01211df0;  1 drivers
v011d1958_0 .net "RegDst_D", 1 0, L_0117daf8;  1 drivers
v011d2198_0 .net "RegWrite", 0 0, L_01212160;  1 drivers
v011d1f30_0 .net "RegWrite_D", 0 0, L_0117df78;  1 drivers
o011993ec .functor BUFZ 1, C4<z>; HiZ drive
v011d2350_0 .net "RegWrite_W", 0 0, o011993ec;  0 drivers
v011d1c18_0 .net "Result_W", 31 0, o01199fbc;  0 drivers
v011d19b0_0 .net "Rs_D", 4 0, L_011d2668;  1 drivers
v011d23a8_0 .net "Rt_D", 4 0, L_011d26c0;  1 drivers
v011d1dd0_0 .net "SignImm_D", 31 0, L_0117db88;  1 drivers
o0119a01c .functor BUFZ 32, C4<zzzzzzzzzzzzzzzzzzzzzzzzzzzzzzzz>; HiZ drive
v011d1900_0 .net "SignImm_E", 31 0, o0119a01c;  0 drivers
o0119a034 .functor BUFZ 32, C4<zzzzzzzzzzzzzzzzzzzzzzzzzzzzzzzz>; HiZ drive
v011d1ed8_0 .net "SignImm_M", 31 0, o0119a034;  0 drivers
o01199734 .functor BUFZ 1, C4<z>; HiZ drive
v011d1f88_0 .net "Stall", 0 0, o01199734;  0 drivers
v011d1b68_0 .net "WD3", 31 0, L_0117e320;  1 drivers
v011d1fe0_0 .net "WriteReg_W", 4 0, o0119a04c;  0 drivers
v011d2038_0 .net "WriteSel", 1 0, L_01211ea0;  1 drivers
v011d1e80_0 .net "WriteSel_D", 1 0, L_0117dbd0;  1 drivers
v011d1d20_0 .net *"_s100", 31 0, L_011d46c0;  1 drivers
v011d2248_0 .net *"_s102", 31 0, L_011d48d0;  1 drivers
v011d1c70_0 .net *"_s104", 31 0, L_011d4718;  1 drivers
v011d1ab8_0 .net *"_s106", 31 0, L_011d4668;  1 drivers
L_011d5ef0 .functor BUFT 1, C4<101>, C4<0>, C4<0>, C4<0>;
v011d22a0_0 .net/2u *"_s34", 2 0, L_011d5ef0;  1 drivers
v011d1a08_0 .net *"_s36", 0 0, L_011d4a88;  1 drivers
L_011d5f18 .functor BUFT 1, C4<100>, C4<0>, C4<0>, C4<0>;
v011d1cc8_0 .net/2u *"_s38", 2 0, L_011d5f18;  1 drivers
v011d22f8_0 .net *"_s40", 0 0, L_011d4c40;  1 drivers
L_011d5f40 .functor BUFT 1, C4<00000000000000000000000000001000>, C4<0>, C4<0>, C4<0>;
v011d2090_0 .net/2u *"_s42", 31 0, L_011d5f40;  1 drivers
v011d1a60_0 .net *"_s44", 31 0, L_011d4cf0;  1 drivers
L_011d5f68 .functor BUFT 1, C4<011>, C4<0>, C4<0>, C4<0>;
v011d1b10_0 .net/2u *"_s46", 2 0, L_011d5f68;  1 drivers
v011d1bc0_0 .net *"_s48", 0 0, L_011d4f00;  1 drivers
L_011d5f90 .functor BUFT 1, C4<010>, C4<0>, C4<0>, C4<0>;
v011d1d78_0 .net/2u *"_s50", 2 0, L_011d5f90;  1 drivers
v011d1e28_0 .net *"_s52", 0 0, L_011d4d48;  1 drivers
L_011d5fb8 .functor BUFT 1, C4<00000000000000000000000000001000>, C4<0>, C4<0>, C4<0>;
v011d2be8_0 .net/2u *"_s54", 31 0, L_011d5fb8;  1 drivers
v011d2a30_0 .net *"_s56", 31 0, L_011d4980;  1 drivers
L_011d5fe0 .functor BUFT 1, C4<001>, C4<0>, C4<0>, C4<0>;
v011d2df8_0 .net/2u *"_s58", 2 0, L_011d5fe0;  1 drivers
v011d2400_0 .net *"_s60", 0 0, L_011d4ea8;  1 drivers
v011d27c8_0 .net *"_s62", 31 0, L_011d4f58;  1 drivers
v011d2ae0_0 .net *"_s64", 31 0, L_011d50b8;  1 drivers
v011d2c98_0 .net *"_s66", 31 0, L_011d5008;  1 drivers
v011d2da0_0 .net *"_s68", 31 0, L_011d4c98;  1 drivers
L_011d6008 .functor BUFT 1, C4<101>, C4<0>, C4<0>, C4<0>;
v011d2770_0 .net/2u *"_s72", 2 0, L_011d6008;  1 drivers
v011d2718_0 .net *"_s74", 0 0, L_011d4e50;  1 drivers
L_011d6030 .functor BUFT 1, C4<100>, C4<0>, C4<0>, C4<0>;
v011d2cf0_0 .net/2u *"_s76", 2 0, L_011d6030;  1 drivers
v011d2820_0 .net *"_s78", 0 0, L_011d4da0;  1 drivers
L_011d6058 .functor BUFT 1, C4<00000000000000000000000000001000>, C4<0>, C4<0>, C4<0>;
v011d2878_0 .net/2u *"_s80", 31 0, L_011d6058;  1 drivers
v011d29d8_0 .net *"_s82", 31 0, L_011d4df8;  1 drivers
L_011d6080 .functor BUFT 1, C4<011>, C4<0>, C4<0>, C4<0>;
v011d28d0_0 .net/2u *"_s84", 2 0, L_011d6080;  1 drivers
v011d2928_0 .net *"_s86", 0 0, L_011d4610;  1 drivers
L_011d60a8 .functor BUFT 1, C4<010>, C4<0>, C4<0>, C4<0>;
v011d2980_0 .net/2u *"_s88", 2 0, L_011d60a8;  1 drivers
v011d2d48_0 .net *"_s90", 0 0, L_011d4ae0;  1 drivers
L_011d60d0 .functor BUFT 1, C4<00000000000000000000000000001000>, C4<0>, C4<0>, C4<0>;
v011d25b8_0 .net/2u *"_s92", 31 0, L_011d60d0;  1 drivers
v011d2a88_0 .net *"_s94", 31 0, L_011d4fb0;  1 drivers
L_011d60f8 .functor BUFT 1, C4<001>, C4<0>, C4<0>, C4<0>;
v011d2458_0 .net/2u *"_s96", 2 0, L_011d60f8;  1 drivers
v011d2b38_0 .net *"_s98", 0 0, L_011d4b38;  1 drivers
o01199584 .functor BUFZ 1, C4<z>; HiZ drive
v011d2b90_0 .net "clk", 0 0, o01199584;  0 drivers
v011d2c40_0 .net "func", 5 0, L_011d4090;  1 drivers
v011d2e50_0 .net "imm", 15 0, L_011d40e8;  1 drivers
v011d2ea8_0 .net "left", 31 0, L_011d4a30;  1 drivers
v011d24b0_0 .net "npc", 31 0, L_0117e200;  1 drivers
v011d2508_0 .net "opcode", 5 0, L_011d4400;  1 drivers
o011995cc .functor BUFZ 1, C4<z>; HiZ drive
v011d2560_0 .net "reset", 0 0, o011995cc;  0 drivers
v011d2610_0 .net "right", 31 0, L_011d4b90;  1 drivers
L_011d2668 .part o011982dc, 21, 5;
L_011d26c0 .part o011982dc, 16, 5;
L_011d5060 .part o011982dc, 11, 5;
L_011d4a88 .cmp/eq 3, o01199e84, L_011d5ef0;
L_011d4c40 .cmp/eq 3, o01199e84, L_011d5f18;
L_011d4cf0 .arith/sum 32, o01199f14, L_011d5f40;
L_011d4f00 .cmp/eq 3, o01199e84, L_011d5f68;
L_011d4d48 .cmp/eq 3, o01199e84, L_011d5f90;
L_011d4980 .arith/sum 32, o01199f2c, L_011d5fb8;
L_011d4ea8 .cmp/eq 3, o01199e84, L_011d5fe0;
L_011d4f58 .functor MUXZ 32, L_011d42a0, o0119a034, L_011d4ea8, C4<>;
L_011d50b8 .functor MUXZ 32, L_011d4f58, L_011d4980, L_011d4d48, C4<>;
L_011d5008 .functor MUXZ 32, L_011d50b8, o01199e3c, L_011d4f00, C4<>;
L_011d4c98 .functor MUXZ 32, L_011d5008, L_011d4cf0, L_011d4c40, C4<>;
L_011d4a30 .functor MUXZ 32, L_011d4c98, o0119a01c, L_011d4a88, C4<>;
L_011d4e50 .cmp/eq 3, o01199e9c, L_011d6008;
L_011d4da0 .cmp/eq 3, o01199e9c, L_011d6030;
L_011d4df8 .arith/sum 32, o01199f14, L_011d6058;
L_011d4610 .cmp/eq 3, o01199e9c, L_011d6080;
L_011d4ae0 .cmp/eq 3, o01199e9c, L_011d60a8;
L_011d4fb0 .arith/sum 32, o01199f2c, L_011d60d0;
L_011d4b38 .cmp/eq 3, o01199e9c, L_011d60f8;
L_011d46c0 .functor MUXZ 32, L_011d3cc8, o0119a034, L_011d4b38, C4<>;
L_011d48d0 .functor MUXZ 32, L_011d46c0, L_011d4fb0, L_011d4ae0, C4<>;
L_011d4718 .functor MUXZ 32, L_011d48d0, o01199e3c, L_011d4610, C4<>;
L_011d4668 .functor MUXZ 32, L_011d4718, L_011d4df8, L_011d4da0, C4<>;
L_011d4b90 .functor MUXZ 32, L_011d4668, o0119a01c, L_011d4e50, C4<>;
L_011d40e8 .part o011982dc, 0, 16;
L_011d4508 .part o011982dc, 21, 5;
L_011d41f0 .part o011982dc, 16, 5;
L_011d4400 .part o011982dc, 26, 6;
L_011d4090 .part o011982dc, 0, 6;
S_0123dbf0 .scope module, "u_D_CMP" "D_CMP" 2 95, 3 11 0, S_01180250;
 .timescale 0 0;
    .port_info 0 /INPUT 32 "left"
    .port_info 1 /INPUT 32 "right"
    .port_info 2 /INPUT 32 "instr"
    .port_info 3 /INPUT 1 "Branch"
    .port_info 4 /OUTPUT 1 "Branch_or_not"
L_0117e950 .functor AND 1, L_01212948, L_011d4be8, C4<1>, C4<1>;
v01197798_0 .net "Branch", 0 0, L_01212948;  alias, 1 drivers
v011978f8_0 .net "Branch_or_not", 0 0, L_011d4770;  alias, 1 drivers
v01197b08_0 .net *"_s0", 0 0, L_011d4be8;  1 drivers
v01197b60_0 .net *"_s2", 0 0, L_0117e950;  1 drivers
L_011d6120 .functor BUFT 1, C4<1>, C4<0>, C4<0>, C4<0>;
v01197950_0 .net/2u *"_s4", 0 0, L_011d6120;  1 drivers
L_011d6148 .functor BUFT 1, C4<0>, C4<0>, C4<0>, C4<0>;
v01197690_0 .net/2u *"_s6", 0 0, L_011d6148;  1 drivers
v011974d8_0 .net "instr", 31 0, o011982dc;  alias, 0 drivers
v011979a8_0 .net "left", 31 0, L_011d4a30;  alias, 1 drivers
v011976e8_0 .net "right", 31 0, L_011d4b90;  alias, 1 drivers
L_011d4be8 .cmp/eq 32, L_011d4a30, L_011d4b90;
L_011d4770 .functor MUXZ 1, L_011d6148, L_011d6120, L_0117e950, C4<>;
S_0123dcc0 .scope module, "u_D_CU" "D_CU" 2 171, 4 38 0, S_01180250;
 .timescale 0 0;
    .port_info 0 /INPUT 6 "opcode"
    .port_info 1 /INPUT 6 "func"
    .port_info 2 /INPUT 32 "instr"
    .port_info 3 /OUTPUT 1 "RegWrite"
    .port_info 4 /OUTPUT 2 "ExtSel"
    .port_info 5 /OUTPUT 2 "RegDst"
    .port_info 6 /OUTPUT 2 "WriteSel"
    .port_info 7 /OUTPUT 1 "ALUSrc"
    .port_info 8 /OUTPUT 4 "ALUCtrl"
    .port_info 9 /OUTPUT 1 "Branch"
    .port_info 10 /OUTPUT 1 "MemWrite"
    .port_info 11 /OUTPUT 1 "MemtoReg"
    .port_info 12 /OUTPUT 1 "Jump"
    .port_info 13 /OUTPUT 1 "Jr"
L_0117e3f8 .functor AND 1, L_011d3b10, L_011d3fe0, C4<1>, C4<1>;
L_0117e488 .functor AND 1, L_011d3b68, L_011d3bc0, C4<1>, C4<1>;
L_0117e560 .functor OR 1, L_0117e3f8, L_0117e488, C4<0>, C4<0>;
L_0117e5a8 .functor OR 1, L_0117e560, L_011d4038, C4<0>, C4<0>;
L_0117e5f0 .functor OR 1, L_0117e5a8, L_011d3c70, C4<0>, C4<0>;
L_0117e710 .functor OR 1, L_0117e5f0, L_01212790, C4<0>, C4<0>;
L_01216790 .functor OR 1, L_0117e710, L_01212580, C4<0>, C4<0>;
L_01216b80 .functor OR 1, L_01211ef8, L_01212268, C4<0>, C4<0>;
L_012166b8 .functor OR 1, L_01216b80, L_01211f50, C4<0>, C4<0>;
L_01216748 .functor AND 1, L_01212420, L_01212528, C4<1>, C4<1>;
L_01216868 .functor OR 1, L_01212478, L_01216748, C4<0>, C4<0>;
L_01216700 .functor AND 1, L_01212688, L_012126e0, C4<1>, C4<1>;
L_01216940 .functor OR 1, L_01212630, L_01216700, C4<0>, C4<0>;
L_01216bc8 .functor AND 1, L_01212cb8, L_01212fd0, C4<1>, C4<1>;
L_01216aa8 .functor OR 1, L_01212aa8, L_01216bc8, C4<0>, C4<0>;
L_01216c58 .functor AND 1, L_01212b00, L_01212d68, C4<1>, C4<1>;
v01197740_0 .net "ALUCtrl", 3 0, L_01213028;  alias, 1 drivers
v01197a00_0 .net "ALUOp", 1 0, L_01212000;  1 drivers
v01197a58_0 .net "ALUSrc", 0 0, L_01212370;  alias, 1 drivers
v011978a0_0 .net "Branch", 0 0, L_01212948;  alias, 1 drivers
v011977f0_0 .net "ExtSel", 1 0, L_01211d40;  alias, 1 drivers
v01197270_0 .net "Jr", 0 0, L_01212840;  alias, 1 drivers
v01197848_0 .net "Jump", 0 0, L_012129a0;  alias, 1 drivers
v01197bb8_0 .net "MemWrite", 0 0, L_01212f78;  alias, 1 drivers
v01197c10_0 .net "MemtoReg", 0 0, L_01213188;  alias, 1 drivers
v01197cc0_0 .net "RegDst", 1 0, L_01211df0;  alias, 1 drivers
v01197d18_0 .net "RegWrite", 0 0, L_01212160;  alias, 1 drivers
v011972c8_0 .net "WriteSel", 1 0, L_01211ea0;  alias, 1 drivers
L_011d6670 .functor BUFT 1, C4<000000>, C4<0>, C4<0>, C4<0>;
v01197320_0 .net/2u *"_s0", 5 0, L_011d6670;  1 drivers
L_011d66c0 .functor BUFT 1, C4<000000>, C4<0>, C4<0>, C4<0>;
v01197378_0 .net/2u *"_s10", 5 0, L_011d66c0;  1 drivers
L_011d6a30 .functor BUFT 1, C4<00>, C4<0>, C4<0>, C4<0>;
v011973d0_0 .net/2u *"_s100", 1 0, L_011d6a30;  1 drivers
v01197428_0 .net *"_s102", 1 0, L_012124d0;  1 drivers
L_011d6a58 .functor BUFT 1, C4<001101>, C4<0>, C4<0>, C4<0>;
v01197530_0 .net/2u *"_s106", 5 0, L_011d6a58;  1 drivers
v01197d70_0 .net *"_s108", 0 0, L_01211ef8;  1 drivers
L_011d6a80 .functor BUFT 1, C4<100011>, C4<0>, C4<0>, C4<0>;
v01198088_0 .net/2u *"_s110", 5 0, L_011d6a80;  1 drivers
v011981e8_0 .net *"_s112", 0 0, L_01212268;  1 drivers
v011980e0_0 .net *"_s114", 0 0, L_01216b80;  1 drivers
L_011d6aa8 .functor BUFT 1, C4<101011>, C4<0>, C4<0>, C4<0>;
v01197e78_0 .net/2u *"_s116", 5 0, L_011d6aa8;  1 drivers
v01198138_0 .net *"_s118", 0 0, L_01211f50;  1 drivers
v01198190_0 .net *"_s12", 0 0, L_011d3b68;  1 drivers
v01197dc8_0 .net *"_s120", 0 0, L_012166b8;  1 drivers
L_011d6ad0 .functor BUFT 1, C4<1>, C4<0>, C4<0>, C4<0>;
v01197e20_0 .net/2u *"_s122", 0 0, L_011d6ad0;  1 drivers
L_011d6af8 .functor BUFT 1, C4<0>, C4<0>, C4<0>, C4<0>;
v01197ed0_0 .net/2u *"_s124", 0 0, L_011d6af8;  1 drivers
L_011d6b20 .functor BUFT 1, C4<001101>, C4<0>, C4<0>, C4<0>;
v01197f28_0 .net/2u *"_s128", 5 0, L_011d6b20;  1 drivers
v01197f80_0 .net *"_s130", 0 0, L_012123c8;  1 drivers
L_011d6b48 .functor BUFT 1, C4<11>, C4<0>, C4<0>, C4<0>;
v01197fd8_0 .net/2u *"_s132", 1 0, L_011d6b48;  1 drivers
L_011d6b70 .functor BUFT 1, C4<000000>, C4<0>, C4<0>, C4<0>;
v01198030_0 .net/2u *"_s134", 5 0, L_011d6b70;  1 drivers
v011cb2d0_0 .net *"_s136", 0 0, L_01212108;  1 drivers
L_011d6b98 .functor BUFT 1, C4<10>, C4<0>, C4<0>, C4<0>;
v011cb4e0_0 .net/2u *"_s138", 1 0, L_011d6b98;  1 drivers
L_011d66e8 .functor BUFT 1, C4<000000>, C4<0>, C4<0>, C4<0>;
v011cb7f8_0 .net/2u *"_s14", 5 0, L_011d66e8;  1 drivers
L_011d6bc0 .functor BUFT 1, C4<000100>, C4<0>, C4<0>, C4<0>;
v011cb380_0 .net/2u *"_s140", 5 0, L_011d6bc0;  1 drivers
v011cbb10_0 .net *"_s142", 0 0, L_01211fa8;  1 drivers
L_011d6be8 .functor BUFT 1, C4<01>, C4<0>, C4<0>, C4<0>;
v011cbab8_0 .net/2u *"_s144", 1 0, L_011d6be8;  1 drivers
L_011d6c10 .functor BUFT 1, C4<00>, C4<0>, C4<0>, C4<0>;
v011cbb68_0 .net/2u *"_s146", 1 0, L_011d6c10;  1 drivers
v011cb328_0 .net *"_s148", 1 0, L_01212210;  1 drivers
v011cbbc0_0 .net *"_s150", 1 0, L_012122c0;  1 drivers
L_011d6c38 .functor BUFT 1, C4<00>, C4<0>, C4<0>, C4<0>;
v011cb6f0_0 .net/2u *"_s154", 1 0, L_011d6c38;  1 drivers
v011cb5e8_0 .net *"_s156", 0 0, L_01212478;  1 drivers
L_011d6c60 .functor BUFT 1, C4<10>, C4<0>, C4<0>, C4<0>;
v011cb3d8_0 .net/2u *"_s158", 1 0, L_011d6c60;  1 drivers
v011cbc18_0 .net *"_s16", 0 0, L_011d3bc0;  1 drivers
v011cb430_0 .net *"_s160", 0 0, L_01212420;  1 drivers
L_011d6c88 .functor BUFT 1, C4<100000>, C4<0>, C4<0>, C4<0>;
v011cb7a0_0 .net/2u *"_s162", 5 0, L_011d6c88;  1 drivers
v011cbd20_0 .net *"_s164", 0 0, L_01212528;  1 drivers
v011cb850_0 .net *"_s166", 0 0, L_01216748;  1 drivers
v011cbc70_0 .net *"_s168", 0 0, L_01216868;  1 drivers
L_011d6cb0 .functor BUFT 1, C4<0010>, C4<0>, C4<0>, C4<0>;
v011cb900_0 .net/2u *"_s170", 3 0, L_011d6cb0;  1 drivers
L_011d6cd8 .functor BUFT 1, C4<01>, C4<0>, C4<0>, C4<0>;
v011cb640_0 .net/2u *"_s172", 1 0, L_011d6cd8;  1 drivers
v011cbcc8_0 .net *"_s174", 0 0, L_01212630;  1 drivers
L_011d6d00 .functor BUFT 1, C4<10>, C4<0>, C4<0>, C4<0>;
v011cb958_0 .net/2u *"_s176", 1 0, L_011d6d00;  1 drivers
v011cb8a8_0 .net *"_s178", 0 0, L_01212688;  1 drivers
v011cbd78_0 .net *"_s18", 0 0, L_0117e488;  1 drivers
L_011d6d28 .functor BUFT 1, C4<100010>, C4<0>, C4<0>, C4<0>;
v011cb538_0 .net/2u *"_s180", 5 0, L_011d6d28;  1 drivers
v011cb9b0_0 .net *"_s182", 0 0, L_012126e0;  1 drivers
v011cb698_0 .net *"_s184", 0 0, L_01216700;  1 drivers
v011cb748_0 .net *"_s186", 0 0, L_01216940;  1 drivers
L_011d6d50 .functor BUFT 1, C4<0110>, C4<0>, C4<0>, C4<0>;
v011cba08_0 .net/2u *"_s188", 3 0, L_011d6d50;  1 drivers
L_011d6d78 .functor BUFT 1, C4<0001>, C4<0>, C4<0>, C4<0>;
v011cba60_0 .net/2u *"_s190", 3 0, L_011d6d78;  1 drivers
v011cb488_0 .net *"_s192", 3 0, L_01212738;  1 drivers
L_011d6da0 .functor BUFT 1, C4<000100>, C4<0>, C4<0>, C4<0>;
v011cb590_0 .net/2u *"_s196", 5 0, L_011d6da0;  1 drivers
v011cc038_0 .net *"_s198", 0 0, L_01212e18;  1 drivers
v011cc0e8_0 .net *"_s2", 0 0, L_011d3b10;  1 drivers
v011cbe80_0 .net *"_s20", 0 0, L_0117e560;  1 drivers
L_011d6dc8 .functor BUFT 1, C4<1>, C4<0>, C4<0>, C4<0>;
v011cbdd0_0 .net/2u *"_s200", 0 0, L_011d6dc8;  1 drivers
L_011d6df0 .functor BUFT 1, C4<0>, C4<0>, C4<0>, C4<0>;
v011cc140_0 .net/2u *"_s202", 0 0, L_011d6df0;  1 drivers
L_011d6e18 .functor BUFT 1, C4<101011>, C4<0>, C4<0>, C4<0>;
v011cc198_0 .net/2u *"_s206", 5 0, L_011d6e18;  1 drivers
v011cc248_0 .net *"_s208", 0 0, L_01212ec8;  1 drivers
L_011d6e40 .functor BUFT 1, C4<1>, C4<0>, C4<0>, C4<0>;
v011cc1f0_0 .net/2u *"_s210", 0 0, L_011d6e40;  1 drivers
L_011d6e68 .functor BUFT 1, C4<0>, C4<0>, C4<0>, C4<0>;
v011cbe28_0 .net/2u *"_s212", 0 0, L_011d6e68;  1 drivers
L_011d6e90 .functor BUFT 1, C4<100011>, C4<0>, C4<0>, C4<0>;
v011cbed8_0 .net/2u *"_s216", 5 0, L_011d6e90;  1 drivers
v011cbf30_0 .net *"_s218", 0 0, L_01212f20;  1 drivers
L_011d6710 .functor BUFT 1, C4<001101>, C4<0>, C4<0>, C4<0>;
v011cbf88_0 .net/2u *"_s22", 5 0, L_011d6710;  1 drivers
L_011d6eb8 .functor BUFT 1, C4<1>, C4<0>, C4<0>, C4<0>;
v011cbfe0_0 .net/2u *"_s220", 0 0, L_011d6eb8;  1 drivers
L_011d6ee0 .functor BUFT 1, C4<0>, C4<0>, C4<0>, C4<0>;
v011cc090_0 .net/2u *"_s222", 0 0, L_011d6ee0;  1 drivers
L_011d6f08 .functor BUFT 1, C4<000011>, C4<0>, C4<0>, C4<0>;
v011cdc98_0 .net/2u *"_s226", 5 0, L_011d6f08;  1 drivers
v011ce0b8_0 .net *"_s228", 0 0, L_01212aa8;  1 drivers
L_011d6f30 .functor BUFT 1, C4<000000>, C4<0>, C4<0>, C4<0>;
v011cdcf0_0 .net/2u *"_s230", 5 0, L_011d6f30;  1 drivers
v011ce378_0 .net *"_s232", 0 0, L_01212cb8;  1 drivers
L_011d6f58 .functor BUFT 1, C4<001000>, C4<0>, C4<0>, C4<0>;
v011ce270_0 .net/2u *"_s234", 5 0, L_011d6f58;  1 drivers
v011cdae0_0 .net *"_s236", 0 0, L_01212fd0;  1 drivers
v011cdb38_0 .net *"_s238", 0 0, L_01216bc8;  1 drivers
v011cdfb0_0 .net *"_s24", 0 0, L_011d4038;  1 drivers
v011ce008_0 .net *"_s240", 0 0, L_01216aa8;  1 drivers
L_011d6f80 .functor BUFT 1, C4<1>, C4<0>, C4<0>, C4<0>;
v011cdd48_0 .net/2u *"_s242", 0 0, L_011d6f80;  1 drivers
L_011d6fa8 .functor BUFT 1, C4<0>, C4<0>, C4<0>, C4<0>;
v011ce110_0 .net/2u *"_s244", 0 0, L_011d6fa8;  1 drivers
L_011d6fd0 .functor BUFT 1, C4<000000>, C4<0>, C4<0>, C4<0>;
v011cdda0_0 .net/2u *"_s248", 5 0, L_011d6fd0;  1 drivers
v011ce168_0 .net *"_s250", 0 0, L_01212b00;  1 drivers
L_011d6ff8 .functor BUFT 1, C4<001000>, C4<0>, C4<0>, C4<0>;
v011ce1c0_0 .net/2u *"_s252", 5 0, L_011d6ff8;  1 drivers
v011ce218_0 .net *"_s254", 0 0, L_01212d68;  1 drivers
v011cde50_0 .net *"_s256", 0 0, L_01216c58;  1 drivers
L_011d7020 .functor BUFT 1, C4<1>, C4<0>, C4<0>, C4<0>;
v011ce2c8_0 .net/2u *"_s258", 0 0, L_011d7020;  1 drivers
v011cdb90_0 .net *"_s26", 0 0, L_0117e5a8;  1 drivers
L_011d7048 .functor BUFT 1, C4<0>, C4<0>, C4<0>, C4<0>;
v011ce320_0 .net/2u *"_s260", 0 0, L_011d7048;  1 drivers
L_011d6738 .functor BUFT 1, C4<100011>, C4<0>, C4<0>, C4<0>;
v011cddf8_0 .net/2u *"_s28", 5 0, L_011d6738;  1 drivers
v011cdbe8_0 .net *"_s30", 0 0, L_011d3c70;  1 drivers
v011ce060_0 .net *"_s32", 0 0, L_0117e5f0;  1 drivers
L_011d6760 .functor BUFT 1, C4<001111>, C4<0>, C4<0>, C4<0>;
v011cdf00_0 .net/2u *"_s34", 5 0, L_011d6760;  1 drivers
v011cdea8_0 .net *"_s36", 0 0, L_01212790;  1 drivers
v011cdf58_0 .net *"_s38", 0 0, L_0117e710;  1 drivers
L_011d6698 .functor BUFT 1, C4<001000>, C4<0>, C4<0>, C4<0>;
v011ce3d0_0 .net/2u *"_s4", 5 0, L_011d6698;  1 drivers
L_011d6788 .functor BUFT 1, C4<000011>, C4<0>, C4<0>, C4<0>;
v011cdc40_0 .net/2u *"_s40", 5 0, L_011d6788;  1 drivers
v011ce428_0 .net *"_s42", 0 0, L_01212580;  1 drivers
v011ccd78_0 .net *"_s44", 0 0, L_01216790;  1 drivers
L_011d67b0 .functor BUFT 1, C4<1>, C4<0>, C4<0>, C4<0>;
v011cc4e0_0 .net/2u *"_s46", 0 0, L_011d67b0;  1 drivers
L_011d67d8 .functor BUFT 1, C4<0>, C4<0>, C4<0>, C4<0>;
v011ccb68_0 .net/2u *"_s48", 0 0, L_011d67d8;  1 drivers
L_011d6800 .functor BUFT 1, C4<001111>, C4<0>, C4<0>, C4<0>;
v011cc7a0_0 .net/2u *"_s52", 5 0, L_011d6800;  1 drivers
v011cc7f8_0 .net *"_s54", 0 0, L_01212058;  1 drivers
L_011d6828 .functor BUFT 1, C4<10>, C4<0>, C4<0>, C4<0>;
v011ccb10_0 .net/2u *"_s56", 1 0, L_011d6828;  1 drivers
L_011d6850 .functor BUFT 1, C4<001101>, C4<0>, C4<0>, C4<0>;
v011ccc18_0 .net/2u *"_s58", 5 0, L_011d6850;  1 drivers
v011ccab8_0 .net *"_s6", 0 0, L_011d3fe0;  1 drivers
v011ccbc0_0 .net *"_s60", 0 0, L_012125d8;  1 drivers
L_011d6878 .functor BUFT 1, C4<01>, C4<0>, C4<0>, C4<0>;
v011cc850_0 .net/2u *"_s62", 1 0, L_011d6878;  1 drivers
L_011d68a0 .functor BUFT 1, C4<00>, C4<0>, C4<0>, C4<0>;
v011cc8a8_0 .net/2u *"_s64", 1 0, L_011d68a0;  1 drivers
v011cc5e8_0 .net *"_s66", 1 0, L_01211ce8;  1 drivers
L_011d68c8 .functor BUFT 1, C4<000011>, C4<0>, C4<0>, C4<0>;
v011ccdd0_0 .net/2u *"_s70", 5 0, L_011d68c8;  1 drivers
v011cc538_0 .net *"_s72", 0 0, L_012120b0;  1 drivers
L_011d68f0 .functor BUFT 1, C4<10>, C4<0>, C4<0>, C4<0>;
v011cc590_0 .net/2u *"_s74", 1 0, L_011d68f0;  1 drivers
L_011d6918 .functor BUFT 1, C4<000000>, C4<0>, C4<0>, C4<0>;
v011cce80_0 .net/2u *"_s76", 5 0, L_011d6918;  1 drivers
v011cc640_0 .net *"_s78", 0 0, L_01212318;  1 drivers
v011ccc70_0 .net *"_s8", 0 0, L_0117e3f8;  1 drivers
L_011d6940 .functor BUFT 1, C4<01>, C4<0>, C4<0>, C4<0>;
v011cce28_0 .net/2u *"_s80", 1 0, L_011d6940;  1 drivers
L_011d6968 .functor BUFT 1, C4<00>, C4<0>, C4<0>, C4<0>;
v011cccc8_0 .net/2u *"_s82", 1 0, L_011d6968;  1 drivers
v011cc900_0 .net *"_s84", 1 0, L_01211d98;  1 drivers
L_011d6990 .functor BUFT 1, C4<000011>, C4<0>, C4<0>, C4<0>;
v011ccf88_0 .net/2u *"_s88", 5 0, L_011d6990;  1 drivers
v011cc958_0 .net *"_s90", 0 0, L_012121b8;  1 drivers
L_011d69b8 .functor BUFT 1, C4<10>, C4<0>, C4<0>, C4<0>;
v011ccd20_0 .net/2u *"_s92", 1 0, L_011d69b8;  1 drivers
L_011d69e0 .functor BUFT 1, C4<001111>, C4<0>, C4<0>, C4<0>;
v011cced8_0 .net/2u *"_s94", 5 0, L_011d69e0;  1 drivers
v011ccf30_0 .net *"_s96", 0 0, L_01211e48;  1 drivers
L_011d6a08 .functor BUFT 1, C4<01>, C4<0>, C4<0>, C4<0>;
v011cc698_0 .net/2u *"_s98", 1 0, L_011d6a08;  1 drivers
v011cc6f0_0 .net "func", 5 0, L_011d4090;  alias, 1 drivers
v011cc748_0 .net "instr", 31 0, o011982dc;  alias, 0 drivers
v011cc9b0_0 .net "opcode", 5 0, L_011d4400;  alias, 1 drivers
L_011d3b10 .cmp/eq 6, L_011d4400, L_011d6670;
L_011d3fe0 .cmp/ne 6, L_011d4090, L_011d6698;
L_011d3b68 .cmp/eq 6, L_011d4400, L_011d66c0;
L_011d3bc0 .cmp/ne 6, L_011d4090, L_011d66e8;
L_011d4038 .cmp/eq 6, L_011d4400, L_011d6710;
L_011d3c70 .cmp/eq 6, L_011d4400, L_011d6738;
L_01212790 .cmp/eq 6, L_011d4400, L_011d6760;
L_01212580 .cmp/eq 6, L_011d4400, L_011d6788;
L_01212160 .functor MUXZ 1, L_011d67d8, L_011d67b0, L_01216790, C4<>;
L_01212058 .cmp/eq 6, L_011d4400, L_011d6800;
L_012125d8 .cmp/eq 6, L_011d4400, L_011d6850;
L_01211ce8 .functor MUXZ 2, L_011d68a0, L_011d6878, L_012125d8, C4<>;
L_01211d40 .functor MUXZ 2, L_01211ce8, L_011d6828, L_01212058, C4<>;
L_012120b0 .cmp/eq 6, L_011d4400, L_011d68c8;
L_01212318 .cmp/eq 6, L_011d4400, L_011d6918;
L_01211d98 .functor MUXZ 2, L_011d6968, L_011d6940, L_01212318, C4<>;
L_01211df0 .functor MUXZ 2, L_01211d98, L_011d68f0, L_012120b0, C4<>;
L_012121b8 .cmp/eq 6, L_011d4400, L_011d6990;
L_01211e48 .cmp/eq 6, L_011d4400, L_011d69e0;
L_012124d0 .functor MUXZ 2, L_011d6a30, L_011d6a08, L_01211e48, C4<>;
L_01211ea0 .functor MUXZ 2, L_012124d0, L_011d69b8, L_012121b8, C4<>;
L_01211ef8 .cmp/eq 6, L_011d4400, L_011d6a58;
L_01212268 .cmp/eq 6, L_011d4400, L_011d6a80;
L_01211f50 .cmp/eq 6, L_011d4400, L_011d6aa8;
L_01212370 .functor MUXZ 1, L_011d6af8, L_011d6ad0, L_012166b8, C4<>;
L_012123c8 .cmp/eq 6, L_011d4400, L_011d6b20;
L_01212108 .cmp/eq 6, L_011d4400, L_011d6b70;
L_01211fa8 .cmp/eq 6, L_011d4400, L_011d6bc0;
L_01212210 .functor MUXZ 2, L_011d6c10, L_011d6be8, L_01211fa8, C4<>;
L_012122c0 .functor MUXZ 2, L_01212210, L_011d6b98, L_01212108, C4<>;
L_01212000 .functor MUXZ 2, L_012122c0, L_011d6b48, L_012123c8, C4<>;
L_01212478 .cmp/eq 2, L_01212000, L_011d6c38;
L_01212420 .cmp/eq 2, L_01212000, L_011d6c60;
L_01212528 .cmp/eq 6, L_011d4090, L_011d6c88;
L_01212630 .cmp/eq 2, L_01212000, L_011d6cd8;
L_01212688 .cmp/eq 2, L_01212000, L_011d6d00;
L_012126e0 .cmp/eq 6, L_011d4090, L_011d6d28;
L_01212738 .functor MUXZ 4, L_011d6d78, L_011d6d50, L_01216940, C4<>;
L_01213028 .functor MUXZ 4, L_01212738, L_011d6cb0, L_01216868, C4<>;
L_01212e18 .cmp/eq 6, L_011d4400, L_011d6da0;
L_01212948 .functor MUXZ 1, L_011d6df0, L_011d6dc8, L_01212e18, C4<>;
L_01212ec8 .cmp/eq 6, L_011d4400, L_011d6e18;
L_01212f78 .functor MUXZ 1, L_011d6e68, L_011d6e40, L_01212ec8, C4<>;
L_01212f20 .cmp/eq 6, L_011d4400, L_011d6e90;
L_01213188 .functor MUXZ 1, L_011d6ee0, L_011d6eb8, L_01212f20, C4<>;
L_01212aa8 .cmp/eq 6, L_011d4400, L_011d6f08;
L_01212cb8 .cmp/eq 6, L_011d4400, L_011d6f30;
L_01212fd0 .cmp/eq 6, L_011d4090, L_011d6f58;
L_012129a0 .functor MUXZ 1, L_011d6fa8, L_011d6f80, L_01216aa8, C4<>;
L_01212b00 .cmp/eq 6, L_011d4400, L_011d6fd0;
L_01212d68 .cmp/eq 6, L_011d4090, L_011d6ff8;
L_01212840 .functor MUXZ 1, L_011d7048, L_011d7020, L_01216c58, C4<>;
S_0123c7e8 .scope module, "u_D_EXT" "D_EXT" 2 124, 5 5 0, S_01180250;
 .timescale 0 0;
    .port_info 0 /INPUT 16 "imm"
    .port_info 1 /INPUT 2 "ExtSel"
    .port_info 2 /OUTPUT 32 "Ext_out"
v011cca08_0 .net "ExtSel", 1 0, L_01211d40;  alias, 1 drivers
v011cca60_0 .net "Ext_out", 31 0, L_011d3ed8;  alias, 1 drivers
L_011d64e0 .functor BUFT 1, C4<00>, C4<0>, C4<0>, C4<0>;
v011cd8d0_0 .net/2u *"_s0", 1 0, L_011d64e0;  1 drivers
L_011d6508 .functor BUFT 1, C4<01>, C4<0>, C4<0>, C4<0>;
v011cd610_0 .net/2u *"_s10", 1 0, L_011d6508;  1 drivers
v011cd090_0 .net *"_s12", 0 0, L_011d3d20;  1 drivers
L_011d6530 .functor BUFT 1, C4<0000000000000000>, C4<0>, C4<0>, C4<0>;
v011cd400_0 .net/2u *"_s14", 15 0, L_011d6530;  1 drivers
v011cd0e8_0 .net *"_s16", 31 0, L_011d3dd0;  1 drivers
L_011d6558 .functor BUFT 1, C4<10>, C4<0>, C4<0>, C4<0>;
v011cd820_0 .net/2u *"_s18", 1 0, L_011d6558;  1 drivers
v011cd140_0 .net *"_s2", 0 0, L_011d4140;  1 drivers
v011cd6c0_0 .net *"_s20", 0 0, L_011d3c18;  1 drivers
L_011d6580 .functor BUFT 1, C4<0000000000000000>, C4<0>, C4<0>, C4<0>;
v011cd198_0 .net/2u *"_s22", 15 0, L_011d6580;  1 drivers
v011cd668_0 .net *"_s24", 31 0, L_011d44b0;  1 drivers
L_011d65a8 .functor BUFT 1, C4<00000000000000000000000000000000>, C4<0>, C4<0>, C4<0>;
v011cd1f0_0 .net/2u *"_s26", 31 0, L_011d65a8;  1 drivers
v011cd7c8_0 .net *"_s28", 31 0, L_011d3e80;  1 drivers
v011cd878_0 .net *"_s30", 31 0, L_011d42f8;  1 drivers
v011cd770_0 .net *"_s5", 0 0, L_011d3d78;  1 drivers
v011cd5b8_0 .net *"_s6", 15 0, L_011d4198;  1 drivers
v011cd980_0 .net *"_s8", 31 0, L_011d4248;  1 drivers
v011cd718_0 .net "imm", 15 0, L_011d40e8;  alias, 1 drivers
L_011d4140 .cmp/eq 2, L_01211d40, L_011d64e0;
L_011d3d78 .part L_011d40e8, 15, 1;
LS_011d4198_0_0 .concat [ 1 1 1 1], L_011d3d78, L_011d3d78, L_011d3d78, L_011d3d78;
LS_011d4198_0_4 .concat [ 1 1 1 1], L_011d3d78, L_011d3d78, L_011d3d78, L_011d3d78;
LS_011d4198_0_8 .concat [ 1 1 1 1], L_011d3d78, L_011d3d78, L_011d3d78, L_011d3d78;
LS_011d4198_0_12 .concat [ 1 1 1 1], L_011d3d78, L_011d3d78, L_011d3d78, L_011d3d78;
L_011d4198 .concat [ 4 4 4 4], LS_011d4198_0_0, LS_011d4198_0_4, LS_011d4198_0_8, LS_011d4198_0_12;
L_011d4248 .concat [ 16 16 0 0], L_011d40e8, L_011d4198;
L_011d3d20 .cmp/eq 2, L_01211d40, L_011d6508;
L_011d3dd0 .concat [ 16 16 0 0], L_011d40e8, L_011d6530;
L_011d3c18 .cmp/eq 2, L_01211d40, L_011d6558;
L_011d44b0 .concat [ 16 16 0 0], L_011d6580, L_011d40e8;
L_011d3e80 .functor MUXZ 32, L_011d65a8, L_011d44b0, L_011d3c18, C4<>;
L_011d42f8 .functor MUXZ 32, L_011d3e80, L_011d3dd0, L_011d3d20, C4<>;
L_011d3ed8 .functor MUXZ 32, L_011d42f8, L_011d4248, L_011d4140, C4<>;
S_0123c8b8 .scope module, "u_D_GRF" "D_GRF" 2 142, 6 1 0, S_01180250;
 .timescale 0 0;
    .port_info 0 /INPUT 1 "clk"
    .port_info 1 /INPUT 1 "reset"
    .port_info 2 /INPUT 1 "WE"
    .port_info 3 /INPUT 5 "A1"
    .port_info 4 /INPUT 5 "A2"
    .port_info 5 /INPUT 5 "A3"
    .port_info 6 /INPUT 32 "WD3"
    .port_info 7 /INPUT 32 "pc"
    .port_info 8 /INPUT 32 "instr"
    .port_info 9 /OUTPUT 32 "RD1"
    .port_info 10 /OUTPUT 32 "RD2"
L_0117e680 .functor AND 1, L_011d4560, L_011d4350, C4<1>, C4<1>;
L_0117e758 .functor AND 1, L_0117e680, o011993ec, C4<1>, C4<1>;
L_0117e368 .functor AND 1, L_011d4458, L_011d3f88, C4<1>, C4<1>;
L_0117e3b0 .functor AND 1, L_0117e368, o011993ec, C4<1>, C4<1>;
v011cd928_0 .net "A1", 4 0, L_011d4508;  alias, 1 drivers
v011cd2a0_0 .net "A2", 4 0, L_011d41f0;  alias, 1 drivers
v011cd9d8_0 .net "A3", 4 0, L_0117e2d8;  alias, 1 drivers
v011cda30_0 .net "RD1", 31 0, L_011d42a0;  alias, 1 drivers
v011cd458_0 .net "RD2", 31 0, L_011d3cc8;  alias, 1 drivers
v011cda88_0 .net "WD3", 31 0, L_0117e320;  alias, 1 drivers
v011cd4b0_0 .net "WE", 0 0, o011993ec;  alias, 0 drivers
v011ccfe0_0 .net *"_s0", 0 0, L_011d4560;  1 drivers
v011cd2f8_0 .net *"_s10", 31 0, L_011d3e28;  1 drivers
v011cd038_0 .net *"_s12", 6 0, L_011d3f30;  1 drivers
L_011d65f8 .functor BUFT 1, C4<00>, C4<0>, C4<0>, C4<0>;
v011cd248_0 .net *"_s15", 1 0, L_011d65f8;  1 drivers
v011cd350_0 .net *"_s18", 0 0, L_011d4458;  1 drivers
L_011d65d0 .functor BUFT 1, C4<00000>, C4<0>, C4<0>, C4<0>;
v011cd3a8_0 .net/2u *"_s2", 4 0, L_011d65d0;  1 drivers
L_011d6620 .functor BUFT 1, C4<00000>, C4<0>, C4<0>, C4<0>;
v011cd508_0 .net/2u *"_s20", 4 0, L_011d6620;  1 drivers
v011cd560_0 .net *"_s22", 0 0, L_011d3f88;  1 drivers
v011d0788_0 .net *"_s24", 0 0, L_0117e368;  1 drivers
v011d0418_0 .net *"_s26", 0 0, L_0117e3b0;  1 drivers
v011d0260_0 .net *"_s28", 31 0, L_011d43a8;  1 drivers
v011d00a8_0 .net *"_s30", 6 0, L_011d45b8;  1 drivers
L_011d6648 .functor BUFT 1, C4<00>, C4<0>, C4<0>, C4<0>;
v011d02b8_0 .net *"_s33", 1 0, L_011d6648;  1 drivers
v011d0100_0 .net *"_s4", 0 0, L_011d4350;  1 drivers
v011d0368_0 .net *"_s6", 0 0, L_0117e680;  1 drivers
v011cfff8_0 .net *"_s8", 0 0, L_0117e758;  1 drivers
v011d0208_0 .net "clk", 0 0, o01199584;  alias, 0 drivers
v011d06d8 .array "grf_reg", 31 0, 31 0;
v011d0158_0 .var/i "i", 31 0;
v011d0520_0 .net "instr", 31 0, o011982dc;  alias, 0 drivers
v011d0578_0 .net "pc", 31 0, o011995b4;  alias, 0 drivers
v011d0310_0 .net "reset", 0 0, o011995cc;  alias, 0 drivers
E_01182f70 .event posedge, v011d0208_0;
L_011d4560 .cmp/eq 5, L_011d4508, L_0117e2d8;
L_011d4350 .cmp/ne 5, L_0117e2d8, L_011d65d0;
L_011d3e28 .array/port v011d06d8, L_011d3f30;
L_011d3f30 .concat [ 5 2 0 0], L_011d4508, L_011d65f8;
L_011d42a0 .functor MUXZ 32, L_011d3e28, L_0117e320, L_0117e758, C4<>;
L_011d4458 .cmp/eq 5, L_011d41f0, L_0117e2d8;
L_011d3f88 .cmp/ne 5, L_0117e2d8, L_011d6620;
L_011d43a8 .array/port v011d06d8, L_011d45b8;
L_011d45b8 .concat [ 5 2 0 0], L_011d41f0, L_011d6648;
L_011d3cc8 .functor MUXZ 32, L_011d43a8, L_0117e320, L_0117e3b0, C4<>;
S_01156bb0 .scope module, "u_D_NPC" "D_NPC" 2 106, 7 1 0, S_01180250;
 .timescale 0 0;
    .port_info 0 /INPUT 1 "reset"
    .port_info 1 /INPUT 32 "PC_D"
    .port_info 2 /INPUT 32 "PC_F"
    .port_info 3 /INPUT 1 "Branch_or_not"
    .port_info 4 /INPUT 32 "instr"
    .port_info 5 /INPUT 32 "Ext_out"
    .port_info 6 /INPUT 32 "RD1_D"
    .port_info 7 /INPUT 1 "Jump"
    .port_info 8 /INPUT 1 "Jr"
    .port_info 9 /INPUT 1 "Stall"
    .port_info 10 /OUTPUT 32 "NPC_D"
L_0117e8c0 .functor AND 1, L_011d4820, L_011d4878, C4<1>, C4<1>;
L_0117e7e8 .functor AND 1, L_0117e8c0, L_011d4928, C4<1>, C4<1>;
L_0117e830 .functor AND 1, L_011d5638, L_011d5480, C4<1>, C4<1>;
L_0117e878 .functor AND 1, L_0117e830, L_011d5428, C4<1>, C4<1>;
L_0117e518 .functor AND 1, L_011d58f8, L_011d5378, C4<1>, C4<1>;
L_0117e908 .functor AND 1, L_0117e518, L_011d59a8, C4<1>, C4<1>;
L_0117e638 .functor AND 1, L_011d5110, L_011d5168, C4<1>, C4<1>;
L_0117e6c8 .functor AND 1, L_0117e638, L_011d5588, C4<1>, C4<1>;
v011cfef0_0 .net "Branch_or_not", 0 0, L_011d4770;  alias, 1 drivers
v011d03c0_0 .net "Ext_out", 31 0, L_011d3ed8;  alias, 1 drivers
v011d0470_0 .net "Jr", 0 0, L_01212840;  alias, 1 drivers
v011d0680_0 .net "Jump", 0 0, L_012129a0;  alias, 1 drivers
v011d07e0_0 .net "NPC_D", 31 0, L_011d52c8;  alias, 1 drivers
v011d04c8_0 .net "PC_D", 31 0, o01199704;  alias, 0 drivers
v011d0838_0 .net "PC_F", 31 0, o0119971c;  alias, 0 drivers
v011cff48_0 .net "RD1_D", 31 0, L_011d4a30;  alias, 1 drivers
v011d05d0_0 .net "Stall", 0 0, o01199734;  alias, 0 drivers
v011d0628_0 .net *"_s0", 31 0, L_011d47c8;  1 drivers
v011d01b0_0 .net *"_s100", 31 0, L_011d5530;  1 drivers
L_011d6468 .functor BUFT 1, C4<0000000000000000000000000000000>, C4<0>, C4<0>, C4<0>;
v011d0730_0 .net *"_s103", 30 0, L_011d6468;  1 drivers
L_011d6490 .functor BUFT 1, C4<00000000000000000000000000000001>, C4<0>, C4<0>, C4<0>;
v011cffa0_0 .net/2u *"_s104", 31 0, L_011d6490;  1 drivers
v011d0050_0 .net *"_s106", 0 0, L_011d5168;  1 drivers
v011ce9f8_0 .net *"_s108", 0 0, L_0117e638;  1 drivers
L_011d61c0 .functor BUFT 1, C4<0000000000000000000000000000000>, C4<0>, C4<0>, C4<0>;
v011cec08_0 .net *"_s11", 30 0, L_011d61c0;  1 drivers
v011cf0d8_0 .net *"_s111", 0 0, L_011d5588;  1 drivers
v011ce8f0_0 .net *"_s112", 0 0, L_0117e6c8;  1 drivers
L_011d64b8 .functor BUFT 1, C4<00000000000000000000000000000100>, C4<0>, C4<0>, C4<0>;
v011ced68_0 .net/2u *"_s114", 31 0, L_011d64b8;  1 drivers
v011cec60_0 .net *"_s116", 31 0, L_011d51c0;  1 drivers
v011cefd0_0 .net *"_s118", 31 0, L_011d5320;  1 drivers
L_011d61e8 .functor BUFT 1, C4<00000000000000000000000000000000>, C4<0>, C4<0>, C4<0>;
v011ceb00_0 .net/2u *"_s12", 31 0, L_011d61e8;  1 drivers
v011cf130_0 .net *"_s120", 31 0, L_011d5218;  1 drivers
v011cf028_0 .net *"_s122", 31 0, L_011d5270;  1 drivers
v011cf080_0 .net *"_s14", 0 0, L_011d4878;  1 drivers
v011cecb8_0 .net *"_s16", 0 0, L_0117e8c0;  1 drivers
v011cf188_0 .net *"_s19", 0 0, L_011d4928;  1 drivers
v011ce948_0 .net *"_s20", 0 0, L_0117e7e8;  1 drivers
L_011d6210 .functor BUFT 1, C4<00000000000000000000000000000100>, C4<0>, C4<0>, C4<0>;
v011cf1e0_0 .net/2u *"_s22", 31 0, L_011d6210;  1 drivers
v011cf238_0 .net *"_s24", 31 0, L_011d57f0;  1 drivers
v011cf290_0 .net *"_s26", 31 0, L_011d56e8;  1 drivers
L_011d6238 .functor BUFT 1, C4<0000000000000000000000000000000>, C4<0>, C4<0>, C4<0>;
v011cedc0_0 .net *"_s29", 30 0, L_011d6238;  1 drivers
L_011d6170 .functor BUFT 1, C4<0000000000000000000000000000000>, C4<0>, C4<0>, C4<0>;
v011cee18_0 .net *"_s3", 30 0, L_011d6170;  1 drivers
L_011d6260 .functor BUFT 1, C4<00000000000000000000000000000001>, C4<0>, C4<0>, C4<0>;
v011cf2e8_0 .net/2u *"_s30", 31 0, L_011d6260;  1 drivers
v011ced10_0 .net *"_s32", 0 0, L_011d5638;  1 drivers
v011cf340_0 .net *"_s34", 31 0, L_011d53d0;  1 drivers
L_011d6288 .functor BUFT 1, C4<0000000000000000000000000000000>, C4<0>, C4<0>, C4<0>;
v011cee70_0 .net *"_s37", 30 0, L_011d6288;  1 drivers
L_011d62b0 .functor BUFT 1, C4<00000000000000000000000000000000>, C4<0>, C4<0>, C4<0>;
v011cf398_0 .net/2u *"_s38", 31 0, L_011d62b0;  1 drivers
L_011d6198 .functor BUFT 1, C4<00000000000000000000000000000000>, C4<0>, C4<0>, C4<0>;
v011ceec8_0 .net/2u *"_s4", 31 0, L_011d6198;  1 drivers
v011cea50_0 .net *"_s40", 0 0, L_011d5480;  1 drivers
v011cebb0_0 .net *"_s42", 0 0, L_0117e830;  1 drivers
v011cef20_0 .net *"_s45", 0 0, L_011d5428;  1 drivers
v011ce9a0_0 .net *"_s46", 0 0, L_0117e878;  1 drivers
L_011d62d8 .functor BUFT 1, C4<00000000000000000000000000000100>, C4<0>, C4<0>, C4<0>;
v011ceaa8_0 .net/2u *"_s48", 31 0, L_011d62d8;  1 drivers
v011ceb58_0 .net *"_s50", 31 0, L_011d5740;  1 drivers
v011cef78_0 .net *"_s52", 31 0, L_011d5690;  1 drivers
v011cf4a0_0 .net *"_s54", 29 0, L_011d55e0;  1 drivers
L_011d6300 .functor BUFT 1, C4<00>, C4<0>, C4<0>, C4<0>;
v011cf810_0 .net *"_s56", 1 0, L_011d6300;  1 drivers
v011cf4f8_0 .net *"_s58", 31 0, L_011d5848;  1 drivers
v011cfc30_0 .net *"_s6", 0 0, L_011d4820;  1 drivers
v011cfe98_0 .net *"_s60", 31 0, L_011d58a0;  1 drivers
L_011d6328 .functor BUFT 1, C4<0000000000000000000000000000000>, C4<0>, C4<0>, C4<0>;
v011cf658_0 .net *"_s63", 30 0, L_011d6328;  1 drivers
L_011d6350 .functor BUFT 1, C4<00000000000000000000000000000001>, C4<0>, C4<0>, C4<0>;
v011cf5a8_0 .net/2u *"_s64", 31 0, L_011d6350;  1 drivers
v011cfa78_0 .net *"_s66", 0 0, L_011d58f8;  1 drivers
v011cfbd8_0 .net *"_s68", 31 0, L_011d5950;  1 drivers
L_011d6378 .functor BUFT 1, C4<0000000000000000000000000000000>, C4<0>, C4<0>, C4<0>;
v011cfde8_0 .net *"_s71", 30 0, L_011d6378;  1 drivers
L_011d63a0 .functor BUFT 1, C4<00000000000000000000000000000000>, C4<0>, C4<0>, C4<0>;
v011cf6b0_0 .net/2u *"_s72", 31 0, L_011d63a0;  1 drivers
v011cf3f0_0 .net *"_s74", 0 0, L_011d5378;  1 drivers
v011cfa20_0 .net *"_s76", 0 0, L_0117e518;  1 drivers
v011cf9c8_0 .net *"_s79", 0 0, L_011d59a8;  1 drivers
v011cfc88_0 .net *"_s8", 31 0, L_011d49d8;  1 drivers
v011cf970_0 .net *"_s80", 0 0, L_0117e908;  1 drivers
v011cfad0_0 .net *"_s83", 3 0, L_011d54d8;  1 drivers
v011cf550_0 .net *"_s85", 25 0, L_011d5a00;  1 drivers
L_011d63c8 .functor BUFT 1, C4<0>, C4<0>, C4<0>, C4<0>;
v011cfb28_0 .net/2u *"_s86", 0 0, L_011d63c8;  1 drivers
L_011d63f0 .functor BUFT 1, C4<0>, C4<0>, C4<0>, C4<0>;
v011cfd90_0 .net/2u *"_s88", 0 0, L_011d63f0;  1 drivers
v011cfce0_0 .net *"_s90", 31 0, L_011d5a58;  1 drivers
v011cfd38_0 .net *"_s92", 31 0, L_011d5798;  1 drivers
L_011d6418 .functor BUFT 1, C4<0000000000000000000000000000000>, C4<0>, C4<0>, C4<0>;
v011cfe40_0 .net *"_s95", 30 0, L_011d6418;  1 drivers
L_011d6440 .functor BUFT 1, C4<00000000000000000000000000000001>, C4<0>, C4<0>, C4<0>;
v011cf448_0 .net/2u *"_s96", 31 0, L_011d6440;  1 drivers
v011cf600_0 .net *"_s98", 0 0, L_011d5110;  1 drivers
v011cfb80_0 .net "instr", 31 0, o011982dc;  alias, 0 drivers
v011cf708_0 .net "reset", 0 0, o011995cc;  alias, 0 drivers
L_011d47c8 .concat [ 1 31 0 0], L_011d4770, L_011d6170;
L_011d4820 .cmp/eq 32, L_011d47c8, L_011d6198;
L_011d49d8 .concat [ 1 31 0 0], L_012129a0, L_011d61c0;
L_011d4878 .cmp/eq 32, L_011d49d8, L_011d61e8;
L_011d4928 .reduce/nor o01199734;
L_011d57f0 .arith/sum 32, o0119971c, L_011d6210;
L_011d56e8 .concat [ 1 31 0 0], L_011d4770, L_011d6238;
L_011d5638 .cmp/eq 32, L_011d56e8, L_011d6260;
L_011d53d0 .concat [ 1 31 0 0], L_012129a0, L_011d6288;
L_011d5480 .cmp/eq 32, L_011d53d0, L_011d62b0;
L_011d5428 .reduce/nor o01199734;
L_011d5740 .arith/sum 32, o01199704, L_011d62d8;
L_011d55e0 .part L_011d3ed8, 0, 30;
L_011d5690 .concat [ 2 30 0 0], L_011d6300, L_011d55e0;
L_011d5848 .arith/sum 32, L_011d5740, L_011d5690;
L_011d58a0 .concat [ 1 31 0 0], L_012129a0, L_011d6328;
L_011d58f8 .cmp/eq 32, L_011d58a0, L_011d6350;
L_011d5950 .concat [ 1 31 0 0], L_01212840, L_011d6378;
L_011d5378 .cmp/eq 32, L_011d5950, L_011d63a0;
L_011d59a8 .reduce/nor o01199734;
L_011d54d8 .part o01199704, 28, 4;
L_011d5a00 .part o011982dc, 0, 26;
L_011d5a58 .concat [ 1 1 26 4], L_011d63f0, L_011d63c8, L_011d5a00, L_011d54d8;
L_011d5798 .concat [ 1 31 0 0], L_012129a0, L_011d6418;
L_011d5110 .cmp/eq 32, L_011d5798, L_011d6440;
L_011d5530 .concat [ 1 31 0 0], L_01212840, L_011d6468;
L_011d5168 .cmp/eq 32, L_011d5530, L_011d6490;
L_011d5588 .reduce/nor o01199734;
L_011d51c0 .arith/sub 32, o0119971c, L_011d64b8;
L_011d5320 .functor MUXZ 32, L_011d51c0, L_011d4a30, L_0117e6c8, C4<>;
L_011d5218 .functor MUXZ 32, L_011d5320, L_011d5a58, L_0117e908, C4<>;
L_011d5270 .functor MUXZ 32, L_011d5218, L_011d5848, L_0117e878, C4<>;
L_011d52c8 .functor MUXZ 32, L_011d5270, L_011d57f0, L_0117e7e8, C4<>;
    .scope S_0123c8b8;
T_0 ;
    %pushi/vec4 0, 0, 32;
    %store/vec4 v011d0158_0, 0, 32;
T_0.0 ;
    %load/vec4 v011d0158_0;
    %cmpi/s 31, 0, 32;
    %jmp/0xz T_0.1, 5;
    %pushi/vec4 0, 0, 32;
    %ix/getv/s 3, v011d0158_0;
    %ix/load 4, 0, 0; Constant delay
    %assign/vec4/a/d v011d06d8, 0, 4;
    %load/vec4 v011d0158_0;
    %addi 1, 0, 32;
    %store/vec4 v011d0158_0, 0, 32;
    %jmp T_0.0;
T_0.1 ;
    %end;
    .thread T_0;
    .scope S_0123c8b8;
T_1 ;
    %wait E_01182f70;
    %load/vec4 v011d0310_0;
    %flag_set/vec4 8;
    %jmp/0xz  T_1.0, 8;
    %pushi/vec4 0, 0, 32;
    %store/vec4 v011d0158_0, 0, 32;
T_1.2 ;
    %load/vec4 v011d0158_0;
    %cmpi/s 31, 0, 32;
    %jmp/0xz T_1.3, 5;
    %pushi/vec4 0, 0, 32;
    %ix/getv/s 3, v011d0158_0;
    %ix/load 4, 0, 0; Constant delay
    %assign/vec4/a/d v011d06d8, 0, 4;
    %load/vec4 v011d0158_0;
    %addi 1, 0, 32;
    %store/vec4 v011d0158_0, 0, 32;
    %jmp T_1.2;
T_1.3 ;
    %jmp T_1.1;
T_1.0 ;
    %load/vec4 v011cd4b0_0;
    %load/vec4 v011cd9d8_0;
    %pushi/vec4 0, 0, 5;
    %cmp/e;
    %flag_get/vec4 4;
    %inv;
    %and;
    %flag_set/vec4 8;
    %jmp/0xz  T_1.4, 8;
    %load/vec4 v011cda88_0;
    %load/vec4 v011cd9d8_0;
    %pad/u 7;
    %ix/vec4 3;
    %ix/load 4, 0, 0; Constant delay
    %assign/vec4/a/d v011d06d8, 0, 4;
    %vpi_call 6 32 "$display", "%d@%h: $%d <= %h", $time, v011d0578_0, v011cd9d8_0, v011cda88_0 {0 0 0};
T_1.4 ;
T_1.1 ;
    %jmp T_1;
    .thread T_1;
# The file index is used to find the file name in the following table.
:file_names 8;
    "N/A";
    "<interactive>";
    "D.v";
    "././D_CMP.v";
    "././D_CU.v";
    "././D_EXT.v";
    "././D_GRF.v";
    "././D_NPC.v";
