#! c:/iverilog-x86/bin/vvp
:ivl_version "10.0 (stable)" "(v10_0)";
:ivl_delay_selection "TYPICAL";
:vpi_time_precision + 0;
:vpi_module "system";
:vpi_module "vhdl_sys";
:vpi_module "v2005_math";
:vpi_module "va_math";
S_012d3ed0 .scope module, "D_CMP" "D_CMP" 2 11;
 .timescale 0 0;
    .port_info 0 /INPUT 32 "left"
    .port_info 1 /INPUT 32 "right"
    .port_info 2 /INPUT 32 "instr"
    .port_info 3 /INPUT 1 "Branch"
    .port_info 4 /OUTPUT 1 "Branch_or_not"
o02c51ff4 .functor BUFZ 1, C4<z>; HiZ drive
L_02c7e1e0 .functor AND 1, o02c51ff4, L_02c7e188, C4<1>, C4<1>;
v012d3fa0_0 .net "Branch", 0 0, o02c51ff4;  0 drivers
v012d3ff8_0 .net "Branch_or_not", 0 0, L_02ca6238;  1 drivers
v012d4050_0 .net *"_s0", 0 0, L_02c7e188;  1 drivers
v012deea8_0 .net *"_s2", 0 0, L_02c7e1e0;  1 drivers
L_02c7e230 .functor BUFT 1, C4<1>, C4<0>, C4<0>, C4<0>;
v012def00_0 .net/2u *"_s4", 0 0, L_02c7e230;  1 drivers
L_02c7e258 .functor BUFT 1, C4<0>, C4<0>, C4<0>, C4<0>;
v012def58_0 .net/2u *"_s6", 0 0, L_02c7e258;  1 drivers
o02c52084 .functor BUFZ 32, C4<zzzzzzzzzzzzzzzzzzzzzzzzzzzzzzzz>; HiZ drive
v02c7e038_0 .net "instr", 31 0, o02c52084;  0 drivers
o02c5209c .functor BUFZ 32, C4<zzzzzzzzzzzzzzzzzzzzzzzzzzzzzzzz>; HiZ drive
v02c7e090_0 .net "left", 31 0, o02c5209c;  0 drivers
o02c520b4 .functor BUFZ 32, C4<zzzzzzzzzzzzzzzzzzzzzzzzzzzzzzzz>; HiZ drive
v02c7e0e8_0 .net "right", 31 0, o02c520b4;  0 drivers
L_02c7e188 .cmp/eq 32, o02c5209c, o02c520b4;
L_02ca6238 .functor MUXZ 1, L_02c7e258, L_02c7e230, L_02c7e1e0, C4<>;
# The file index is used to find the file name in the following table.
:file_names 3;
    "N/A";
    "<interactive>";
    "D_CMP.v";
