#! c:/iverilog-x86/bin/vvp
:ivl_version "10.0 (stable)" "(v10_0)";
:ivl_delay_selection "TYPICAL";
:vpi_time_precision + 0;
:vpi_module "system";
:vpi_module "vhdl_sys";
:vpi_module "v2005_math";
:vpi_module "va_math";
S_02cb0800 .scope module, "D_CU" "D_CU" 2 38;
 .timescale 0 0;
    .port_info 0 /INPUT 6 "opcode"
    .port_info 1 /INPUT 6 "func"
    .port_info 2 /INPUT 32 "instr"
    .port_info 3 /OUTPUT 1 "RegWrite"
    .port_info 4 /OUTPUT 2 "ExtSel"
    .port_info 5 /OUTPUT 2 "RegDst"
    .port_info 6 /OUTPUT 2 "WriteSel"
    .port_info 7 /OUTPUT 1 "ALUSrc"
    .port_info 8 /OUTPUT 4 "ALUCtrl"
    .port_info 9 /OUTPUT 1 "Branch"
    .port_info 10 /OUTPUT 1 "MemWrite"
    .port_info 11 /OUTPUT 1 "MemtoReg"
    .port_info 12 /OUTPUT 1 "Jump"
    .port_info 13 /OUTPUT 1 "Jr"
L_02ce7da0 .functor AND 1, L_02cef370, L_02cef3c8, C4<1>, C4<1>;
L_02ce7de8 .functor AND 1, L_02cef0b0, L_02cef268, C4<1>, C4<1>;
L_02ce7f08 .functor OR 1, L_02ce7da0, L_02ce7de8, C4<0>, C4<0>;
L_02ce82b0 .functor OR 1, L_02ce7f08, L_02cef420, C4<0>, C4<0>;
L_02ce82f8 .functor OR 1, L_02ce82b0, L_02cef000, C4<0>, C4<0>;
L_02ce7cc8 .functor OR 1, L_02ce82f8, L_02cef058, C4<0>, C4<0>;
L_02ce7e78 .functor OR 1, L_02ce7cc8, L_02cef318, C4<0>, C4<0>;
L_02ce7d10 .functor OR 1, L_02d29438, L_02d294e8, C4<0>, C4<0>;
L_02ce7e30 .functor OR 1, L_02ce7d10, L_02d29540, C4<0>, C4<0>;
L_02ce8340 .functor AND 1, L_02d291d0, L_02d289e8, C4<1>, C4<1>;
L_02ce7d58 .functor OR 1, L_02d28b48, L_02ce8340, C4<0>, C4<0>;
L_02ce7ec0 .functor AND 1, L_02d28eb8, L_02d28af0, C4<1>, C4<1>;
L_02ce8148 .functor OR 1, L_02d28e60, L_02ce7ec0, C4<0>, C4<0>;
L_02ce7f50 .functor AND 1, L_02d28fc0, L_02d28938, C4<1>, C4<1>;
L_02ce83d0 .functor OR 1, L_02d288e0, L_02ce7f50, C4<0>, C4<0>;
L_02ce8190 .functor AND 1, L_02d292d8, L_02d28990, C4<1>, C4<1>;
v02cafa98_0 .net "ALUCtrl", 3 0, L_02d28f10;  1 drivers
v02caf7d8_0 .net "ALUOp", 1 0, L_02d29330;  1 drivers
v02caf830_0 .net "ALUSrc", 0 0, L_02d29598;  1 drivers
v02caf990_0 .net "Branch", 0 0, L_02d29388;  1 drivers
v02cafa40_0 .net "ExtSel", 1 0, L_02d296a0;  1 drivers
v02caf938_0 .net "Jr", 0 0, L_02d29070;  1 drivers
v02caf888_0 .net "Jump", 0 0, L_02d29018;  1 drivers
v02caf8e0_0 .net "MemWrite", 0 0, L_02d28e08;  1 drivers
v02caf9e8_0 .net "MemtoReg", 0 0, L_02d29228;  1 drivers
v02ce8e88_0 .net "RegDst", 1 0, L_02d29800;  1 drivers
v02ce8648_0 .net "RegWrite", 0 0, L_02cef108;  1 drivers
v02ce84e8_0 .net "WriteSel", 1 0, L_02d293e0;  1 drivers
L_02cf0098 .functor BUFT 1, C4<000000>, C4<0>, C4<0>, C4<0>;
v02ce8e30_0 .net/2u *"_s0", 5 0, L_02cf0098;  1 drivers
L_02cf00e8 .functor BUFT 1, C4<000000>, C4<0>, C4<0>, C4<0>;
v02ce8cd0_0 .net/2u *"_s10", 5 0, L_02cf00e8;  1 drivers
L_02cf0458 .functor BUFT 1, C4<00>, C4<0>, C4<0>, C4<0>;
v02ce8f38_0 .net/2u *"_s100", 1 0, L_02cf0458;  1 drivers
v02ce85f0_0 .net *"_s102", 1 0, L_02d29490;  1 drivers
L_02cf0480 .functor BUFT 1, C4<001101>, C4<0>, C4<0>, C4<0>;
v02ce89b8_0 .net/2u *"_s106", 5 0, L_02cf0480;  1 drivers
v02ce8ac0_0 .net *"_s108", 0 0, L_02d29438;  1 drivers
L_02cf04a8 .functor BUFT 1, C4<100011>, C4<0>, C4<0>, C4<0>;
v02ce8d28_0 .net/2u *"_s110", 5 0, L_02cf04a8;  1 drivers
v02ce8bc8_0 .net *"_s112", 0 0, L_02d294e8;  1 drivers
v02ce86a0_0 .net *"_s114", 0 0, L_02ce7d10;  1 drivers
L_02cf04d0 .functor BUFT 1, C4<101011>, C4<0>, C4<0>, C4<0>;
v02ce8a10_0 .net/2u *"_s116", 5 0, L_02cf04d0;  1 drivers
v02ce8a68_0 .net *"_s118", 0 0, L_02d29540;  1 drivers
v02ce8b70_0 .net *"_s12", 0 0, L_02cef0b0;  1 drivers
v02ce86f8_0 .net *"_s120", 0 0, L_02ce7e30;  1 drivers
L_02cf04f8 .functor BUFT 1, C4<1>, C4<0>, C4<0>, C4<0>;
v02ce8c20_0 .net/2u *"_s122", 0 0, L_02cf04f8;  1 drivers
L_02cf0520 .functor BUFT 1, C4<0>, C4<0>, C4<0>, C4<0>;
v02ce8960_0 .net/2u *"_s124", 0 0, L_02cf0520;  1 drivers
L_02cf0548 .functor BUFT 1, C4<001101>, C4<0>, C4<0>, C4<0>;
v02ce8b18_0 .net/2u *"_s128", 5 0, L_02cf0548;  1 drivers
v02ce8c78_0 .net *"_s130", 0 0, L_02d29648;  1 drivers
L_02cf0570 .functor BUFT 1, C4<11>, C4<0>, C4<0>, C4<0>;
v02ce8d80_0 .net/2u *"_s132", 1 0, L_02cf0570;  1 drivers
L_02cf0598 .functor BUFT 1, C4<000000>, C4<0>, C4<0>, C4<0>;
v02ce8dd8_0 .net/2u *"_s134", 5 0, L_02cf0598;  1 drivers
v02ce8ee0_0 .net *"_s136", 0 0, L_02d28a40;  1 drivers
L_02cf05c0 .functor BUFT 1, C4<10>, C4<0>, C4<0>, C4<0>;
v02ce8490_0 .net/2u *"_s138", 1 0, L_02cf05c0;  1 drivers
L_02cf0110 .functor BUFT 1, C4<000000>, C4<0>, C4<0>, C4<0>;
v02ce8800_0 .net/2u *"_s14", 5 0, L_02cf0110;  1 drivers
L_02cf05e8 .functor BUFT 1, C4<000100>, C4<0>, C4<0>, C4<0>;
v02ce8540_0 .net/2u *"_s140", 5 0, L_02cf05e8;  1 drivers
v02ce8598_0 .net *"_s142", 0 0, L_02d28db0;  1 drivers
L_02cf0610 .functor BUFT 1, C4<01>, C4<0>, C4<0>, C4<0>;
v02ce8750_0 .net/2u *"_s144", 1 0, L_02cf0610;  1 drivers
L_02cf0638 .functor BUFT 1, C4<00>, C4<0>, C4<0>, C4<0>;
v02ce87a8_0 .net/2u *"_s146", 1 0, L_02cf0638;  1 drivers
v02ce8858_0 .net *"_s148", 1 0, L_02d28a98;  1 drivers
v02ce88b0_0 .net *"_s150", 1 0, L_02d290c8;  1 drivers
L_02cf0660 .functor BUFT 1, C4<00>, C4<0>, C4<0>, C4<0>;
v02ce8908_0 .net/2u *"_s154", 1 0, L_02cf0660;  1 drivers
v02ce9358_0 .net *"_s156", 0 0, L_02d28b48;  1 drivers
L_02cf0688 .functor BUFT 1, C4<10>, C4<0>, C4<0>, C4<0>;
v02ce92a8_0 .net/2u *"_s158", 1 0, L_02cf0688;  1 drivers
v02ce90f0_0 .net *"_s16", 0 0, L_02cef268;  1 drivers
v02ce9300_0 .net *"_s160", 0 0, L_02d291d0;  1 drivers
L_02cf06b0 .functor BUFT 1, C4<100000>, C4<0>, C4<0>, C4<0>;
v02ce91f8_0 .net/2u *"_s162", 5 0, L_02cf06b0;  1 drivers
v02ce9098_0 .net *"_s164", 0 0, L_02d289e8;  1 drivers
v02ce8f90_0 .net *"_s166", 0 0, L_02ce8340;  1 drivers
v02ce9148_0 .net *"_s168", 0 0, L_02ce7d58;  1 drivers
L_02cf06d8 .functor BUFT 1, C4<0010>, C4<0>, C4<0>, C4<0>;
v02ce9250_0 .net/2u *"_s170", 3 0, L_02cf06d8;  1 drivers
L_02cf0700 .functor BUFT 1, C4<01>, C4<0>, C4<0>, C4<0>;
v02ce91a0_0 .net/2u *"_s172", 1 0, L_02cf0700;  1 drivers
v02ce93b0_0 .net *"_s174", 0 0, L_02d28e60;  1 drivers
L_02cf0728 .functor BUFT 1, C4<10>, C4<0>, C4<0>, C4<0>;
v02ce9408_0 .net/2u *"_s176", 1 0, L_02cf0728;  1 drivers
v02ce8fe8_0 .net *"_s178", 0 0, L_02d28eb8;  1 drivers
v02ce9040_0 .net *"_s18", 0 0, L_02ce7de8;  1 drivers
L_02cf0750 .functor BUFT 1, C4<100010>, C4<0>, C4<0>, C4<0>;
v02ce9e90_0 .net/2u *"_s180", 5 0, L_02cf0750;  1 drivers
v02ce9548_0 .net *"_s182", 0 0, L_02d28af0;  1 drivers
v02ce9ac8_0 .net *"_s184", 0 0, L_02ce7ec0;  1 drivers
v02ce9a18_0 .net *"_s186", 0 0, L_02ce8148;  1 drivers
L_02cf0778 .functor BUFT 1, C4<0110>, C4<0>, C4<0>, C4<0>;
v02ce9650_0 .net/2u *"_s188", 3 0, L_02cf0778;  1 drivers
L_02cf07a0 .functor BUFT 1, C4<0001>, C4<0>, C4<0>, C4<0>;
v02ce9ee8_0 .net/2u *"_s190", 3 0, L_02cf07a0;  1 drivers
v02ce9b78_0 .net *"_s192", 3 0, L_02d28ca8;  1 drivers
L_02cf07c8 .functor BUFT 1, C4<000100>, C4<0>, C4<0>, C4<0>;
v02ce9f40_0 .net/2u *"_s196", 5 0, L_02cf07c8;  1 drivers
v02ce9808_0 .net *"_s198", 0 0, L_02d28d58;  1 drivers
v02ce9de0_0 .net *"_s2", 0 0, L_02cef370;  1 drivers
v02ce9e38_0 .net *"_s20", 0 0, L_02ce7f08;  1 drivers
L_02cf07f0 .functor BUFT 1, C4<1>, C4<0>, C4<0>, C4<0>;
v02ce9758_0 .net/2u *"_s200", 0 0, L_02cf07f0;  1 drivers
L_02cf0818 .functor BUFT 1, C4<0>, C4<0>, C4<0>, C4<0>;
v02ce9910_0 .net/2u *"_s202", 0 0, L_02cf0818;  1 drivers
L_02cf0840 .functor BUFT 1, C4<101011>, C4<0>, C4<0>, C4<0>;
v02ce9b20_0 .net/2u *"_s206", 5 0, L_02cf0840;  1 drivers
v02ce9498_0 .net *"_s208", 0 0, L_02d29280;  1 drivers
L_02cf0868 .functor BUFT 1, C4<1>, C4<0>, C4<0>, C4<0>;
v02ce94f0_0 .net/2u *"_s210", 0 0, L_02cf0868;  1 drivers
L_02cf0890 .functor BUFT 1, C4<0>, C4<0>, C4<0>, C4<0>;
v02ce97b0_0 .net/2u *"_s212", 0 0, L_02cf0890;  1 drivers
L_02cf08b8 .functor BUFT 1, C4<100011>, C4<0>, C4<0>, C4<0>;
v02ce95a0_0 .net/2u *"_s216", 5 0, L_02cf08b8;  1 drivers
v02ce9860_0 .net *"_s218", 0 0, L_02d28f68;  1 drivers
L_02cf0138 .functor BUFT 1, C4<001101>, C4<0>, C4<0>, C4<0>;
v02ce98b8_0 .net/2u *"_s22", 5 0, L_02cf0138;  1 drivers
L_02cf08e0 .functor BUFT 1, C4<1>, C4<0>, C4<0>, C4<0>;
v02ce95f8_0 .net/2u *"_s220", 0 0, L_02cf08e0;  1 drivers
L_02cf0908 .functor BUFT 1, C4<0>, C4<0>, C4<0>, C4<0>;
v02ce9968_0 .net/2u *"_s222", 0 0, L_02cf0908;  1 drivers
L_02cf0930 .functor BUFT 1, C4<000011>, C4<0>, C4<0>, C4<0>;
v02ce9c28_0 .net/2u *"_s226", 5 0, L_02cf0930;  1 drivers
v02ce96a8_0 .net *"_s228", 0 0, L_02d288e0;  1 drivers
L_02cf0958 .functor BUFT 1, C4<000000>, C4<0>, C4<0>, C4<0>;
v02ce9700_0 .net/2u *"_s230", 5 0, L_02cf0958;  1 drivers
v02ce99c0_0 .net *"_s232", 0 0, L_02d28fc0;  1 drivers
L_02cf0980 .functor BUFT 1, C4<001000>, C4<0>, C4<0>, C4<0>;
v02ce9a70_0 .net/2u *"_s234", 5 0, L_02cf0980;  1 drivers
v02ce9bd0_0 .net *"_s236", 0 0, L_02d28938;  1 drivers
v02ce9c80_0 .net *"_s238", 0 0, L_02ce7f50;  1 drivers
v02ce9cd8_0 .net *"_s24", 0 0, L_02cef420;  1 drivers
v02ce9d30_0 .net *"_s240", 0 0, L_02ce83d0;  1 drivers
L_02cf09a8 .functor BUFT 1, C4<1>, C4<0>, C4<0>, C4<0>;
v02ce9d88_0 .net/2u *"_s242", 0 0, L_02cf09a8;  1 drivers
L_02cf09d0 .functor BUFT 1, C4<0>, C4<0>, C4<0>, C4<0>;
v02cea258_0 .net/2u *"_s244", 0 0, L_02cf09d0;  1 drivers
L_02cf09f8 .functor BUFT 1, C4<000000>, C4<0>, C4<0>, C4<0>;
v02cea410_0 .net/2u *"_s248", 5 0, L_02cf09f8;  1 drivers
v02cea0f8_0 .net *"_s250", 0 0, L_02d292d8;  1 drivers
L_02cf0a20 .functor BUFT 1, C4<001000>, C4<0>, C4<0>, C4<0>;
v02cea3b8_0 .net/2u *"_s252", 5 0, L_02cf0a20;  1 drivers
v02cea150_0 .net *"_s254", 0 0, L_02d28990;  1 drivers
v02cea308_0 .net *"_s256", 0 0, L_02ce8190;  1 drivers
L_02cf0a48 .functor BUFT 1, C4<1>, C4<0>, C4<0>, C4<0>;
v02cea1a8_0 .net/2u *"_s258", 0 0, L_02cf0a48;  1 drivers
v02cea2b0_0 .net *"_s26", 0 0, L_02ce82b0;  1 drivers
L_02cf0a70 .functor BUFT 1, C4<0>, C4<0>, C4<0>, C4<0>;
v02ce9f98_0 .net/2u *"_s260", 0 0, L_02cf0a70;  1 drivers
L_02cf0160 .functor BUFT 1, C4<100011>, C4<0>, C4<0>, C4<0>;
v02ce9ff0_0 .net/2u *"_s28", 5 0, L_02cf0160;  1 drivers
v02cea200_0 .net *"_s30", 0 0, L_02cef000;  1 drivers
v02cea360_0 .net *"_s32", 0 0, L_02ce82f8;  1 drivers
L_02cf0188 .functor BUFT 1, C4<001111>, C4<0>, C4<0>, C4<0>;
v02cea048_0 .net/2u *"_s34", 5 0, L_02cf0188;  1 drivers
v02cea0a0_0 .net *"_s36", 0 0, L_02cef058;  1 drivers
v02ceebe0_0 .net *"_s38", 0 0, L_02ce7cc8;  1 drivers
L_02cf00c0 .functor BUFT 1, C4<001000>, C4<0>, C4<0>, C4<0>;
v02cee920_0 .net/2u *"_s4", 5 0, L_02cf00c0;  1 drivers
L_02cf01b0 .functor BUFT 1, C4<000011>, C4<0>, C4<0>, C4<0>;
v02ceead8_0 .net/2u *"_s40", 5 0, L_02cf01b0;  1 drivers
v02cee7c0_0 .net *"_s42", 0 0, L_02cef318;  1 drivers
v02ceeef8_0 .net *"_s44", 0 0, L_02ce7e78;  1 drivers
L_02cf01d8 .functor BUFT 1, C4<1>, C4<0>, C4<0>, C4<0>;
v02ceedf0_0 .net/2u *"_s46", 0 0, L_02cf01d8;  1 drivers
L_02cf0200 .functor BUFT 1, C4<0>, C4<0>, C4<0>, C4<0>;
v02cee978_0 .net/2u *"_s48", 0 0, L_02cf0200;  1 drivers
L_02cf0228 .functor BUFT 1, C4<001111>, C4<0>, C4<0>, C4<0>;
v02ceec38_0 .net/2u *"_s52", 5 0, L_02cf0228;  1 drivers
v02ceed98_0 .net *"_s54", 0 0, L_02cef160;  1 drivers
L_02cf0250 .functor BUFT 1, C4<10>, C4<0>, C4<0>, C4<0>;
v02cee9d0_0 .net/2u *"_s56", 1 0, L_02cf0250;  1 drivers
L_02cf0278 .functor BUFT 1, C4<001101>, C4<0>, C4<0>, C4<0>;
v02ceec90_0 .net/2u *"_s58", 5 0, L_02cf0278;  1 drivers
v02ceea28_0 .net *"_s6", 0 0, L_02cef3c8;  1 drivers
v02ceef50_0 .net *"_s60", 0 0, L_02cef1b8;  1 drivers
L_02cf02a0 .functor BUFT 1, C4<01>, C4<0>, C4<0>, C4<0>;
v02ceed40_0 .net/2u *"_s62", 1 0, L_02cf02a0;  1 drivers
L_02cf02c8 .functor BUFT 1, C4<00>, C4<0>, C4<0>, C4<0>;
v02ceea80_0 .net/2u *"_s64", 1 0, L_02cf02c8;  1 drivers
v02ceece8_0 .net *"_s66", 1 0, L_02cef2c0;  1 drivers
L_02cf02f0 .functor BUFT 1, C4<000011>, C4<0>, C4<0>, C4<0>;
v02cee558_0 .net/2u *"_s70", 5 0, L_02cf02f0;  1 drivers
v02ceeb30_0 .net *"_s72", 0 0, L_02d296f8;  1 drivers
L_02cf0318 .functor BUFT 1, C4<10>, C4<0>, C4<0>, C4<0>;
v02cee4a8_0 .net/2u *"_s74", 1 0, L_02cf0318;  1 drivers
L_02cf0340 .functor BUFT 1, C4<000000>, C4<0>, C4<0>, C4<0>;
v02ceee48_0 .net/2u *"_s76", 5 0, L_02cf0340;  1 drivers
v02ceeea0_0 .net *"_s78", 0 0, L_02d29750;  1 drivers
v02cee500_0 .net *"_s8", 0 0, L_02ce7da0;  1 drivers
L_02cf0368 .functor BUFT 1, C4<01>, C4<0>, C4<0>, C4<0>;
v02ceeb88_0 .net/2u *"_s80", 1 0, L_02cf0368;  1 drivers
L_02cf0390 .functor BUFT 1, C4<00>, C4<0>, C4<0>, C4<0>;
v02cee5b0_0 .net/2u *"_s82", 1 0, L_02cf0390;  1 drivers
v02cee608_0 .net *"_s84", 1 0, L_02d297a8;  1 drivers
L_02cf03b8 .functor BUFT 1, C4<000011>, C4<0>, C4<0>, C4<0>;
v02cee768_0 .net/2u *"_s88", 5 0, L_02cf03b8;  1 drivers
v02cee8c8_0 .net *"_s90", 0 0, L_02d295f0;  1 drivers
L_02cf03e0 .functor BUFT 1, C4<10>, C4<0>, C4<0>, C4<0>;
v02cee660_0 .net/2u *"_s92", 1 0, L_02cf03e0;  1 drivers
L_02cf0408 .functor BUFT 1, C4<001111>, C4<0>, C4<0>, C4<0>;
v02cee6b8_0 .net/2u *"_s94", 5 0, L_02cf0408;  1 drivers
v02cee710_0 .net *"_s96", 0 0, L_02d29858;  1 drivers
L_02cf0430 .functor BUFT 1, C4<01>, C4<0>, C4<0>, C4<0>;
v02cee818_0 .net/2u *"_s98", 1 0, L_02cf0430;  1 drivers
o02cb8044 .functor BUFZ 6, C4<zzzzzz>; HiZ drive
v02cee870_0 .net "func", 5 0, o02cb8044;  0 drivers
o02cb805c .functor BUFZ 32, C4<zzzzzzzzzzzzzzzzzzzzzzzzzzzzzzzz>; HiZ drive
v02cef210_0 .net "instr", 31 0, o02cb805c;  0 drivers
o02cb8074 .functor BUFZ 6, C4<zzzzzz>; HiZ drive
v02ceefa8_0 .net "opcode", 5 0, o02cb8074;  0 drivers
L_02cef370 .cmp/eq 6, o02cb8074, L_02cf0098;
L_02cef3c8 .cmp/ne 6, o02cb8044, L_02cf00c0;
L_02cef0b0 .cmp/eq 6, o02cb8074, L_02cf00e8;
L_02cef268 .cmp/ne 6, o02cb8044, L_02cf0110;
L_02cef420 .cmp/eq 6, o02cb8074, L_02cf0138;
L_02cef000 .cmp/eq 6, o02cb8074, L_02cf0160;
L_02cef058 .cmp/eq 6, o02cb8074, L_02cf0188;
L_02cef318 .cmp/eq 6, o02cb8074, L_02cf01b0;
L_02cef108 .functor MUXZ 1, L_02cf0200, L_02cf01d8, L_02ce7e78, C4<>;
L_02cef160 .cmp/eq 6, o02cb8074, L_02cf0228;
L_02cef1b8 .cmp/eq 6, o02cb8074, L_02cf0278;
L_02cef2c0 .functor MUXZ 2, L_02cf02c8, L_02cf02a0, L_02cef1b8, C4<>;
L_02d296a0 .functor MUXZ 2, L_02cef2c0, L_02cf0250, L_02cef160, C4<>;
L_02d296f8 .cmp/eq 6, o02cb8074, L_02cf02f0;
L_02d29750 .cmp/eq 6, o02cb8074, L_02cf0340;
L_02d297a8 .functor MUXZ 2, L_02cf0390, L_02cf0368, L_02d29750, C4<>;
L_02d29800 .functor MUXZ 2, L_02d297a8, L_02cf0318, L_02d296f8, C4<>;
L_02d295f0 .cmp/eq 6, o02cb8074, L_02cf03b8;
L_02d29858 .cmp/eq 6, o02cb8074, L_02cf0408;
L_02d29490 .functor MUXZ 2, L_02cf0458, L_02cf0430, L_02d29858, C4<>;
L_02d293e0 .functor MUXZ 2, L_02d29490, L_02cf03e0, L_02d295f0, C4<>;
L_02d29438 .cmp/eq 6, o02cb8074, L_02cf0480;
L_02d294e8 .cmp/eq 6, o02cb8074, L_02cf04a8;
L_02d29540 .cmp/eq 6, o02cb8074, L_02cf04d0;
L_02d29598 .functor MUXZ 1, L_02cf0520, L_02cf04f8, L_02ce7e30, C4<>;
L_02d29648 .cmp/eq 6, o02cb8074, L_02cf0548;
L_02d28a40 .cmp/eq 6, o02cb8074, L_02cf0598;
L_02d28db0 .cmp/eq 6, o02cb8074, L_02cf05e8;
L_02d28a98 .functor MUXZ 2, L_02cf0638, L_02cf0610, L_02d28db0, C4<>;
L_02d290c8 .functor MUXZ 2, L_02d28a98, L_02cf05c0, L_02d28a40, C4<>;
L_02d29330 .functor MUXZ 2, L_02d290c8, L_02cf0570, L_02d29648, C4<>;
L_02d28b48 .cmp/eq 2, L_02d29330, L_02cf0660;
L_02d291d0 .cmp/eq 2, L_02d29330, L_02cf0688;
L_02d289e8 .cmp/eq 6, o02cb8044, L_02cf06b0;
L_02d28e60 .cmp/eq 2, L_02d29330, L_02cf0700;
L_02d28eb8 .cmp/eq 2, L_02d29330, L_02cf0728;
L_02d28af0 .cmp/eq 6, o02cb8044, L_02cf0750;
L_02d28ca8 .functor MUXZ 4, L_02cf07a0, L_02cf0778, L_02ce8148, C4<>;
L_02d28f10 .functor MUXZ 4, L_02d28ca8, L_02cf06d8, L_02ce7d58, C4<>;
L_02d28d58 .cmp/eq 6, o02cb8074, L_02cf07c8;
L_02d29388 .functor MUXZ 1, L_02cf0818, L_02cf07f0, L_02d28d58, C4<>;
L_02d29280 .cmp/eq 6, o02cb8074, L_02cf0840;
L_02d28e08 .functor MUXZ 1, L_02cf0890, L_02cf0868, L_02d29280, C4<>;
L_02d28f68 .cmp/eq 6, o02cb8074, L_02cf08b8;
L_02d29228 .functor MUXZ 1, L_02cf0908, L_02cf08e0, L_02d28f68, C4<>;
L_02d288e0 .cmp/eq 6, o02cb8074, L_02cf0930;
L_02d28fc0 .cmp/eq 6, o02cb8074, L_02cf0958;
L_02d28938 .cmp/eq 6, o02cb8044, L_02cf0980;
L_02d29018 .functor MUXZ 1, L_02cf09d0, L_02cf09a8, L_02ce83d0, C4<>;
L_02d292d8 .cmp/eq 6, o02cb8074, L_02cf09f8;
L_02d28990 .cmp/eq 6, o02cb8044, L_02cf0a20;
L_02d29070 .functor MUXZ 1, L_02cf0a70, L_02cf0a48, L_02ce8190, C4<>;
# The file index is used to find the file name in the following table.
:file_names 3;
    "N/A";
    "<interactive>";
    "D_CU.v";
