#! c:/iverilog-x86/bin/vvp
:ivl_version "10.0 (stable)" "(v10_0)";
:ivl_delay_selection "TYPICAL";
:vpi_time_precision + 0;
:vpi_module "system";
:vpi_module "vhdl_sys";
:vpi_module "v2005_math";
:vpi_module "va_math";
S_01213ec8 .scope module, "D_NPC" "D_NPC" 2 1;
 .timescale 0 0;
    .port_info 0 /INPUT 1 "reset"
    .port_info 1 /INPUT 32 "PC_D"
    .port_info 2 /INPUT 32 "PC_F"
    .port_info 3 /INPUT 1 "Branch_or_not"
    .port_info 4 /INPUT 32 "instr"
    .port_info 5 /INPUT 32 "Ext_out"
    .port_info 6 /INPUT 32 "RD1_D"
    .port_info 7 /INPUT 1 "Jump"
    .port_info 8 /INPUT 1 "Jr"
    .port_info 9 /INPUT 1 "Stall"
    .port_info 10 /OUTPUT 32 "NPC_D"
L_02d26e48 .functor AND 1, L_02d97360, L_02d97200, C4<1>, C4<1>;
L_02d269c8 .functor AND 1, L_02d26e48, L_02d978e0, C4<1>, C4<1>;
L_02d26db8 .functor AND 1, L_02d974c0, L_02d97410, C4<1>, C4<1>;
L_02d26c50 .functor AND 1, L_02d26db8, L_02d97830, C4<1>, C4<1>;
L_02d268f0 .functor AND 1, L_02d97728, L_02d97780, C4<1>, C4<1>;
L_02d26d28 .functor AND 1, L_02d268f0, L_02d96f40, C4<1>, C4<1>;
L_02d26d70 .functor AND 1, L_02d970f8, L_02d975c8, C4<1>, C4<1>;
L_02d26bc0 .functor AND 1, L_02d26d70, L_02d971a8, C4<1>, C4<1>;
o02d33fec .functor BUFZ 1, C4<z>; HiZ drive
v02d260d8_0 .net "Branch_or_not", 0 0, o02d33fec;  0 drivers
o02d34004 .functor BUFZ 32, C4<zzzzzzzzzzzzzzzzzzzzzzzzzzzzzzzz>; HiZ drive
v02d261e0_0 .net "Ext_out", 31 0, o02d34004;  0 drivers
o02d3401c .functor BUFZ 1, C4<z>; HiZ drive
v02d25f78_0 .net "Jr", 0 0, o02d3401c;  0 drivers
o02d34034 .functor BUFZ 1, C4<z>; HiZ drive
v02d25fd0_0 .net "Jump", 0 0, o02d34034;  0 drivers
v02d26238_0 .net "NPC_D", 31 0, L_02d97468;  1 drivers
o02d34064 .functor BUFZ 32, C4<zzzzzzzzzzzzzzzzzzzzzzzzzzzzzzzz>; HiZ drive
v02d258f0_0 .net "PC_D", 31 0, o02d34064;  0 drivers
o02d3407c .functor BUFZ 32, C4<zzzzzzzzzzzzzzzzzzzzzzzzzzzzzzzz>; HiZ drive
v02d25c60_0 .net "PC_F", 31 0, o02d3407c;  0 drivers
o02d34094 .functor BUFZ 32, C4<zzzzzzzzzzzzzzzzzzzzzzzzzzzzzzzz>; HiZ drive
v02d25790_0 .net "RD1_D", 31 0, o02d34094;  0 drivers
o02d340ac .functor BUFZ 1, C4<z>; HiZ drive
v02d25840_0 .net "Stall", 0 0, o02d340ac;  0 drivers
v02d25898_0 .net *"_s0", 31 0, L_02d31d00;  1 drivers
v02d25948_0 .net *"_s100", 31 0, L_02d97570;  1 drivers
L_02d5f148 .functor BUFT 1, C4<0000000000000000000000000000000>, C4<0>, C4<0>, C4<0>;
v02d25b00_0 .net *"_s103", 30 0, L_02d5f148;  1 drivers
L_02d5f170 .functor BUFT 1, C4<00000000000000000000000000000001>, C4<0>, C4<0>, C4<0>;
v02d25b58_0 .net/2u *"_s104", 31 0, L_02d5f170;  1 drivers
v02d25c08_0 .net *"_s106", 0 0, L_02d975c8;  1 drivers
v02d26600_0 .net *"_s108", 0 0, L_02d26d70;  1 drivers
L_02d5eea0 .functor BUFT 1, C4<0000000000000000000000000000000>, C4<0>, C4<0>, C4<0>;
v02d264a0_0 .net *"_s11", 30 0, L_02d5eea0;  1 drivers
v02d26550_0 .net *"_s111", 0 0, L_02d971a8;  1 drivers
v02d264f8_0 .net *"_s112", 0 0, L_02d26bc0;  1 drivers
L_02d5f198 .functor BUFT 1, C4<00000000000000000000000000000100>, C4<0>, C4<0>, C4<0>;
v02d26340_0 .net/2u *"_s114", 31 0, L_02d5f198;  1 drivers
v02d266b0_0 .net *"_s116", 31 0, L_02d97258;  1 drivers
v02d26448_0 .net *"_s118", 31 0, L_02d97620;  1 drivers
L_02d5eec8 .functor BUFT 1, C4<00000000000000000000000000000000>, C4<0>, C4<0>, C4<0>;
v02d26658_0 .net/2u *"_s12", 31 0, L_02d5eec8;  1 drivers
v02d26708_0 .net *"_s120", 31 0, L_02d972b0;  1 drivers
v02d265a8_0 .net *"_s122", 31 0, L_02d973b8;  1 drivers
v02d26290_0 .net *"_s14", 0 0, L_02d97200;  1 drivers
v02d262e8_0 .net *"_s16", 0 0, L_02d26e48;  1 drivers
v02d26398_0 .net *"_s19", 0 0, L_02d978e0;  1 drivers
v02d263f0_0 .net *"_s20", 0 0, L_02d269c8;  1 drivers
L_02d5eef0 .functor BUFT 1, C4<00000000000000000000000000000100>, C4<0>, C4<0>, C4<0>;
v02d31620_0 .net/2u *"_s22", 31 0, L_02d5eef0;  1 drivers
v02d31678_0 .net *"_s24", 31 0, L_02d976d0;  1 drivers
v02d31200_0 .net *"_s26", 31 0, L_02d96f98;  1 drivers
L_02d5ef18 .functor BUFT 1, C4<0000000000000000000000000000000>, C4<0>, C4<0>, C4<0>;
v02d31360_0 .net *"_s29", 30 0, L_02d5ef18;  1 drivers
L_02d5ee50 .functor BUFT 1, C4<0000000000000000000000000000000>, C4<0>, C4<0>, C4<0>;
v02d313b8_0 .net *"_s3", 30 0, L_02d5ee50;  1 drivers
L_02d5ef40 .functor BUFT 1, C4<00000000000000000000000000000001>, C4<0>, C4<0>, C4<0>;
v02d316d0_0 .net/2u *"_s30", 31 0, L_02d5ef40;  1 drivers
v02d31258_0 .net *"_s32", 0 0, L_02d974c0;  1 drivers
v02d31518_0 .net *"_s34", 31 0, L_02d97888;  1 drivers
L_02d5ef68 .functor BUFT 1, C4<0000000000000000000000000000000>, C4<0>, C4<0>, C4<0>;
v02d31830_0 .net *"_s37", 30 0, L_02d5ef68;  1 drivers
L_02d5ef90 .functor BUFT 1, C4<00000000000000000000000000000000>, C4<0>, C4<0>, C4<0>;
v02d31780_0 .net/2u *"_s38", 31 0, L_02d5ef90;  1 drivers
L_02d5ee78 .functor BUFT 1, C4<00000000000000000000000000000000>, C4<0>, C4<0>, C4<0>;
v02d311a8_0 .net/2u *"_s4", 31 0, L_02d5ee78;  1 drivers
v02d31728_0 .net *"_s40", 0 0, L_02d97410;  1 drivers
v02d31938_0 .net *"_s42", 0 0, L_02d26db8;  1 drivers
v02d317d8_0 .net *"_s45", 0 0, L_02d97830;  1 drivers
v02d319e8_0 .net *"_s46", 0 0, L_02d26c50;  1 drivers
L_02d5efb8 .functor BUFT 1, C4<00000000000000000000000000000100>, C4<0>, C4<0>, C4<0>;
v02d312b0_0 .net/2u *"_s48", 31 0, L_02d5efb8;  1 drivers
v02d31410_0 .net *"_s50", 31 0, L_02d97938;  1 drivers
v02d31570_0 .net *"_s52", 31 0, L_02d97150;  1 drivers
v02d31990_0 .net *"_s54", 29 0, L_02d970a0;  1 drivers
L_02d5efe0 .functor BUFT 1, C4<00>, C4<0>, C4<0>, C4<0>;
v02d31a40_0 .net *"_s56", 1 0, L_02d5efe0;  1 drivers
v02d31888_0 .net *"_s58", 31 0, L_02d97308;  1 drivers
v02d30ff0_0 .net *"_s6", 0 0, L_02d97360;  1 drivers
v02d318e0_0 .net *"_s60", 31 0, L_02d96e90;  1 drivers
L_02d5f008 .functor BUFT 1, C4<0000000000000000000000000000000>, C4<0>, C4<0>, C4<0>;
v02d31308_0 .net *"_s63", 30 0, L_02d5f008;  1 drivers
L_02d5f030 .functor BUFT 1, C4<00000000000000000000000000000001>, C4<0>, C4<0>, C4<0>;
v02d31a98_0 .net/2u *"_s64", 31 0, L_02d5f030;  1 drivers
v02d31468_0 .net *"_s66", 0 0, L_02d97728;  1 drivers
v02d315c8_0 .net *"_s68", 31 0, L_02d96ee8;  1 drivers
L_02d5f058 .functor BUFT 1, C4<0000000000000000000000000000000>, C4<0>, C4<0>, C4<0>;
v02d314c0_0 .net *"_s71", 30 0, L_02d5f058;  1 drivers
L_02d5f080 .functor BUFT 1, C4<00000000000000000000000000000000>, C4<0>, C4<0>, C4<0>;
v02d31048_0 .net/2u *"_s72", 31 0, L_02d5f080;  1 drivers
v02d310a0_0 .net *"_s74", 0 0, L_02d97780;  1 drivers
v02d310f8_0 .net *"_s76", 0 0, L_02d268f0;  1 drivers
v02d31150_0 .net *"_s79", 0 0, L_02d96f40;  1 drivers
v02d31e60_0 .net *"_s8", 31 0, L_02d977d8;  1 drivers
v02d31f68_0 .net *"_s80", 0 0, L_02d26d28;  1 drivers
v02d31d58_0 .net *"_s83", 3 0, L_02d96ff0;  1 drivers
v02d31b48_0 .net *"_s85", 25 0, L_02d97678;  1 drivers
L_02d5f0a8 .functor BUFT 1, C4<0>, C4<0>, C4<0>, C4<0>;
v02d31f10_0 .net/2u *"_s86", 0 0, L_02d5f0a8;  1 drivers
L_02d5f0d0 .functor BUFT 1, C4<0>, C4<0>, C4<0>, C4<0>;
v02d31eb8_0 .net/2u *"_s88", 0 0, L_02d5f0d0;  1 drivers
v02d31af0_0 .net *"_s90", 31 0, L_02d97048;  1 drivers
v02d31ba0_0 .net *"_s92", 31 0, L_02d97518;  1 drivers
L_02d5f0f8 .functor BUFT 1, C4<0000000000000000000000000000000>, C4<0>, C4<0>, C4<0>;
v02d31bf8_0 .net *"_s95", 30 0, L_02d5f0f8;  1 drivers
L_02d5f120 .functor BUFT 1, C4<00000000000000000000000000000001>, C4<0>, C4<0>, C4<0>;
v02d31c50_0 .net/2u *"_s96", 31 0, L_02d5f120;  1 drivers
v02d31e08_0 .net *"_s98", 0 0, L_02d970f8;  1 drivers
o02d34694 .functor BUFZ 32, C4<zzzzzzzzzzzzzzzzzzzzzzzzzzzzzzzz>; HiZ drive
v02d31db0_0 .net "instr", 31 0, o02d34694;  0 drivers
o02d346ac .functor BUFZ 1, C4<z>; HiZ drive
v02d31ca8_0 .net "reset", 0 0, o02d346ac;  0 drivers
L_02d31d00 .concat [ 1 31 0 0], o02d33fec, L_02d5ee50;
L_02d97360 .cmp/eq 32, L_02d31d00, L_02d5ee78;
L_02d977d8 .concat [ 1 31 0 0], o02d34034, L_02d5eea0;
L_02d97200 .cmp/eq 32, L_02d977d8, L_02d5eec8;
L_02d978e0 .reduce/nor o02d340ac;
L_02d976d0 .arith/sum 32, o02d3407c, L_02d5eef0;
L_02d96f98 .concat [ 1 31 0 0], o02d33fec, L_02d5ef18;
L_02d974c0 .cmp/eq 32, L_02d96f98, L_02d5ef40;
L_02d97888 .concat [ 1 31 0 0], o02d34034, L_02d5ef68;
L_02d97410 .cmp/eq 32, L_02d97888, L_02d5ef90;
L_02d97830 .reduce/nor o02d340ac;
L_02d97938 .arith/sum 32, o02d34064, L_02d5efb8;
L_02d970a0 .part o02d34004, 0, 30;
L_02d97150 .concat [ 2 30 0 0], L_02d5efe0, L_02d970a0;
L_02d97308 .arith/sum 32, L_02d97938, L_02d97150;
L_02d96e90 .concat [ 1 31 0 0], o02d34034, L_02d5f008;
L_02d97728 .cmp/eq 32, L_02d96e90, L_02d5f030;
L_02d96ee8 .concat [ 1 31 0 0], o02d3401c, L_02d5f058;
L_02d97780 .cmp/eq 32, L_02d96ee8, L_02d5f080;
L_02d96f40 .reduce/nor o02d340ac;
L_02d96ff0 .part o02d34064, 28, 4;
L_02d97678 .part o02d34694, 0, 26;
L_02d97048 .concat [ 1 1 26 4], L_02d5f0d0, L_02d5f0a8, L_02d97678, L_02d96ff0;
L_02d97518 .concat [ 1 31 0 0], o02d34034, L_02d5f0f8;
L_02d970f8 .cmp/eq 32, L_02d97518, L_02d5f120;
L_02d97570 .concat [ 1 31 0 0], o02d3401c, L_02d5f148;
L_02d975c8 .cmp/eq 32, L_02d97570, L_02d5f170;
L_02d971a8 .reduce/nor o02d340ac;
L_02d97258 .arith/sub 32, o02d3407c, L_02d5f198;
L_02d97620 .functor MUXZ 32, L_02d97258, o02d34094, L_02d26bc0, C4<>;
L_02d972b0 .functor MUXZ 32, L_02d97620, L_02d97048, L_02d26d28, C4<>;
L_02d973b8 .functor MUXZ 32, L_02d972b0, L_02d97308, L_02d26c50, C4<>;
L_02d97468 .functor MUXZ 32, L_02d973b8, L_02d976d0, L_02d269c8, C4<>;
# The file index is used to find the file name in the following table.
:file_names 3;
    "N/A";
    "<interactive>";
    "D_NPC.v";
