#! c:/iverilog-x86/bin/vvp
:ivl_version "10.0 (stable)" "(v10_0)";
:ivl_delay_selection "TYPICAL";
:vpi_time_precision + 0;
:vpi_module "system";
:vpi_module "vhdl_sys";
:vpi_module "v2005_math";
:vpi_module "va_math";
S_012f3f58 .scope module, "D_REG" "D_REG" 2 1;
 .timescale 0 0;
    .port_info 0 /INPUT 1 "clk"
    .port_info 1 /INPUT 32 "PC_F"
    .port_info 2 /INPUT 32 "Instr_F"
    .port_info 3 /INPUT 1 "WE"
    .port_info 4 /INPUT 1 "reset"
    .port_info 5 /OUTPUT 32 "PC_D"
    .port_info 6 /OUTPUT 32 "Instr_D"
v02c83c38_0 .var "Instr_D", 31 0;
o02c83cac .functor BUFZ 32, C4<zzzzzzzzzzzzzzzzzzzzzzzzzzzzzzzz>; HiZ drive
v012fec20_0 .net "Instr_F", 31 0, o02c83cac;  0 drivers
v012fec78_0 .var "PC_D", 31 0;
o02c83cdc .functor BUFZ 32, C4<zzzzzzzzzzzzzzzzzzzzzzzzzzzzzzzz>; HiZ drive
v012fecd0_0 .net "PC_F", 31 0, o02c83cdc;  0 drivers
o02c83cf4 .functor BUFZ 1, C4<z>; HiZ drive
v012fed28_0 .net "WE", 0 0, o02c83cf4;  0 drivers
o02c83d0c .functor BUFZ 1, C4<z>; HiZ drive
v012fed80_0 .net "clk", 0 0, o02c83d0c;  0 drivers
o02c83d24 .functor BUFZ 1, C4<z>; HiZ drive
v012fedd8_0 .net "reset", 0 0, o02c83d24;  0 drivers
E_012f4cd8 .event posedge, v012fed80_0;
    .scope S_012f3f58;
T_0 ;
    %pushi/vec4 12288, 0, 32;
    %assign/vec4 v012fec78_0, 0;
    %pushi/vec4 0, 0, 32;
    %assign/vec4 v02c83c38_0, 0;
    %end;
    .thread T_0;
    .scope S_012f3f58;
T_1 ;
    %wait E_012f4cd8;
    %load/vec4 v012fedd8_0;
    %flag_set/vec4 8;
    %jmp/0xz  T_1.0, 8;
    %pushi/vec4 12288, 0, 32;
    %assign/vec4 v012fec78_0, 0;
    %pushi/vec4 0, 0, 32;
    %assign/vec4 v02c83c38_0, 0;
    %jmp T_1.1;
T_1.0 ;
    %load/vec4 v012fed28_0;
    %flag_set/vec4 8;
    %jmp/0xz  T_1.2, 8;
    %load/vec4 v012fecd0_0;
    %assign/vec4 v012fec78_0, 0;
    %load/vec4 v012fec20_0;
    %assign/vec4 v02c83c38_0, 0;
T_1.2 ;
T_1.1 ;
    %jmp T_1;
    .thread T_1;
# The file index is used to find the file name in the following table.
:file_names 3;
    "N/A";
    "<interactive>";
    "D_REG.v";
