#! c:/iverilog-x86/bin/vvp
:ivl_version "10.0 (stable)" "(v10_0)";
:ivl_delay_selection "TYPICAL";
:vpi_time_precision + 0;
:vpi_module "system";
:vpi_module "vhdl_sys";
:vpi_module "v2005_math";
:vpi_module "va_math";
S_01203ed0 .scope module, "E_ALU" "E_ALU" 2 8;
 .timescale 0 0;
    .port_info 0 /INPUT 4 "ALUCtrl"
    .port_info 1 /INPUT 32 "SrcA"
    .port_info 2 /INPUT 32 "SrcB"
    .port_info 3 /INPUT 5 "shamt"
    .port_info 4 /OUTPUT 32 "ALUOut"
    .port_info 5 /OUTPUT 1 "Zero"
    .port_info 6 /OUTPUT 1 "Overflow"
L_0120cfd0 .functor BUFZ 1, v02d49000_0, C4<0>, C4<0>, C4<0>;
o02d23fd4 .functor BUFZ 4, C4<zzzz>; HiZ drive
v01208d08_0 .net "ALUCtrl", 3 0, o02d23fd4;  0 drivers
v0120ef40_0 .net "ALUOut", 31 0, v02d490b0_0;  1 drivers
v01203fa0_0 .net "Overflow", 0 0, L_0120cfd0;  1 drivers
o02d2401c .functor BUFZ 32, C4<zzzzzzzzzzzzzzzzzzzzzzzzzzzzzzzz>; HiZ drive
v01203ff8_0 .net "SrcA", 31 0, o02d2401c;  0 drivers
o02d24034 .functor BUFZ 32, C4<zzzzzzzzzzzzzzzzzzzzzzzzzzzzzzzz>; HiZ drive
v01204050_0 .net "SrcB", 31 0, o02d24034;  0 drivers
v0120bc50_0 .net "Zero", 0 0, L_02d49058;  1 drivers
L_02d49420 .functor BUFT 1, C4<00000000000000000000000000000000>, C4<0>, C4<0>, C4<0>;
v02d49318_0 .net/2u *"_s0", 31 0, L_02d49420;  1 drivers
v02d48d40_0 .net *"_s2", 0 0, L_02d48fa8;  1 drivers
L_02d49448 .functor BUFT 1, C4<1>, C4<0>, C4<0>, C4<0>;
v02d49210_0 .net/2u *"_s4", 0 0, L_02d49448;  1 drivers
L_02d49470 .functor BUFT 1, C4<0>, C4<0>, C4<0>, C4<0>;
v02d48ef8_0 .net/2u *"_s6", 0 0, L_02d49470;  1 drivers
v02d49000_0 .var "flag", 0 0;
v02d490b0_0 .var "result", 31 0;
o02d240f4 .functor BUFZ 5, C4<zzzzz>; HiZ drive
v02d48f50_0 .net "shamt", 4 0, o02d240f4;  0 drivers
v02d49370_0 .var "temp", 32 0;
E_02d23d08/0 .event edge, v01208d08_0, v01203ff8_0, v01204050_0, v02d49370_0;
E_02d23d08/1 .event edge, v02d48f50_0;
E_02d23d08 .event/or E_02d23d08/0, E_02d23d08/1;
L_02d48fa8 .cmp/eq 32, v02d490b0_0, L_02d49420;
L_02d49058 .functor MUXZ 1, L_02d49470, L_02d49448, L_02d48fa8, C4<>;
    .scope S_01203ed0;
T_0 ;
    %wait E_02d23d08;
    %load/vec4 v01208d08_0;
    %dup/vec4;
    %pushi/vec4 0, 0, 4;
    %cmp/u;
    %jmp/1 T_0.0, 6;
    %dup/vec4;
    %pushi/vec4 1, 0, 4;
    %cmp/u;
    %jmp/1 T_0.1, 6;
    %dup/vec4;
    %pushi/vec4 2, 0, 4;
    %cmp/u;
    %jmp/1 T_0.2, 6;
    %dup/vec4;
    %pushi/vec4 6, 0, 4;
    %cmp/u;
    %jmp/1 T_0.3, 6;
    %dup/vec4;
    %pushi/vec4 7, 0, 4;
    %cmp/u;
    %jmp/1 T_0.4, 6;
    %dup/vec4;
    %pushi/vec4 8, 0, 4;
    %cmp/u;
    %jmp/1 T_0.5, 6;
    %pushi/vec4 0, 0, 32;
    %store/vec4 v02d490b0_0, 0, 32;
    %pushi/vec4 0, 0, 1;
    %store/vec4 v02d49000_0, 0, 1;
    %jmp T_0.7;
T_0.0 ;
    %load/vec4 v01203ff8_0;
    %load/vec4 v01204050_0;
    %and;
    %store/vec4 v02d490b0_0, 0, 32;
    %pushi/vec4 0, 0, 1;
    %store/vec4 v02d49000_0, 0, 1;
    %jmp T_0.7;
T_0.1 ;
    %load/vec4 v01203ff8_0;
    %load/vec4 v01204050_0;
    %or;
    %store/vec4 v02d490b0_0, 0, 32;
    %pushi/vec4 0, 0, 1;
    %store/vec4 v02d49000_0, 0, 1;
    %jmp T_0.7;
T_0.2 ;
    %load/vec4 v01203ff8_0;
    %parti/s 1, 31, 6;
    %load/vec4 v01203ff8_0;
    %concat/vec4; draw_concat_vec4
    %load/vec4 v01204050_0;
    %parti/s 1, 31, 6;
    %load/vec4 v01204050_0;
    %concat/vec4; draw_concat_vec4
    %add;
    %store/vec4 v02d49370_0, 0, 33;
    %load/vec4 v01203ff8_0;
    %load/vec4 v01204050_0;
    %add;
    %store/vec4 v02d490b0_0, 0, 32;
    %load/vec4 v02d49370_0;
    %parti/s 1, 32, 7;
    %load/vec4 v02d49370_0;
    %parti/s 1, 31, 6;
    %cmp/ne;
    %jmp/0xz  T_0.8, 4;
    %pushi/vec4 1, 0, 1;
    %store/vec4 v02d49000_0, 0, 1;
    %jmp T_0.9;
T_0.8 ;
    %pushi/vec4 0, 0, 1;
    %store/vec4 v02d49000_0, 0, 1;
T_0.9 ;
    %jmp T_0.7;
T_0.3 ;
    %load/vec4 v01203ff8_0;
    %parti/s 1, 31, 6;
    %load/vec4 v01203ff8_0;
    %concat/vec4; draw_concat_vec4
    %load/vec4 v01204050_0;
    %parti/s 1, 31, 6;
    %load/vec4 v01204050_0;
    %concat/vec4; draw_concat_vec4
    %sub;
    %store/vec4 v02d49370_0, 0, 33;
    %load/vec4 v01203ff8_0;
    %load/vec4 v01204050_0;
    %sub;
    %store/vec4 v02d490b0_0, 0, 32;
    %load/vec4 v02d49370_0;
    %parti/s 1, 32, 7;
    %load/vec4 v02d49370_0;
    %parti/s 1, 31, 6;
    %cmp/ne;
    %jmp/0xz  T_0.10, 4;
    %pushi/vec4 1, 0, 1;
    %store/vec4 v02d49000_0, 0, 1;
    %jmp T_0.11;
T_0.10 ;
    %pushi/vec4 0, 0, 1;
    %store/vec4 v02d49000_0, 0, 1;
T_0.11 ;
    %jmp T_0.7;
T_0.4 ;
    %load/vec4 v01203ff8_0;
    %load/vec4 v01204050_0;
    %cmp/u;
    %flag_mov 8, 5;
    %jmp/0 T_0.12, 8;
    %pushi/vec4 1, 0, 32;
    %jmp/1 T_0.13, 8;
T_0.12 ; End of true expr.
    %pushi/vec4 0, 0, 32;
    %jmp/0 T_0.13, 8;
 ; End of false expr.
    %blend;
T_0.13;
    %store/vec4 v02d490b0_0, 0, 32;
    %jmp T_0.7;
T_0.5 ;
    %load/vec4 v01204050_0;
    %ix/getv 4, v02d48f50_0;
    %shiftl 4;
    %store/vec4 v02d490b0_0, 0, 32;
    %jmp T_0.7;
T_0.7 ;
    %pop/vec4 1;
    %jmp T_0;
    .thread T_0, $push;
# The file index is used to find the file name in the following table.
:file_names 3;
    "N/A";
    "<interactive>";
    "E_ALU.v";
