#! c:/iverilog-x86/bin/vvp
:ivl_version "10.0 (stable)" "(v10_0)";
:ivl_delay_selection "TYPICAL";
:vpi_time_precision - 12;
:vpi_module "system";
:vpi_module "vhdl_sys";
:vpi_module "v2005_math";
:vpi_module "va_math";
S_010f2350 .scope module, "tb_E_MDU" "tb_E_MDU" 2 4;
 .timescale -9 -12;
P_010f5378 .param/l "PERIOD" 0 2 7, +C4<00000000000000000000000000001010>;
v010fcd00_0 .net "hi", 31 0, L_00ff1b68;  1 drivers
v010fcd58_0 .var "left", 31 0;
v00ff1958_0 .net "lo", 31 0, L_00ff1a60;  1 drivers
v00ff1f30_0 .var "right", 31 0;
S_010f2420 .scope module, "u_E_MDU" "E_MDU" 2 29, 3 1 0, S_010f2350;
 .timescale -9 -12;
    .port_info 0 /INPUT 32 "left"
    .port_info 1 /INPUT 32 "right"
    .port_info 2 /OUTPUT 32 "hi"
    .port_info 3 /OUTPUT 32 "lo"
L_00ff2518 .functor BUFT 1, C4<00000000000000000000000000000000>, C4<0>, C4<0>, C4<0>;
v010fdde0_0 .net *"_s10", 31 0, L_00ff2518;  1 drivers
v010fde38_0 .net *"_s12", 63 0, L_00ff1900;  1 drivers
v010fde90_0 .net *"_s3", 63 0, L_00ff1b10;  1 drivers
L_00ff24f0 .functor BUFT 1, C4<00000000000000000000000000000000>, C4<0>, C4<0>, C4<0>;
v010fdee8_0 .net *"_s6", 31 0, L_00ff24f0;  1 drivers
v010fdf40_0 .net *"_s7", 63 0, L_00ff1c18;  1 drivers
v010fdf98_0 .net "hi", 31 0, L_00ff1b68;  alias, 1 drivers
v010fcbf8_0 .net "left", 31 0, v010fcd58_0;  1 drivers
v010fcc50_0 .net "lo", 31 0, L_00ff1a60;  alias, 1 drivers
v010fcca8_0 .net "right", 31 0, v00ff1f30_0;  1 drivers
L_00ff1b68 .part L_00ff1900, 32, 32;
L_00ff1a60 .part L_00ff1900, 0, 32;
L_00ff1b10 .concat [ 32 32 0 0], v010fcd58_0, L_00ff24f0;
L_00ff1c18 .concat [ 32 32 0 0], v00ff1f30_0, L_00ff2518;
L_00ff1900 .arith/mult 64, L_00ff1b10, L_00ff1c18;
    .scope S_010f2350;
T_0 ;
    %pushi/vec4 0, 0, 32;
    %store/vec4 v010fcd58_0, 0, 32;
    %end;
    .thread T_0;
    .scope S_010f2350;
T_1 ;
    %pushi/vec4 0, 0, 32;
    %store/vec4 v00ff1f30_0, 0, 32;
    %end;
    .thread T_1;
    .scope S_010f2350;
T_2 ;
    %vpi_call 2 39 "$dumpfile", "E_MDU.vcd" {0 0 0};
    %vpi_call 2 40 "$dumpvars" {0 0 0};
    %delay 100000, 0;
    %pushi/vec4 1, 0, 32;
    %store/vec4 v010fcd58_0, 0, 32;
    %pushi/vec4 2, 0, 32;
    %store/vec4 v00ff1f30_0, 0, 32;
    %delay 10000, 0;
    %pushi/vec4 30, 0, 32;
    %store/vec4 v010fcd58_0, 0, 32;
    %pushi/vec4 30, 0, 32;
    %store/vec4 v00ff1f30_0, 0, 32;
    %delay 10000, 0;
    %vpi_call 2 49 "$finish" {0 0 0};
    %end;
    .thread T_2;
# The file index is used to find the file name in the following table.
:file_names 4;
    "N/A";
    "<interactive>";
    "E_MDU_tb.v";
    "./E_MDU.v";
