#! c:/iverilog-x86/bin/vvp
:ivl_version "10.0 (stable)" "(v10_0)";
:ivl_delay_selection "TYPICAL";
:vpi_time_precision + 0;
:vpi_module "system";
:vpi_module "vhdl_sys";
:vpi_module "v2005_math";
:vpi_module "va_math";
S_01283ec8 .scope module, "F_IFU" "F_IFU" 2 2;
 .timescale 0 0;
    .port_info 0 /INPUT 1 "clk"
    .port_info 1 /INPUT 1 "reset"
    .port_info 2 /INPUT 1 "WE"
    .port_info 3 /INPUT 32 "npc"
    .port_info 4 /OUTPUT 32 "Instr_F"
    .port_info 5 /OUTPUT 32 "PC_F"
L_0128ef10 .functor BUFZ 32, L_0119e2c8, C4<00000000000000000000000000000000>, C4<00000000000000000000000000000000>, C4<00000000000000000000000000000000>;
v01283f98_0 .net "Instr_F", 31 0, L_0128ef10;  1 drivers
v01283ff0_0 .var "PC_F", 31 0;
o01172024 .functor BUFZ 1, C4<z>; HiZ drive
v01284048_0 .net "WE", 0 0, o01172024;  0 drivers
v0128ed00_0 .net *"_s0", 31 0, L_0119e2c8;  1 drivers
v0128ed58_0 .net *"_s10", 32 0, L_0119e060;  1 drivers
v0128edb0_0 .net *"_s3", 13 0, L_0119e5e0;  1 drivers
v0128ee08_0 .net *"_s4", 32 0, L_0119e0b8;  1 drivers
L_011a2850 .functor BUFT 1, C4<0000000000000000000>, C4<0>, C4<0>, C4<0>;
v0128ee60_0 .net *"_s7", 18 0, L_011a2850;  1 drivers
L_011a2878 .functor BUFT 1, C4<000000000000000000000110000000000>, C4<0>, C4<0>, C4<0>;
v0128eeb8_0 .net/2u *"_s8", 32 0, L_011a2878;  1 drivers
o011720cc .functor BUFZ 1, C4<z>; HiZ drive
v0119e798_0 .net "clk", 0 0, o011720cc;  0 drivers
v0119e428 .array "im_reg", 4095 0, 31 0;
o011720e4 .functor BUFZ 32, C4<zzzzzzzzzzzzzzzzzzzzzzzzzzzzzzzz>; HiZ drive
v0119e110_0 .net "npc", 31 0, o011720e4;  0 drivers
o011720fc .functor BUFZ 1, C4<z>; HiZ drive
v0119e6e8_0 .net "reset", 0 0, o011720fc;  0 drivers
E_01284b70 .event posedge, v0119e798_0;
L_0119e2c8 .array/port v0119e428, L_0119e060;
L_0119e5e0 .part v01283ff0_0, 2, 14;
L_0119e0b8 .concat [ 14 19 0 0], L_0119e5e0, L_011a2850;
L_0119e060 .arith/sub 33, L_0119e0b8, L_011a2878;
    .scope S_01283ec8;
T_0 ;
    %pushi/vec4 12288, 0, 32;
    %assign/vec4 v01283ff0_0, 0;
    %vpi_call 2 14 "$readmemh", "code.txt", v0119e428 {0 0 0};
    %end;
    .thread T_0;
    .scope S_01283ec8;
T_1 ;
    %wait E_01284b70;
    %load/vec4 v0119e6e8_0;
    %flag_set/vec4 8;
    %jmp/0xz  T_1.0, 8;
    %pushi/vec4 12288, 0, 32;
    %assign/vec4 v01283ff0_0, 0;
    %jmp T_1.1;
T_1.0 ;
    %load/vec4 v01284048_0;
    %flag_set/vec4 8;
    %jmp/0xz  T_1.2, 8;
    %load/vec4 v0119e110_0;
    %assign/vec4 v01283ff0_0, 0;
T_1.2 ;
T_1.1 ;
    %jmp T_1;
    .thread T_1;
# The file index is used to find the file name in the following table.
:file_names 3;
    "N/A";
    "<interactive>";
    "F_IFU.v";
