#! c:/iverilog-x86/bin/vvp
:ivl_version "10.0 (stable)" "(v10_0)";
:ivl_delay_selection "TYPICAL";
:vpi_time_precision + 0;
:vpi_module "system";
:vpi_module "vhdl_sys";
:vpi_module "v2005_math";
:vpi_module "va_math";
S_02da9480 .scope module, "Hazard" "Hazard" 2 1;
 .timescale 0 0;
    .port_info 0 /INPUT 1 "RegWrite_W"
    .port_info 1 /INPUT 1 "RegWrite_M"
    .port_info 2 /INPUT 1 "MemtoReg_M"
    .port_info 3 /INPUT 1 "RegWrite_E"
    .port_info 4 /INPUT 1 "MemtoReg_E"
    .port_info 5 /INPUT 5 "WriteReg_W"
    .port_info 6 /INPUT 5 "WriteReg_M"
    .port_info 7 /INPUT 5 "WriteReg_E"
    .port_info 8 /INPUT 2 "WriteSel_E"
    .port_info 9 /INPUT 2 "WriteSel_M"
    .port_info 10 /INPUT 5 "Rs_E"
    .port_info 11 /INPUT 5 "Rt_E"
    .port_info 12 /INPUT 5 "Rs_D"
    .port_info 13 /INPUT 5 "Rt_D"
    .port_info 14 /INPUT 1 "Rs_D_valid"
    .port_info 15 /INPUT 1 "Rt_D_valid"
    .port_info 16 /INPUT 1 "Jump_D"
    .port_info 17 /INPUT 1 "Jr_D"
    .port_info 18 /INPUT 1 "Branch_D"
    .port_info 19 /OUTPUT 3 "ForwardAE"
    .port_info 20 /OUTPUT 3 "ForwardBE"
    .port_info 21 /OUTPUT 3 "ForwardAD"
    .port_info 22 /OUTPUT 3 "ForwardBD"
    .port_info 23 /OUTPUT 1 "FlushE"
    .port_info 24 /OUTPUT 1 "StallD"
    .port_info 25 /OUTPUT 1 "StallF"
L_02db9ac0 .functor AND 1, L_02df9ad8, L_02df9be0, C4<1>, C4<1>;
L_02db9b08 .functor AND 1, L_02db9ac0, L_02df9b30, C4<1>, C4<1>;
L_02db9b50 .functor AND 1, L_02db9b08, L_02df9608, C4<1>, C4<1>;
L_02db9490 .functor AND 1, L_02df9818, L_02df9a80, C4<1>, C4<1>;
L_02db95f8 .functor AND 1, L_02db9490, L_02df9978, C4<1>, C4<1>;
L_02db9688 .functor AND 1, L_02db95f8, L_02df9c38, C4<1>, C4<1>;
L_02db9d48 .functor AND 1, L_02df9558, L_02df95b0, C4<1>, C4<1>;
L_02db96d0 .functor AND 1, L_02db9d48, L_02df9ce8, C4<1>, C4<1>;
L_02db9718 .functor AND 1, L_02db96d0, L_02df9d40, C4<1>, C4<1>;
L_02db9c28 .functor AND 1, L_02df9870, L_02df9920, C4<1>, C4<1>;
L_02dba1c8 .functor AND 1, L_02db9c28, L_02e332f0, C4<1>, C4<1>;
L_02dba330 .functor AND 1, L_02dba1c8, L_02e33030, C4<1>, C4<1>;
L_02db9ef8 .functor AND 1, L_02e33088, L_02e33978, C4<1>, C4<1>;
L_02dba258 .functor AND 1, L_02db9ef8, L_02e33450, C4<1>, C4<1>;
L_02db9f88 .functor AND 1, L_02dba258, L_02e333a0, C4<1>, C4<1>;
L_02db9eb0 .functor AND 1, L_02e33138, L_02e33710, C4<1>, C4<1>;
L_02db9d90 .functor AND 1, L_02db9eb0, L_02e33190, C4<1>, C4<1>;
L_02dba0a8 .functor AND 1, L_02e331e8, L_02e337c0, C4<1>, C4<1>;
L_02dba378 .functor AND 1, L_02dba0a8, L_02e335b0, C4<1>, C4<1>;
L_02dba210 .functor AND 1, L_02dba378, L_02e33240, C4<1>, C4<1>;
L_02dba408 .functor AND 1, L_02e33818, L_02e330e0, C4<1>, C4<1>;
L_02dba0f0 .functor AND 1, L_02dba408, L_02e33500, C4<1>, C4<1>;
L_02dba180 .functor AND 1, L_02dba0f0, L_02e32fd8, C4<1>, C4<1>;
L_02dba2a0 .functor AND 1, L_02e33298, L_02e33348, C4<1>, C4<1>;
L_02dba2e8 .functor AND 1, L_02dba2a0, L_02e333f8, C4<1>, C4<1>;
L_02dba3c0 .functor AND 1, L_02dba2e8, L_02e33558, C4<1>, C4<1>;
L_02db9dd8 .functor AND 1, L_02e33b30, L_02e34268, C4<1>, C4<1>;
L_02db9e68 .functor AND 1, L_02db9dd8, L_02e33ad8, C4<1>, C4<1>;
L_02db9e20 .functor AND 1, L_02db9e68, L_02e344d0, C4<1>, C4<1>;
L_02db9fd0 .functor AND 1, L_02e33a80, L_02e34000, C4<1>, C4<1>;
L_02db9f40 .functor AND 1, L_02db9fd0, L_02e33ce8, C4<1>, C4<1>;
L_02dba018 .functor AND 1, L_02db9f40, L_02e342c0, C4<1>, C4<1>;
L_02dba060 .functor AND 1, L_02e34108, L_02e34528, C4<1>, C4<1>;
L_02dba138 .functor AND 1, L_02dba060, L_02e33c90, C4<1>, C4<1>;
L_02e37050 .functor AND 1, L_02e33e48, L_02e34318, C4<1>, C4<1>;
o02dbed7c .functor BUFZ 1, C4<z>; HiZ drive
L_02e36b88 .functor AND 1, L_02e37050, o02dbed7c, C4<1>, C4<1>;
L_02e36870 .functor AND 1, L_02e36b88, L_02e33c38, C4<1>, C4<1>;
L_02e36a20 .functor AND 1, L_02e33ea0, L_02e343c8, C4<1>, C4<1>;
L_02e37008 .functor AND 1, L_02e36a20, o02dbed7c, C4<1>, C4<1>;
L_02e36dc8 .functor AND 1, L_02e37008, L_02e33ef8, C4<1>, C4<1>;
L_02e36ca8 .functor AND 1, L_02e33f50, L_02e34478, C4<1>, C4<1>;
o02dbed94 .functor BUFZ 1, C4<z>; HiZ drive
L_02e36f30 .functor AND 1, L_02e36ca8, o02dbed94, C4<1>, C4<1>;
L_02e36fc0 .functor AND 1, L_02e36f30, L_02e340b0, C4<1>, C4<1>;
L_02e36cf0 .functor AND 1, L_02e34840, L_02e347e8, C4<1>, C4<1>;
L_02e36d38 .functor AND 1, L_02e36cf0, o02dbed94, C4<1>, C4<1>;
L_02e36798 .functor AND 1, L_02e36d38, L_02e34ec8, C4<1>, C4<1>;
L_02e36a68 .functor AND 1, L_02e34580, L_02e34a50, C4<1>, C4<1>;
L_02e36bd0 .functor AND 1, L_02e36a68, o02dbed94, C4<1>, C4<1>;
L_02e36c60 .functor AND 1, L_02e36bd0, L_02e34aa8, C4<1>, C4<1>;
L_02e36ab0 .functor AND 1, L_02e34630, L_02e34790, C4<1>, C4<1>;
L_02e367e0 .functor AND 1, L_02e36ab0, o02dbed7c, C4<1>, C4<1>;
L_02e36f78 .functor AND 1, L_02e367e0, L_02e34bb0, C4<1>, C4<1>;
L_02e36990 .functor AND 1, L_02e34d10, L_02e34e18, C4<1>, C4<1>;
L_02e36828 .functor AND 1, L_02e36990, o02dbed7c, C4<1>, C4<1>;
L_02e369d8 .functor AND 1, L_02e36828, L_02e34d68, C4<1>, C4<1>;
L_02e36e10 .functor AND 1, L_02e34688, L_02e34898, C4<1>, C4<1>;
L_02e36e58 .functor AND 1, L_02e36e10, o02dbed94, C4<1>, C4<1>;
L_02e36c18 .functor AND 1, L_02e36e58, L_02e346e0, C4<1>, C4<1>;
L_02e36948 .functor AND 1, L_02e34948, L_02e34738, C4<1>, C4<1>;
L_02e368b8 .functor AND 1, L_02e36948, o02dbed94, C4<1>, C4<1>;
L_02e36900 .functor AND 1, L_02e368b8, L_02e3af50, C4<1>, C4<1>;
L_02e36d80 .functor AND 1, L_02e3ac90, L_02e3ad40, C4<1>, C4<1>;
L_02e36ea0 .functor AND 1, L_02e36d80, o02dbed94, C4<1>, C4<1>;
L_02e36ee8 .functor AND 1, L_02e36ea0, L_02e3afa8, C4<1>, C4<1>;
o02dbeddc .functor BUFZ 1, C4<z>; HiZ drive
L_02e36af8 .functor AND 1, L_02e3b370, o02dbeddc, C4<1>, C4<1>;
o02dbee24 .functor BUFZ 1, C4<z>; HiZ drive
L_02e36b40 .functor AND 1, L_02e3ad98, o02dbee24, C4<1>, C4<1>;
L_02e37440 .functor OR 1, L_02e36af8, L_02e36b40, C4<0>, C4<0>;
o02dbed4c .functor BUFZ 1, C4<z>; HiZ drive
L_02e37320 .functor AND 1, L_02e37440, o02dbed4c, C4<1>, C4<1>;
o02dbec8c .functor BUFZ 1, C4<z>; HiZ drive
L_02e37488 .functor AND 1, o02dbec8c, o02dbed7c, C4<1>, C4<1>;
L_02e37128 .functor OR 1, L_02e3abe0, L_02e3ac38, C4<0>, C4<0>;
L_02e37290 .functor AND 1, L_02e37488, L_02e37128, C4<1>, C4<1>;
o02dbed64 .functor BUFZ 1, C4<z>; HiZ drive
L_02e37638 .functor AND 1, o02dbec8c, o02dbed64, C4<1>, C4<1>;
L_02e376c8 .functor OR 1, L_02e3b3c8, L_02e3b108, C4<0>, C4<0>;
L_02e37710 .functor AND 1, L_02e37638, L_02e376c8, C4<1>, C4<1>;
L_02e372d8 .functor OR 1, L_02e37290, L_02e37710, C4<0>, C4<0>;
o02dbed34 .functor BUFZ 1, C4<z>; HiZ drive
o02dbed1c .functor BUFZ 1, C4<z>; HiZ drive
L_02e37368 .functor AND 1, o02dbed34, o02dbed1c, C4<1>, C4<1>;
L_02e37170 .functor AND 1, L_02e37368, o02dbed7c, C4<1>, C4<1>;
L_02e374d0 .functor AND 1, L_02e37170, L_02e3b2c0, C4<1>, C4<1>;
L_02e37680 .functor AND 1, o02dbed34, o02dbed1c, C4<1>, C4<1>;
L_02e373f8 .functor AND 1, L_02e37680, o02dbed64, C4<1>, C4<1>;
L_02e37098 .functor AND 1, L_02e373f8, L_02e3b318, C4<1>, C4<1>;
L_02e370e0 .functor OR 1, L_02e374d0, L_02e37098, C4<0>, C4<0>;
L_02e37560 .functor OR 1, L_02e37320, L_02e372d8, C4<0>, C4<0>;
L_02e371b8 .functor OR 1, L_02e37560, L_02e370e0, C4<0>, C4<0>;
L_02e373b0 .functor OR 1, L_02e37320, L_02e372d8, C4<0>, C4<0>;
L_02e37518 .functor OR 1, L_02e373b0, L_02e370e0, C4<0>, C4<0>;
L_02e375f0 .functor OR 1, L_02e37320, L_02e372d8, C4<0>, C4<0>;
L_02e37200 .functor OR 1, L_02e375f0, L_02e370e0, C4<0>, C4<0>;
v02dbc260_0 .net "Branch_D", 0 0, o02dbec8c;  0 drivers
v02dbb868_0 .net "FlushE", 0 0, L_02e37200;  1 drivers
v02dbb810_0 .net "ForwardAD", 2 0, L_02e34b58;  1 drivers
v02dbbbd8_0 .net "ForwardAE", 2 0, L_02e33768;  1 drivers
v02dbbce0_0 .net "ForwardBD", 2 0, L_02e3ab88;  1 drivers
v02dbb8c0_0 .net "ForwardBE", 2 0, L_02e33fa8;  1 drivers
v02dbba20_0 .net "Jr_D", 0 0, o02dbed1c;  0 drivers
v02dbbad0_0 .net "Jump_D", 0 0, o02dbed34;  0 drivers
v02dbb5a8_0 .net "MemtoReg_E", 0 0, o02dbed4c;  0 drivers
v02dbbef0_0 .net "MemtoReg_M", 0 0, o02dbed64;  0 drivers
v02dbb9c8_0 .net "RegWrite_E", 0 0, o02dbed7c;  0 drivers
v02dbb658_0 .net "RegWrite_M", 0 0, o02dbed94;  0 drivers
o02dbedac .functor BUFZ 1, C4<z>; HiZ drive
v02dbb600_0 .net "RegWrite_W", 0 0, o02dbedac;  0 drivers
o02dbedc4 .functor BUFZ 5, C4<zzzzz>; HiZ drive
v02dbb918_0 .net "Rs_D", 4 0, o02dbedc4;  0 drivers
v02dbb970_0 .net "Rs_D_valid", 0 0, o02dbeddc;  0 drivers
o02dbedf4 .functor BUFZ 5, C4<zzzzz>; HiZ drive
v02dbbde8_0 .net "Rs_E", 4 0, o02dbedf4;  0 drivers
o02dbee0c .functor BUFZ 5, C4<zzzzz>; HiZ drive
v02dbba78_0 .net "Rt_D", 4 0, o02dbee0c;  0 drivers
v02dbb708_0 .net "Rt_D_valid", 0 0, o02dbee24;  0 drivers
o02dbee3c .functor BUFZ 5, C4<zzzzz>; HiZ drive
v02dbbb28_0 .net "Rt_E", 4 0, o02dbee3c;  0 drivers
v02dbb7b8_0 .net "StallD", 0 0, L_02e37518;  1 drivers
v02dbbe40_0 .net "StallF", 0 0, L_02e371b8;  1 drivers
o02dbee84 .functor BUFZ 5, C4<zzzzz>; HiZ drive
v02dbbf48_0 .net "WriteReg_E", 4 0, o02dbee84;  0 drivers
o02dbee9c .functor BUFZ 5, C4<zzzzz>; HiZ drive
v02dbbb80_0 .net "WriteReg_M", 4 0, o02dbee9c;  0 drivers
o02dbeeb4 .functor BUFZ 5, C4<zzzzz>; HiZ drive
v02dbbc30_0 .net "WriteReg_W", 4 0, o02dbeeb4;  0 drivers
o02dbeecc .functor BUFZ 2, C4<zz>; HiZ drive
v02dbb6b0_0 .net "WriteSel_E", 1 0, o02dbeecc;  0 drivers
o02dbeee4 .functor BUFZ 2, C4<zz>; HiZ drive
v02dbb760_0 .net "WriteSel_M", 1 0, o02dbeee4;  0 drivers
v02dbb4f8_0 .net *"_s0", 31 0, L_02df9a28;  1 drivers
v02dbbc88_0 .net *"_s10", 0 0, L_02db9ac0;  1 drivers
v02dbbd38_0 .net *"_s100", 0 0, L_02dba330;  1 drivers
L_02dfa230 .functor BUFT 1, C4<011>, C4<0>, C4<0>, C4<0>;
v02dbbd90_0 .net/2u *"_s102", 2 0, L_02dfa230;  1 drivers
v02dbbe98_0 .net *"_s104", 31 0, L_02e32f80;  1 drivers
L_02dfa258 .functor BUFT 1, C4<000000000000000000000000000>, C4<0>, C4<0>, C4<0>;
v02dbb4a0_0 .net *"_s107", 26 0, L_02dfa258;  1 drivers
L_02dfa280 .functor BUFT 1, C4<00000000000000000000000000000000>, C4<0>, C4<0>, C4<0>;
v02dbb550_0 .net/2u *"_s108", 31 0, L_02dfa280;  1 drivers
v02df1be0_0 .net *"_s110", 0 0, L_02e33088;  1 drivers
v02df1978_0 .net *"_s112", 0 0, L_02e33978;  1 drivers
v02df1a80_0 .net *"_s114", 0 0, L_02db9ef8;  1 drivers
L_02dfa2a8 .functor BUFT 1, C4<1>, C4<0>, C4<0>, C4<0>;
v02df23c8_0 .net/2u *"_s116", 0 0, L_02dfa2a8;  1 drivers
v02df2370_0 .net *"_s118", 0 0, L_02e33450;  1 drivers
L_02df9f88 .functor BUFT 1, C4<1>, C4<0>, C4<0>, C4<0>;
v02df1f50_0 .net/2u *"_s12", 0 0, L_02df9f88;  1 drivers
v02df2108_0 .net *"_s120", 0 0, L_02dba258;  1 drivers
L_02dfa2d0 .functor BUFT 1, C4<01>, C4<0>, C4<0>, C4<0>;
v02df1a28_0 .net/2u *"_s122", 1 0, L_02dfa2d0;  1 drivers
v02df1ea0_0 .net *"_s124", 0 0, L_02e333a0;  1 drivers
v02df1c38_0 .net *"_s126", 0 0, L_02db9f88;  1 drivers
L_02dfa2f8 .functor BUFT 1, C4<010>, C4<0>, C4<0>, C4<0>;
v02df2210_0 .net/2u *"_s128", 2 0, L_02dfa2f8;  1 drivers
v02df22c0_0 .net *"_s130", 31 0, L_02e33608;  1 drivers
L_02dfa320 .functor BUFT 1, C4<000000000000000000000000000>, C4<0>, C4<0>, C4<0>;
v02df19d0_0 .net *"_s133", 26 0, L_02dfa320;  1 drivers
L_02dfa348 .functor BUFT 1, C4<00000000000000000000000000000000>, C4<0>, C4<0>, C4<0>;
v02df1ef8_0 .net/2u *"_s134", 31 0, L_02dfa348;  1 drivers
v02df2318_0 .net *"_s136", 0 0, L_02e33138;  1 drivers
v02df1b88_0 .net *"_s138", 0 0, L_02e33710;  1 drivers
v02df1920_0 .net *"_s14", 0 0, L_02df9b30;  1 drivers
v02df1d40_0 .net *"_s140", 0 0, L_02db9eb0;  1 drivers
L_02dfa370 .functor BUFT 1, C4<1>, C4<0>, C4<0>, C4<0>;
v02df1b30_0 .net/2u *"_s142", 0 0, L_02dfa370;  1 drivers
v02df1ad8_0 .net *"_s144", 0 0, L_02e33190;  1 drivers
v02df1c90_0 .net *"_s146", 0 0, L_02db9d90;  1 drivers
L_02dfa398 .functor BUFT 1, C4<001>, C4<0>, C4<0>, C4<0>;
v02df1ce8_0 .net/2u *"_s148", 2 0, L_02dfa398;  1 drivers
L_02dfa3c0 .functor BUFT 1, C4<000>, C4<0>, C4<0>, C4<0>;
v02df2268_0 .net/2u *"_s150", 2 0, L_02dfa3c0;  1 drivers
v02df1fa8_0 .net *"_s152", 2 0, L_02e33a28;  1 drivers
v02df1d98_0 .net *"_s154", 2 0, L_02e33920;  1 drivers
v02df1df0_0 .net *"_s156", 2 0, L_02e33660;  1 drivers
v02df1e48_0 .net *"_s158", 2 0, L_02e336b8;  1 drivers
v02df2000_0 .net *"_s16", 0 0, L_02db9b08;  1 drivers
v02df2058_0 .net *"_s160", 2 0, L_02e334a8;  1 drivers
v02df20b0_0 .net *"_s164", 31 0, L_02e338c8;  1 drivers
L_02dfa3e8 .functor BUFT 1, C4<000000000000000000000000000>, C4<0>, C4<0>, C4<0>;
v02df2160_0 .net *"_s167", 26 0, L_02dfa3e8;  1 drivers
L_02dfa410 .functor BUFT 1, C4<00000000000000000000000000000000>, C4<0>, C4<0>, C4<0>;
v02df21b8_0 .net/2u *"_s168", 31 0, L_02dfa410;  1 drivers
v02df2738_0 .net *"_s170", 0 0, L_02e331e8;  1 drivers
v02df2478_0 .net *"_s172", 0 0, L_02e337c0;  1 drivers
v02df2790_0 .net *"_s174", 0 0, L_02dba0a8;  1 drivers
L_02dfa438 .functor BUFT 1, C4<1>, C4<0>, C4<0>, C4<0>;
v02df2580_0 .net/2u *"_s176", 0 0, L_02dfa438;  1 drivers
v02df27e8_0 .net *"_s178", 0 0, L_02e335b0;  1 drivers
L_02df9fb0 .functor BUFT 1, C4<10>, C4<0>, C4<0>, C4<0>;
v02df2420_0 .net/2u *"_s18", 1 0, L_02df9fb0;  1 drivers
v02df26e0_0 .net *"_s180", 0 0, L_02dba378;  1 drivers
L_02dfa460 .functor BUFT 1, C4<10>, C4<0>, C4<0>, C4<0>;
v02df25d8_0 .net/2u *"_s182", 1 0, L_02dfa460;  1 drivers
v02df2840_0 .net *"_s184", 0 0, L_02e33240;  1 drivers
v02df2630_0 .net *"_s186", 0 0, L_02dba210;  1 drivers
L_02dfa488 .functor BUFT 1, C4<110>, C4<0>, C4<0>, C4<0>;
v02df24d0_0 .net/2u *"_s188", 2 0, L_02dfa488;  1 drivers
v02df2898_0 .net *"_s190", 31 0, L_02e339d0;  1 drivers
L_02dfa4b0 .functor BUFT 1, C4<000000000000000000000000000>, C4<0>, C4<0>, C4<0>;
v02df2528_0 .net *"_s193", 26 0, L_02dfa4b0;  1 drivers
L_02dfa4d8 .functor BUFT 1, C4<00000000000000000000000000000000>, C4<0>, C4<0>, C4<0>;
v02df2688_0 .net/2u *"_s194", 31 0, L_02dfa4d8;  1 drivers
v02df35d8_0 .net *"_s196", 0 0, L_02e33818;  1 drivers
v02df2d40_0 .net *"_s198", 0 0, L_02e330e0;  1 drivers
v02df3000_0 .net *"_s20", 0 0, L_02df9608;  1 drivers
v02df2b30_0 .net *"_s200", 0 0, L_02dba408;  1 drivers
L_02dfa500 .functor BUFT 1, C4<1>, C4<0>, C4<0>, C4<0>;
v02df2f50_0 .net/2u *"_s202", 0 0, L_02dfa500;  1 drivers
v02df2c38_0 .net *"_s204", 0 0, L_02e33500;  1 drivers
v02df2b88_0 .net *"_s206", 0 0, L_02dba0f0;  1 drivers
L_02dfa528 .functor BUFT 1, C4<01>, C4<0>, C4<0>, C4<0>;
v02df2ef8_0 .net/2u *"_s208", 1 0, L_02dfa528;  1 drivers
v02df3318_0 .net *"_s210", 0 0, L_02e32fd8;  1 drivers
v02df34d0_0 .net *"_s212", 0 0, L_02dba180;  1 drivers
L_02dfa550 .functor BUFT 1, C4<101>, C4<0>, C4<0>, C4<0>;
v02df2c90_0 .net/2u *"_s214", 2 0, L_02dfa550;  1 drivers
v02df2be0_0 .net *"_s216", 31 0, L_02e33870;  1 drivers
L_02dfa578 .functor BUFT 1, C4<000000000000000000000000000>, C4<0>, C4<0>, C4<0>;
v02df2ce8_0 .net *"_s219", 26 0, L_02dfa578;  1 drivers
v02df3528_0 .net *"_s22", 0 0, L_02db9b50;  1 drivers
L_02dfa5a0 .functor BUFT 1, C4<00000000000000000000000000000000>, C4<0>, C4<0>, C4<0>;
v02df2d98_0 .net/2u *"_s220", 31 0, L_02dfa5a0;  1 drivers
v02df3108_0 .net *"_s222", 0 0, L_02e33298;  1 drivers
v02df3058_0 .net *"_s224", 0 0, L_02e33348;  1 drivers
v02df2df0_0 .net *"_s226", 0 0, L_02dba2a0;  1 drivers
L_02dfa5c8 .functor BUFT 1, C4<1>, C4<0>, C4<0>, C4<0>;
v02df2fa8_0 .net/2u *"_s228", 0 0, L_02dfa5c8;  1 drivers
v02df3160_0 .net *"_s230", 0 0, L_02e333f8;  1 drivers
v02df2e48_0 .net *"_s232", 0 0, L_02dba2e8;  1 drivers
L_02dfa5f0 .functor BUFT 1, C4<00>, C4<0>, C4<0>, C4<0>;
v02df30b0_0 .net/2u *"_s234", 1 0, L_02dfa5f0;  1 drivers
v02df3420_0 .net *"_s236", 0 0, L_02e33558;  1 drivers
v02df2ea0_0 .net *"_s238", 0 0, L_02dba3c0;  1 drivers
L_02df9fd8 .functor BUFT 1, C4<110>, C4<0>, C4<0>, C4<0>;
v02df3478_0 .net/2u *"_s24", 2 0, L_02df9fd8;  1 drivers
L_02dfa618 .functor BUFT 1, C4<100>, C4<0>, C4<0>, C4<0>;
v02df31b8_0 .net/2u *"_s240", 2 0, L_02dfa618;  1 drivers
v02df3210_0 .net *"_s242", 31 0, L_02e34370;  1 drivers
L_02dfa640 .functor BUFT 1, C4<000000000000000000000000000>, C4<0>, C4<0>, C4<0>;
v02df3268_0 .net *"_s245", 26 0, L_02dfa640;  1 drivers
L_02dfa668 .functor BUFT 1, C4<00000000000000000000000000000000>, C4<0>, C4<0>, C4<0>;
v02df32c0_0 .net/2u *"_s246", 31 0, L_02dfa668;  1 drivers
v02df3370_0 .net *"_s248", 0 0, L_02e33b30;  1 drivers
v02df33c8_0 .net *"_s250", 0 0, L_02e34268;  1 drivers
v02df3580_0 .net *"_s252", 0 0, L_02db9dd8;  1 drivers
L_02dfa690 .functor BUFT 1, C4<1>, C4<0>, C4<0>, C4<0>;
v02df3688_0 .net/2u *"_s254", 0 0, L_02dfa690;  1 drivers
v02df3c60_0 .net *"_s256", 0 0, L_02e33ad8;  1 drivers
v02df3738_0 .net *"_s258", 0 0, L_02db9e68;  1 drivers
v02df36e0_0 .net *"_s26", 31 0, L_02df9b88;  1 drivers
L_02dfa6b8 .functor BUFT 1, C4<10>, C4<0>, C4<0>, C4<0>;
v02df3b58_0 .net/2u *"_s260", 1 0, L_02dfa6b8;  1 drivers
v02df3e70_0 .net *"_s262", 0 0, L_02e344d0;  1 drivers
v02df3d10_0 .net *"_s264", 0 0, L_02db9e20;  1 drivers
L_02dfa6e0 .functor BUFT 1, C4<011>, C4<0>, C4<0>, C4<0>;
v02df3cb8_0 .net/2u *"_s266", 2 0, L_02dfa6e0;  1 drivers
v02df38f0_0 .net *"_s268", 31 0, L_02e33b88;  1 drivers
L_02dfa708 .functor BUFT 1, C4<000000000000000000000000000>, C4<0>, C4<0>, C4<0>;
v02df3d68_0 .net *"_s271", 26 0, L_02dfa708;  1 drivers
L_02dfa730 .functor BUFT 1, C4<00000000000000000000000000000000>, C4<0>, C4<0>, C4<0>;
v02df3ec8_0 .net/2u *"_s272", 31 0, L_02dfa730;  1 drivers
v02df3790_0 .net *"_s274", 0 0, L_02e33a80;  1 drivers
v02df37e8_0 .net *"_s276", 0 0, L_02e34000;  1 drivers
v02df3948_0 .net *"_s278", 0 0, L_02db9fd0;  1 drivers
L_02dfa758 .functor BUFT 1, C4<1>, C4<0>, C4<0>, C4<0>;
v02df3fd0_0 .net/2u *"_s280", 0 0, L_02dfa758;  1 drivers
v02df3dc0_0 .net *"_s282", 0 0, L_02e33ce8;  1 drivers
v02df39f8_0 .net *"_s284", 0 0, L_02db9f40;  1 drivers
L_02dfa780 .functor BUFT 1, C4<01>, C4<0>, C4<0>, C4<0>;
v02df3840_0 .net/2u *"_s286", 1 0, L_02dfa780;  1 drivers
v02df3bb0_0 .net *"_s288", 0 0, L_02e342c0;  1 drivers
L_02dfa000 .functor BUFT 1, C4<000000000000000000000000000>, C4<0>, C4<0>, C4<0>;
v02df3898_0 .net *"_s29", 26 0, L_02dfa000;  1 drivers
v02df3c08_0 .net *"_s290", 0 0, L_02dba018;  1 drivers
L_02dfa7a8 .functor BUFT 1, C4<010>, C4<0>, C4<0>, C4<0>;
v02df39a0_0 .net/2u *"_s292", 2 0, L_02dfa7a8;  1 drivers
v02df3e18_0 .net *"_s294", 31 0, L_02e33d98;  1 drivers
L_02dfa7d0 .functor BUFT 1, C4<000000000000000000000000000>, C4<0>, C4<0>, C4<0>;
v02df3f20_0 .net *"_s297", 26 0, L_02dfa7d0;  1 drivers
L_02dfa7f8 .functor BUFT 1, C4<00000000000000000000000000000000>, C4<0>, C4<0>, C4<0>;
v02df3f78_0 .net/2u *"_s298", 31 0, L_02dfa7f8;  1 drivers
L_02df9f38 .functor BUFT 1, C4<000000000000000000000000000>, C4<0>, C4<0>, C4<0>;
v02df4080_0 .net *"_s3", 26 0, L_02df9f38;  1 drivers
L_02dfa028 .functor BUFT 1, C4<00000000000000000000000000000000>, C4<0>, C4<0>, C4<0>;
v02df3a50_0 .net/2u *"_s30", 31 0, L_02dfa028;  1 drivers
v02df3aa8_0 .net *"_s300", 0 0, L_02e34108;  1 drivers
v02df3b00_0 .net *"_s302", 0 0, L_02e34528;  1 drivers
v02df4028_0 .net *"_s304", 0 0, L_02dba060;  1 drivers
L_02dfa820 .functor BUFT 1, C4<1>, C4<0>, C4<0>, C4<0>;
v02df40d8_0 .net/2u *"_s306", 0 0, L_02dfa820;  1 drivers
v02df3630_0 .net *"_s308", 0 0, L_02e33c90;  1 drivers
v02df4a20_0 .net *"_s310", 0 0, L_02dba138;  1 drivers
L_02dfa848 .functor BUFT 1, C4<001>, C4<0>, C4<0>, C4<0>;
v02df4658_0 .net/2u *"_s312", 2 0, L_02dfa848;  1 drivers
L_02dfa870 .functor BUFT 1, C4<000>, C4<0>, C4<0>, C4<0>;
v02df4810_0 .net/2u *"_s314", 2 0, L_02dfa870;  1 drivers
v02df4970_0 .net *"_s316", 2 0, L_02e33df0;  1 drivers
v02df4130_0 .net *"_s318", 2 0, L_02e33be0;  1 drivers
v02df4918_0 .net *"_s32", 0 0, L_02df9818;  1 drivers
v02df46b0_0 .net *"_s320", 2 0, L_02e34420;  1 drivers
v02df4708_0 .net *"_s322", 2 0, L_02e34160;  1 drivers
v02df49c8_0 .net *"_s324", 2 0, L_02e341b8;  1 drivers
v02df44a0_0 .net *"_s328", 31 0, L_02e34210;  1 drivers
L_02dfa898 .functor BUFT 1, C4<000000000000000000000000000>, C4<0>, C4<0>, C4<0>;
v02df4398_0 .net *"_s331", 26 0, L_02dfa898;  1 drivers
L_02dfa8c0 .functor BUFT 1, C4<00000000000000000000000000000000>, C4<0>, C4<0>, C4<0>;
v02df4760_0 .net/2u *"_s332", 31 0, L_02dfa8c0;  1 drivers
v02df4340_0 .net *"_s334", 0 0, L_02e33e48;  1 drivers
v02df4448_0 .net *"_s336", 0 0, L_02e34318;  1 drivers
v02df47b8_0 .net *"_s338", 0 0, L_02e37050;  1 drivers
v02df44f8_0 .net *"_s34", 0 0, L_02df9a80;  1 drivers
v02df4868_0 .net *"_s340", 0 0, L_02e36b88;  1 drivers
L_02dfa8e8 .functor BUFT 1, C4<01>, C4<0>, C4<0>, C4<0>;
v02df4a78_0 .net/2u *"_s342", 1 0, L_02dfa8e8;  1 drivers
v02df48c0_0 .net *"_s344", 0 0, L_02e33c38;  1 drivers
v02df4188_0 .net *"_s346", 0 0, L_02e36870;  1 drivers
L_02dfa910 .functor BUFT 1, C4<101>, C4<0>, C4<0>, C4<0>;
v02df4290_0 .net/2u *"_s348", 2 0, L_02dfa910;  1 drivers
v02df43f0_0 .net *"_s350", 31 0, L_02e33d40;  1 drivers
L_02dfa938 .functor BUFT 1, C4<000000000000000000000000000>, C4<0>, C4<0>, C4<0>;
v02df41e0_0 .net *"_s353", 26 0, L_02dfa938;  1 drivers
L_02dfa960 .functor BUFT 1, C4<00000000000000000000000000000000>, C4<0>, C4<0>, C4<0>;
v02df4238_0 .net/2u *"_s354", 31 0, L_02dfa960;  1 drivers
v02df42e8_0 .net *"_s356", 0 0, L_02e33ea0;  1 drivers
v02df4550_0 .net *"_s358", 0 0, L_02e343c8;  1 drivers
v02df45a8_0 .net *"_s36", 0 0, L_02db9490;  1 drivers
v02df4600_0 .net *"_s360", 0 0, L_02e36a20;  1 drivers
v02df5e80_0 .net *"_s362", 0 0, L_02e37008;  1 drivers
L_02dfa988 .functor BUFT 1, C4<10>, C4<0>, C4<0>, C4<0>;
v02df5c18_0 .net/2u *"_s364", 1 0, L_02dfa988;  1 drivers
v02df5f30_0 .net *"_s366", 0 0, L_02e33ef8;  1 drivers
v02df5a60_0 .net *"_s368", 0 0, L_02e36dc8;  1 drivers
L_02dfa9b0 .functor BUFT 1, C4<100>, C4<0>, C4<0>, C4<0>;
v02df59b0_0 .net/2u *"_s370", 2 0, L_02dfa9b0;  1 drivers
v02df57f8_0 .net *"_s372", 31 0, L_02e34058;  1 drivers
L_02dfa9d8 .functor BUFT 1, C4<000000000000000000000000000>, C4<0>, C4<0>, C4<0>;
v02df5c70_0 .net *"_s375", 26 0, L_02dfa9d8;  1 drivers
L_02dfaa00 .functor BUFT 1, C4<00000000000000000000000000000000>, C4<0>, C4<0>, C4<0>;
v02df5cc8_0 .net/2u *"_s376", 31 0, L_02dfaa00;  1 drivers
v02df5d20_0 .net *"_s378", 0 0, L_02e33f50;  1 drivers
L_02dfa050 .functor BUFT 1, C4<1>, C4<0>, C4<0>, C4<0>;
v02df5ed8_0 .net/2u *"_s38", 0 0, L_02dfa050;  1 drivers
v02df5900_0 .net *"_s380", 0 0, L_02e34478;  1 drivers
v02df5958_0 .net *"_s382", 0 0, L_02e36ca8;  1 drivers
v02df5f88_0 .net *"_s384", 0 0, L_02e36f30;  1 drivers
L_02dfaa28 .functor BUFT 1, C4<00>, C4<0>, C4<0>, C4<0>;
v02df5d78_0 .net/2u *"_s386", 1 0, L_02dfaa28;  1 drivers
v02df60e8_0 .net *"_s388", 0 0, L_02e340b0;  1 drivers
v02df61f0_0 .net *"_s390", 0 0, L_02e36fc0;  1 drivers
L_02dfaa50 .functor BUFT 1, C4<011>, C4<0>, C4<0>, C4<0>;
v02df5a08_0 .net/2u *"_s392", 2 0, L_02dfaa50;  1 drivers
v02df5dd0_0 .net *"_s394", 31 0, L_02e349f8;  1 drivers
L_02dfaa78 .functor BUFT 1, C4<000000000000000000000000000>, C4<0>, C4<0>, C4<0>;
v02df5b68_0 .net *"_s397", 26 0, L_02dfaa78;  1 drivers
L_02dfaaa0 .functor BUFT 1, C4<00000000000000000000000000000000>, C4<0>, C4<0>, C4<0>;
v02df5e28_0 .net/2u *"_s398", 31 0, L_02dfaaa0;  1 drivers
L_02df9f60 .functor BUFT 1, C4<00000000000000000000000000000000>, C4<0>, C4<0>, C4<0>;
v02df5fe0_0 .net/2u *"_s4", 31 0, L_02df9f60;  1 drivers
v02df6038_0 .net *"_s40", 0 0, L_02df9978;  1 drivers
v02df5ab8_0 .net *"_s400", 0 0, L_02e34840;  1 drivers
v02df6090_0 .net *"_s402", 0 0, L_02e347e8;  1 drivers
v02df5bc0_0 .net *"_s404", 0 0, L_02e36cf0;  1 drivers
v02df5748_0 .net *"_s406", 0 0, L_02e36d38;  1 drivers
L_02dfaac8 .functor BUFT 1, C4<10>, C4<0>, C4<0>, C4<0>;
v02df57a0_0 .net/2u *"_s408", 1 0, L_02dfaac8;  1 drivers
v02df6140_0 .net *"_s410", 0 0, L_02e34ec8;  1 drivers
v02df5b10_0 .net *"_s412", 0 0, L_02e36798;  1 drivers
L_02dfaaf0 .functor BUFT 1, C4<010>, C4<0>, C4<0>, C4<0>;
v02df5850_0 .net/2u *"_s414", 2 0, L_02dfaaf0;  1 drivers
v02df6198_0 .net *"_s416", 31 0, L_02e349a0;  1 drivers
L_02dfab18 .functor BUFT 1, C4<000000000000000000000000000>, C4<0>, C4<0>, C4<0>;
v02df58a8_0 .net *"_s419", 26 0, L_02dfab18;  1 drivers
v02df6878_0 .net *"_s42", 0 0, L_02db95f8;  1 drivers
L_02dfab40 .functor BUFT 1, C4<00000000000000000000000000000000>, C4<0>, C4<0>, C4<0>;
v02df6928_0 .net/2u *"_s420", 31 0, L_02dfab40;  1 drivers
v02df6350_0 .net *"_s422", 0 0, L_02e34580;  1 drivers
v02df6668_0 .net *"_s424", 0 0, L_02e34a50;  1 drivers
v02df62a0_0 .net *"_s426", 0 0, L_02e36a68;  1 drivers
v02df6c98_0 .net *"_s428", 0 0, L_02e36bd0;  1 drivers
L_02dfab68 .functor BUFT 1, C4<01>, C4<0>, C4<0>, C4<0>;
v02df6718_0 .net/2u *"_s430", 1 0, L_02dfab68;  1 drivers
v02df6b38_0 .net *"_s432", 0 0, L_02e34aa8;  1 drivers
v02df62f8_0 .net *"_s434", 0 0, L_02e36c60;  1 drivers
L_02dfab90 .functor BUFT 1, C4<001>, C4<0>, C4<0>, C4<0>;
v02df6b90_0 .net/2u *"_s436", 2 0, L_02dfab90;  1 drivers
L_02dfabb8 .functor BUFT 1, C4<000>, C4<0>, C4<0>, C4<0>;
v02df65b8_0 .net/2u *"_s438", 2 0, L_02dfabb8;  1 drivers
L_02dfa078 .functor BUFT 1, C4<01>, C4<0>, C4<0>, C4<0>;
v02df64b0_0 .net/2u *"_s44", 1 0, L_02dfa078;  1 drivers
v02df68d0_0 .net *"_s440", 2 0, L_02e345d8;  1 drivers
v02df6458_0 .net *"_s442", 2 0, L_02e34c08;  1 drivers
v02df63a8_0 .net *"_s444", 2 0, L_02e34c60;  1 drivers
v02df6610_0 .net *"_s446", 2 0, L_02e34b00;  1 drivers
v02df6980_0 .net *"_s450", 31 0, L_02e34e70;  1 drivers
L_02dfabe0 .functor BUFT 1, C4<000000000000000000000000000>, C4<0>, C4<0>, C4<0>;
v02df66c0_0 .net *"_s453", 26 0, L_02dfabe0;  1 drivers
L_02dfac08 .functor BUFT 1, C4<00000000000000000000000000000000>, C4<0>, C4<0>, C4<0>;
v02df6be8_0 .net/2u *"_s454", 31 0, L_02dfac08;  1 drivers
v02df69d8_0 .net *"_s456", 0 0, L_02e34630;  1 drivers
v02df6508_0 .net *"_s458", 0 0, L_02e34790;  1 drivers
v02df6248_0 .net *"_s46", 0 0, L_02df9c38;  1 drivers
v02df6a30_0 .net *"_s460", 0 0, L_02e36ab0;  1 drivers
v02df67c8_0 .net *"_s462", 0 0, L_02e367e0;  1 drivers
L_02dfac30 .functor BUFT 1, C4<01>, C4<0>, C4<0>, C4<0>;
v02df6400_0 .net/2u *"_s464", 1 0, L_02dfac30;  1 drivers
v02df6ae0_0 .net *"_s466", 0 0, L_02e34bb0;  1 drivers
v02df6c40_0 .net *"_s468", 0 0, L_02e36f78;  1 drivers
L_02dfac58 .functor BUFT 1, C4<101>, C4<0>, C4<0>, C4<0>;
v02df6560_0 .net/2u *"_s470", 2 0, L_02dfac58;  1 drivers
v02df6a88_0 .net *"_s472", 31 0, L_02e34cb8;  1 drivers
L_02dfac80 .functor BUFT 1, C4<000000000000000000000000000>, C4<0>, C4<0>, C4<0>;
v02df6770_0 .net *"_s475", 26 0, L_02dfac80;  1 drivers
L_02dfaca8 .functor BUFT 1, C4<00000000000000000000000000000000>, C4<0>, C4<0>, C4<0>;
v02df6820_0 .net/2u *"_s476", 31 0, L_02dfaca8;  1 drivers
v02df6cf0_0 .net *"_s478", 0 0, L_02e34d10;  1 drivers
v02df70b8_0 .net *"_s48", 0 0, L_02db9688;  1 drivers
v02df6d48_0 .net *"_s480", 0 0, L_02e34e18;  1 drivers
v02df71c0_0 .net *"_s482", 0 0, L_02e36990;  1 drivers
v02df6fb0_0 .net *"_s484", 0 0, L_02e36828;  1 drivers
L_02dfacd0 .functor BUFT 1, C4<10>, C4<0>, C4<0>, C4<0>;
v02df6ea8_0 .net/2u *"_s486", 1 0, L_02dfacd0;  1 drivers
v02df7008_0 .net *"_s488", 0 0, L_02e34d68;  1 drivers
v02df7690_0 .net *"_s490", 0 0, L_02e369d8;  1 drivers
L_02dfacf8 .functor BUFT 1, C4<100>, C4<0>, C4<0>, C4<0>;
v02df6f00_0 .net/2u *"_s492", 2 0, L_02dfacf8;  1 drivers
v02df74d8_0 .net *"_s494", 31 0, L_02e34dc0;  1 drivers
L_02dfad20 .functor BUFT 1, C4<000000000000000000000000000>, C4<0>, C4<0>, C4<0>;
v02df72c8_0 .net *"_s497", 26 0, L_02dfad20;  1 drivers
L_02dfad48 .functor BUFT 1, C4<00000000000000000000000000000000>, C4<0>, C4<0>, C4<0>;
v02df75e0_0 .net/2u *"_s498", 31 0, L_02dfad48;  1 drivers
L_02dfa0a0 .functor BUFT 1, C4<101>, C4<0>, C4<0>, C4<0>;
v02df7638_0 .net/2u *"_s50", 2 0, L_02dfa0a0;  1 drivers
v02df7218_0 .net *"_s500", 0 0, L_02e34688;  1 drivers
v02df6da0_0 .net *"_s502", 0 0, L_02e34898;  1 drivers
v02df7168_0 .net *"_s504", 0 0, L_02e36e10;  1 drivers
v02df6f58_0 .net *"_s506", 0 0, L_02e36e58;  1 drivers
L_02dfad70 .functor BUFT 1, C4<00>, C4<0>, C4<0>, C4<0>;
v02df6df8_0 .net/2u *"_s508", 1 0, L_02dfad70;  1 drivers
v02df7270_0 .net *"_s510", 0 0, L_02e346e0;  1 drivers
v02df7320_0 .net *"_s512", 0 0, L_02e36c18;  1 drivers
L_02dfad98 .functor BUFT 1, C4<011>, C4<0>, C4<0>, C4<0>;
v02df6e50_0 .net/2u *"_s514", 2 0, L_02dfad98;  1 drivers
v02df7378_0 .net *"_s516", 31 0, L_02e348f0;  1 drivers
L_02dfadc0 .functor BUFT 1, C4<000000000000000000000000000>, C4<0>, C4<0>, C4<0>;
v02df7060_0 .net *"_s519", 26 0, L_02dfadc0;  1 drivers
v02df73d0_0 .net *"_s52", 31 0, L_02df9c90;  1 drivers
L_02dfade8 .functor BUFT 1, C4<00000000000000000000000000000000>, C4<0>, C4<0>, C4<0>;
v02df7110_0 .net/2u *"_s520", 31 0, L_02dfade8;  1 drivers
v02df7428_0 .net *"_s522", 0 0, L_02e34948;  1 drivers
v02df7480_0 .net *"_s524", 0 0, L_02e34738;  1 drivers
v02df7530_0 .net *"_s526", 0 0, L_02e36948;  1 drivers
v02df7588_0 .net *"_s528", 0 0, L_02e368b8;  1 drivers
L_02dfae10 .functor BUFT 1, C4<10>, C4<0>, C4<0>, C4<0>;
v02df86e8_0 .net/2u *"_s530", 1 0, L_02dfae10;  1 drivers
v02df8740_0 .net *"_s532", 0 0, L_02e3af50;  1 drivers
v02df8060_0 .net *"_s534", 0 0, L_02e36900;  1 drivers
L_02dfae38 .functor BUFT 1, C4<010>, C4<0>, C4<0>, C4<0>;
v02df8320_0 .net/2u *"_s536", 2 0, L_02dfae38;  1 drivers
v02df82c8_0 .net *"_s538", 31 0, L_02e3b630;  1 drivers
L_02dfae60 .functor BUFT 1, C4<000000000000000000000000000>, C4<0>, C4<0>, C4<0>;
v02df8168_0 .net *"_s541", 26 0, L_02dfae60;  1 drivers
L_02dfae88 .functor BUFT 1, C4<00000000000000000000000000000000>, C4<0>, C4<0>, C4<0>;
v02df85e0_0 .net/2u *"_s542", 31 0, L_02dfae88;  1 drivers
v02df8480_0 .net *"_s544", 0 0, L_02e3ac90;  1 drivers
v02df8378_0 .net *"_s546", 0 0, L_02e3ad40;  1 drivers
v02df7fb0_0 .net *"_s548", 0 0, L_02e36d80;  1 drivers
L_02dfa0c8 .functor BUFT 1, C4<000000000000000000000000000>, C4<0>, C4<0>, C4<0>;
v02df8008_0 .net *"_s55", 26 0, L_02dfa0c8;  1 drivers
v02df80b8_0 .net *"_s550", 0 0, L_02e36ea0;  1 drivers
L_02dfaeb0 .functor BUFT 1, C4<01>, C4<0>, C4<0>, C4<0>;
v02df8110_0 .net/2u *"_s552", 1 0, L_02dfaeb0;  1 drivers
v02df84d8_0 .net *"_s554", 0 0, L_02e3afa8;  1 drivers
v02df81c0_0 .net *"_s556", 0 0, L_02e36ee8;  1 drivers
L_02dfaed8 .functor BUFT 1, C4<001>, C4<0>, C4<0>, C4<0>;
v02df8218_0 .net/2u *"_s558", 2 0, L_02dfaed8;  1 drivers
L_02dfa0f0 .functor BUFT 1, C4<00000000000000000000000000000000>, C4<0>, C4<0>, C4<0>;
v02df8588_0 .net/2u *"_s56", 31 0, L_02dfa0f0;  1 drivers
L_02dfaf00 .functor BUFT 1, C4<000>, C4<0>, C4<0>, C4<0>;
v02df8270_0 .net/2u *"_s560", 2 0, L_02dfaf00;  1 drivers
v02df8638_0 .net *"_s562", 2 0, L_02e3b1b8;  1 drivers
v02df8798_0 .net *"_s564", 2 0, L_02e3b528;  1 drivers
v02df83d0_0 .net *"_s566", 2 0, L_02e3b0b0;  1 drivers
v02df8690_0 .net *"_s568", 2 0, L_02e3b268;  1 drivers
v02df88f8_0 .net *"_s572", 0 0, L_02e3b370;  1 drivers
v02df8a00_0 .net *"_s574", 0 0, L_02e36af8;  1 drivers
v02df8530_0 .net *"_s576", 0 0, L_02e3ad98;  1 drivers
v02df8428_0 .net *"_s578", 0 0, L_02e36b40;  1 drivers
v02df87f0_0 .net *"_s58", 0 0, L_02df9558;  1 drivers
v02df8848_0 .net *"_s580", 0 0, L_02e37440;  1 drivers
v02df88a0_0 .net *"_s584", 0 0, L_02e37488;  1 drivers
v02df89a8_0 .net *"_s586", 0 0, L_02e3abe0;  1 drivers
v02df8950_0 .net *"_s588", 0 0, L_02e3ac38;  1 drivers
v02df7f58_0 .net *"_s590", 0 0, L_02e37128;  1 drivers
v02df90e0_0 .net *"_s592", 0 0, L_02e37290;  1 drivers
v02df94a8_0 .net *"_s594", 0 0, L_02e37638;  1 drivers
v02df9030_0 .net *"_s596", 0 0, L_02e3b3c8;  1 drivers
v02df8dc8_0 .net *"_s598", 0 0, L_02e3b108;  1 drivers
v02df9298_0 .net *"_s6", 0 0, L_02df9ad8;  1 drivers
v02df93f8_0 .net *"_s60", 0 0, L_02df95b0;  1 drivers
v02df9088_0 .net *"_s600", 0 0, L_02e376c8;  1 drivers
v02df92f0_0 .net *"_s602", 0 0, L_02e37710;  1 drivers
v02df8ab0_0 .net *"_s606", 0 0, L_02e37368;  1 drivers
v02df8bb8_0 .net *"_s608", 0 0, L_02e37170;  1 drivers
v02df8a58_0 .net *"_s610", 0 0, L_02e3b2c0;  1 drivers
v02df9500_0 .net *"_s612", 0 0, L_02e374d0;  1 drivers
v02df9138_0 .net *"_s614", 0 0, L_02e37680;  1 drivers
v02df8b08_0 .net *"_s616", 0 0, L_02e373f8;  1 drivers
v02df8fd8_0 .net *"_s618", 0 0, L_02e3b318;  1 drivers
v02df93a0_0 .net *"_s62", 0 0, L_02db9d48;  1 drivers
v02df8b60_0 .net *"_s620", 0 0, L_02e37098;  1 drivers
v02df8c10_0 .net *"_s624", 0 0, L_02e37560;  1 drivers
v02df8e20_0 .net *"_s628", 0 0, L_02e373b0;  1 drivers
v02df9190_0 .net *"_s632", 0 0, L_02e375f0;  1 drivers
L_02dfa118 .functor BUFT 1, C4<1>, C4<0>, C4<0>, C4<0>;
v02df9450_0 .net/2u *"_s64", 0 0, L_02dfa118;  1 drivers
v02df8c68_0 .net *"_s66", 0 0, L_02df9ce8;  1 drivers
v02df8cc0_0 .net *"_s68", 0 0, L_02db96d0;  1 drivers
L_02dfa140 .functor BUFT 1, C4<00>, C4<0>, C4<0>, C4<0>;
v02df8d18_0 .net/2u *"_s70", 1 0, L_02dfa140;  1 drivers
v02df8d70_0 .net *"_s72", 0 0, L_02df9d40;  1 drivers
v02df8e78_0 .net *"_s74", 0 0, L_02db9718;  1 drivers
L_02dfa168 .functor BUFT 1, C4<100>, C4<0>, C4<0>, C4<0>;
v02df8ed0_0 .net/2u *"_s76", 2 0, L_02dfa168;  1 drivers
v02df8f28_0 .net *"_s78", 31 0, L_02df9df0;  1 drivers
v02df8f80_0 .net *"_s8", 0 0, L_02df9be0;  1 drivers
L_02dfa190 .functor BUFT 1, C4<000000000000000000000000000>, C4<0>, C4<0>, C4<0>;
v02df91e8_0 .net *"_s81", 26 0, L_02dfa190;  1 drivers
L_02dfa1b8 .functor BUFT 1, C4<00000000000000000000000000000000>, C4<0>, C4<0>, C4<0>;
v02df9240_0 .net/2u *"_s82", 31 0, L_02dfa1b8;  1 drivers
v02df9348_0 .net *"_s84", 0 0, L_02df9870;  1 drivers
v02df9768_0 .net *"_s86", 0 0, L_02df9920;  1 drivers
v02df9660_0 .net *"_s88", 0 0, L_02db9c28;  1 drivers
L_02dfa1e0 .functor BUFT 1, C4<1>, C4<0>, C4<0>, C4<0>;
v02df99d0_0 .net/2u *"_s90", 0 0, L_02dfa1e0;  1 drivers
v02df9e48_0 .net *"_s92", 0 0, L_02e332f0;  1 drivers
v02df96b8_0 .net *"_s94", 0 0, L_02dba1c8;  1 drivers
L_02dfa208 .functor BUFT 1, C4<10>, C4<0>, C4<0>, C4<0>;
v02df9710_0 .net/2u *"_s96", 1 0, L_02dfa208;  1 drivers
v02df98c8_0 .net *"_s98", 0 0, L_02e33030;  1 drivers
v02df97c0_0 .net "branchstall", 0 0, L_02e372d8;  1 drivers
v02df9d98_0 .net "jrstall", 0 0, L_02e370e0;  1 drivers
v02df9ea0_0 .net "lwstall", 0 0, L_02e37320;  1 drivers
L_02df9a28 .concat [ 5 27 0 0], o02dbedf4, L_02df9f38;
L_02df9ad8 .cmp/ne 32, L_02df9a28, L_02df9f60;
L_02df9be0 .cmp/eq 5, o02dbedf4, o02dbee84;
L_02df9b30 .cmp/eeq 1, o02dbed7c, L_02df9f88;
L_02df9608 .cmp/eq 2, o02dbeecc, L_02df9fb0;
L_02df9b88 .concat [ 5 27 0 0], o02dbedf4, L_02dfa000;
L_02df9818 .cmp/ne 32, L_02df9b88, L_02dfa028;
L_02df9a80 .cmp/eq 5, o02dbedf4, o02dbee84;
L_02df9978 .cmp/eeq 1, o02dbed7c, L_02dfa050;
L_02df9c38 .cmp/eq 2, o02dbeecc, L_02dfa078;
L_02df9c90 .concat [ 5 27 0 0], o02dbedf4, L_02dfa0c8;
L_02df9558 .cmp/ne 32, L_02df9c90, L_02dfa0f0;
L_02df95b0 .cmp/eq 5, o02dbedf4, o02dbee9c;
L_02df9ce8 .cmp/eeq 1, o02dbed94, L_02dfa118;
L_02df9d40 .cmp/eq 2, o02dbeee4, L_02dfa140;
L_02df9df0 .concat [ 5 27 0 0], o02dbedf4, L_02dfa190;
L_02df9870 .cmp/ne 32, L_02df9df0, L_02dfa1b8;
L_02df9920 .cmp/eq 5, o02dbedf4, o02dbee9c;
L_02e332f0 .cmp/eeq 1, o02dbed94, L_02dfa1e0;
L_02e33030 .cmp/eq 2, o02dbeee4, L_02dfa208;
L_02e32f80 .concat [ 5 27 0 0], o02dbedf4, L_02dfa258;
L_02e33088 .cmp/ne 32, L_02e32f80, L_02dfa280;
L_02e33978 .cmp/eq 5, o02dbedf4, o02dbee9c;
L_02e33450 .cmp/eeq 1, o02dbed94, L_02dfa2a8;
L_02e333a0 .cmp/eq 2, o02dbeee4, L_02dfa2d0;
L_02e33608 .concat [ 5 27 0 0], o02dbedf4, L_02dfa320;
L_02e33138 .cmp/ne 32, L_02e33608, L_02dfa348;
L_02e33710 .cmp/eq 5, o02dbedf4, o02dbeeb4;
L_02e33190 .cmp/eeq 1, o02dbedac, L_02dfa370;
L_02e33a28 .functor MUXZ 3, L_02dfa3c0, L_02dfa398, L_02db9d90, C4<>;
L_02e33920 .functor MUXZ 3, L_02e33a28, L_02dfa2f8, L_02db9f88, C4<>;
L_02e33660 .functor MUXZ 3, L_02e33920, L_02dfa230, L_02dba330, C4<>;
L_02e336b8 .functor MUXZ 3, L_02e33660, L_02dfa168, L_02db9718, C4<>;
L_02e334a8 .functor MUXZ 3, L_02e336b8, L_02dfa0a0, L_02db9688, C4<>;
L_02e33768 .functor MUXZ 3, L_02e334a8, L_02df9fd8, L_02db9b50, C4<>;
L_02e338c8 .concat [ 5 27 0 0], o02dbee3c, L_02dfa3e8;
L_02e331e8 .cmp/ne 32, L_02e338c8, L_02dfa410;
L_02e337c0 .cmp/eq 5, o02dbee3c, o02dbee84;
L_02e335b0 .cmp/eeq 1, o02dbed7c, L_02dfa438;
L_02e33240 .cmp/eq 2, o02dbeecc, L_02dfa460;
L_02e339d0 .concat [ 5 27 0 0], o02dbee3c, L_02dfa4b0;
L_02e33818 .cmp/ne 32, L_02e339d0, L_02dfa4d8;
L_02e330e0 .cmp/eq 5, o02dbee3c, o02dbee84;
L_02e33500 .cmp/eeq 1, o02dbed7c, L_02dfa500;
L_02e32fd8 .cmp/eq 2, o02dbeecc, L_02dfa528;
L_02e33870 .concat [ 5 27 0 0], o02dbee3c, L_02dfa578;
L_02e33298 .cmp/ne 32, L_02e33870, L_02dfa5a0;
L_02e33348 .cmp/eq 5, o02dbee3c, o02dbee9c;
L_02e333f8 .cmp/eeq 1, o02dbed94, L_02dfa5c8;
L_02e33558 .cmp/eq 2, o02dbeee4, L_02dfa5f0;
L_02e34370 .concat [ 5 27 0 0], o02dbee3c, L_02dfa640;
L_02e33b30 .cmp/ne 32, L_02e34370, L_02dfa668;
L_02e34268 .cmp/eq 5, o02dbee3c, o02dbee9c;
L_02e33ad8 .cmp/eeq 1, o02dbed94, L_02dfa690;
L_02e344d0 .cmp/eq 2, o02dbeee4, L_02dfa6b8;
L_02e33b88 .concat [ 5 27 0 0], o02dbee3c, L_02dfa708;
L_02e33a80 .cmp/ne 32, L_02e33b88, L_02dfa730;
L_02e34000 .cmp/eq 5, o02dbee3c, o02dbee9c;
L_02e33ce8 .cmp/eeq 1, o02dbed94, L_02dfa758;
L_02e342c0 .cmp/eq 2, o02dbeee4, L_02dfa780;
L_02e33d98 .concat [ 5 27 0 0], o02dbee3c, L_02dfa7d0;
L_02e34108 .cmp/ne 32, L_02e33d98, L_02dfa7f8;
L_02e34528 .cmp/eq 5, o02dbee3c, o02dbeeb4;
L_02e33c90 .cmp/eeq 1, o02dbedac, L_02dfa820;
L_02e33df0 .functor MUXZ 3, L_02dfa870, L_02dfa848, L_02dba138, C4<>;
L_02e33be0 .functor MUXZ 3, L_02e33df0, L_02dfa7a8, L_02dba018, C4<>;
L_02e34420 .functor MUXZ 3, L_02e33be0, L_02dfa6e0, L_02db9e20, C4<>;
L_02e34160 .functor MUXZ 3, L_02e34420, L_02dfa618, L_02dba3c0, C4<>;
L_02e341b8 .functor MUXZ 3, L_02e34160, L_02dfa550, L_02dba180, C4<>;
L_02e33fa8 .functor MUXZ 3, L_02e341b8, L_02dfa488, L_02dba210, C4<>;
L_02e34210 .concat [ 5 27 0 0], o02dbedc4, L_02dfa898;
L_02e33e48 .cmp/ne 32, L_02e34210, L_02dfa8c0;
L_02e34318 .cmp/eq 5, o02dbedc4, o02dbee84;
L_02e33c38 .cmp/eq 2, o02dbeecc, L_02dfa8e8;
L_02e33d40 .concat [ 5 27 0 0], o02dbedc4, L_02dfa938;
L_02e33ea0 .cmp/ne 32, L_02e33d40, L_02dfa960;
L_02e343c8 .cmp/eq 5, o02dbedc4, o02dbee84;
L_02e33ef8 .cmp/eq 2, o02dbeecc, L_02dfa988;
L_02e34058 .concat [ 5 27 0 0], o02dbedc4, L_02dfa9d8;
L_02e33f50 .cmp/ne 32, L_02e34058, L_02dfaa00;
L_02e34478 .cmp/eq 5, o02dbedc4, o02dbee9c;
L_02e340b0 .cmp/eq 2, o02dbeee4, L_02dfaa28;
L_02e349f8 .concat [ 5 27 0 0], o02dbedc4, L_02dfaa78;
L_02e34840 .cmp/ne 32, L_02e349f8, L_02dfaaa0;
L_02e347e8 .cmp/eq 5, o02dbedc4, o02dbee9c;
L_02e34ec8 .cmp/eq 2, o02dbeee4, L_02dfaac8;
L_02e349a0 .concat [ 5 27 0 0], o02dbedc4, L_02dfab18;
L_02e34580 .cmp/ne 32, L_02e349a0, L_02dfab40;
L_02e34a50 .cmp/eq 5, o02dbedc4, o02dbee9c;
L_02e34aa8 .cmp/eq 2, o02dbeee4, L_02dfab68;
L_02e345d8 .functor MUXZ 3, L_02dfabb8, L_02dfab90, L_02e36c60, C4<>;
L_02e34c08 .functor MUXZ 3, L_02e345d8, L_02dfaaf0, L_02e36798, C4<>;
L_02e34c60 .functor MUXZ 3, L_02e34c08, L_02dfaa50, L_02e36fc0, C4<>;
L_02e34b00 .functor MUXZ 3, L_02e34c60, L_02dfa9b0, L_02e36dc8, C4<>;
L_02e34b58 .functor MUXZ 3, L_02e34b00, L_02dfa910, L_02e36870, C4<>;
L_02e34e70 .concat [ 5 27 0 0], o02dbee0c, L_02dfabe0;
L_02e34630 .cmp/ne 32, L_02e34e70, L_02dfac08;
L_02e34790 .cmp/eq 5, o02dbee0c, o02dbee84;
L_02e34bb0 .cmp/eq 2, o02dbeecc, L_02dfac30;
L_02e34cb8 .concat [ 5 27 0 0], o02dbee0c, L_02dfac80;
L_02e34d10 .cmp/ne 32, L_02e34cb8, L_02dfaca8;
L_02e34e18 .cmp/eq 5, o02dbee0c, o02dbee84;
L_02e34d68 .cmp/eq 2, o02dbeecc, L_02dfacd0;
L_02e34dc0 .concat [ 5 27 0 0], o02dbee0c, L_02dfad20;
L_02e34688 .cmp/ne 32, L_02e34dc0, L_02dfad48;
L_02e34898 .cmp/eq 5, o02dbee0c, o02dbee9c;
L_02e346e0 .cmp/eq 2, o02dbeee4, L_02dfad70;
L_02e348f0 .concat [ 5 27 0 0], o02dbee0c, L_02dfadc0;
L_02e34948 .cmp/ne 32, L_02e348f0, L_02dfade8;
L_02e34738 .cmp/eq 5, o02dbee0c, o02dbee9c;
L_02e3af50 .cmp/eq 2, o02dbeee4, L_02dfae10;
L_02e3b630 .concat [ 5 27 0 0], o02dbee0c, L_02dfae60;
L_02e3ac90 .cmp/ne 32, L_02e3b630, L_02dfae88;
L_02e3ad40 .cmp/eq 5, o02dbee0c, o02dbee9c;
L_02e3afa8 .cmp/eq 2, o02dbeee4, L_02dfaeb0;
L_02e3b1b8 .functor MUXZ 3, L_02dfaf00, L_02dfaed8, L_02e36ee8, C4<>;
L_02e3b528 .functor MUXZ 3, L_02e3b1b8, L_02dfae38, L_02e36900, C4<>;
L_02e3b0b0 .functor MUXZ 3, L_02e3b528, L_02dfad98, L_02e36c18, C4<>;
L_02e3b268 .functor MUXZ 3, L_02e3b0b0, L_02dfacf8, L_02e369d8, C4<>;
L_02e3ab88 .functor MUXZ 3, L_02e3b268, L_02dfac58, L_02e36f78, C4<>;
L_02e3b370 .cmp/eq 5, o02dbedc4, o02dbee3c;
L_02e3ad98 .cmp/eq 5, o02dbee0c, o02dbee3c;
L_02e3abe0 .cmp/eq 5, o02dbee84, o02dbedc4;
L_02e3ac38 .cmp/eq 5, o02dbee84, o02dbee0c;
L_02e3b3c8 .cmp/eq 5, o02dbee9c, o02dbedc4;
L_02e3b108 .cmp/eq 5, o02dbee9c, o02dbee0c;
L_02e3b2c0 .cmp/eq 5, o02dbee84, o02dbedc4;
L_02e3b318 .cmp/eq 5, o02dbee9c, o02dbedc4;
# The file index is used to find the file name in the following table.
:file_names 3;
    "N/A";
    "<interactive>";
    "Hazard.v";
