#! c:/iverilog-x86/bin/vvp
:ivl_version "10.0 (stable)" "(v10_0)";
:ivl_delay_selection "TYPICAL";
:vpi_time_precision + 0;
:vpi_module "system";
:vpi_module "vhdl_sys";
:vpi_module "v2005_math";
:vpi_module "va_math";
S_00a7d1e0 .scope module, "M_DM" "M_DM" 2 5;
 .timescale 0 0;
    .port_info 0 /INPUT 1 "clk"
    .port_info 1 /INPUT 1 "reset"
    .port_info 2 /INPUT 32 "ALUOut"
    .port_info 3 /INPUT 32 "WriteData"
    .port_info 4 /INPUT 1 "MemWrite"
    .port_info 5 /INPUT 32 "pc"
    .port_info 6 /INPUT 32 "instr"
    .port_info 7 /OUTPUT 4 "m_data_byteen"
    .port_info 8 /OUTPUT 32 "m_data_wdata"
o02d13fcc .functor BUFZ 1, C4<z>; HiZ drive
L_02d4aa50 .functor BUFT 1, C4<0>, C4<0>, C4<0>, C4<0>;
L_02d10fd0 .functor XNOR 1, o02d13fcc, L_02d4aa50, C4<0>, C4<0>;
L_02d10f40 .functor AND 1, L_02d49a70, L_02d4a1a8, C4<1>, C4<1>;
L_02d11180 .functor AND 1, L_02d4a308, L_02d4a360, C4<1>, C4<1>;
L_02d11528 .functor AND 1, L_02d49f40, L_02d4a468, C4<1>, C4<1>;
L_02d115b8 .functor AND 1, L_02d49cd8, L_02d49ac8, C4<1>, C4<1>;
L_02d11210 .functor AND 1, L_02d49f98, L_02d49d30, C4<1>, C4<1>;
L_02d112a0 .functor AND 1, L_02d49d88, L_02d4a9e8, C4<1>, C4<1>;
o02d13fb4 .functor BUFZ 32, C4<zzzzzzzzzzzzzzzzzzzzzzzzzzzzzzzz>; HiZ drive
v02d08690_0 .net "ALUOut", 31 0, o02d13fb4;  0 drivers
v02d084d8_0 .net "MemWrite", 0 0, o02d13fcc;  0 drivers
o02d13fe4 .functor BUFZ 32, C4<zzzzzzzzzzzzzzzzzzzzzzzzzzzzzzzz>; HiZ drive
v02d08588_0 .net "WriteData", 31 0, o02d13fe4;  0 drivers
v02d08378_0 .net/2u *"_s0", 0 0, L_02d4aa50;  1 drivers
v02d082c8_0 .net *"_s10", 0 0, L_02d4a2b0;  1 drivers
v02d085e0_0 .net *"_s101", 1 0, L_02d4a4c0;  1 drivers
v02d08320_0 .net *"_s102", 31 0, L_02d49ff0;  1 drivers
L_02d4ad98 .functor BUFT 1, C4<000000000000000000000000000000>, C4<0>, C4<0>, C4<0>;
v02d08428_0 .net *"_s105", 29 0, L_02d4ad98;  1 drivers
L_02d4adc0 .functor BUFT 1, C4<00000000000000000000000000000010>, C4<0>, C4<0>, C4<0>;
v02d08480_0 .net/2u *"_s106", 31 0, L_02d4adc0;  1 drivers
v02d43670_0 .net *"_s108", 0 0, L_02d49d30;  1 drivers
v02d43460_0 .net *"_s110", 0 0, L_02d11210;  1 drivers
L_02d4ade8 .functor BUFT 1, C4<0100>, C4<0>, C4<0>, C4<0>;
v02d43988_0 .net/2u *"_s112", 3 0, L_02d4ade8;  1 drivers
v02d43828_0 .net *"_s115", 5 0, L_02d4a518;  1 drivers
L_02d4ae10 .functor BUFT 1, C4<101000>, C4<0>, C4<0>, C4<0>;
v02d43300_0 .net/2u *"_s116", 5 0, L_02d4ae10;  1 drivers
v02d438d8_0 .net *"_s118", 0 0, L_02d49d88;  1 drivers
L_02d4aac8 .functor BUFT 1, C4<1111>, C4<0>, C4<0>, C4<0>;
v02d437d0_0 .net/2u *"_s12", 3 0, L_02d4aac8;  1 drivers
v02d43930_0 .net *"_s121", 1 0, L_02d49de0;  1 drivers
v02d43880_0 .net *"_s122", 31 0, L_02d4a780;  1 drivers
L_02d4ae38 .functor BUFT 1, C4<000000000000000000000000000000>, C4<0>, C4<0>, C4<0>;
v02d43358_0 .net *"_s125", 29 0, L_02d4ae38;  1 drivers
L_02d4ae60 .functor BUFT 1, C4<00000000000000000000000000000011>, C4<0>, C4<0>, C4<0>;
v02d433b0_0 .net/2u *"_s126", 31 0, L_02d4ae60;  1 drivers
v02d439e0_0 .net *"_s128", 0 0, L_02d4a9e8;  1 drivers
v02d431a0_0 .net *"_s130", 0 0, L_02d112a0;  1 drivers
L_02d4ae88 .functor BUFT 1, C4<1000>, C4<0>, C4<0>, C4<0>;
v02d43a38_0 .net/2u *"_s132", 3 0, L_02d4ae88;  1 drivers
L_02d4aeb0 .functor BUFT 1, C4<0000>, C4<0>, C4<0>, C4<0>;
v02d43618_0 .net/2u *"_s134", 3 0, L_02d4aeb0;  1 drivers
v02d434b8_0 .net *"_s136", 3 0, L_02d4a8e0;  1 drivers
v02d43ae8_0 .net *"_s138", 3 0, L_02d4a990;  1 drivers
v02d43720_0 .net *"_s140", 3 0, L_02d4a728;  1 drivers
v02d43040_0 .net *"_s142", 3 0, L_02d4a570;  1 drivers
v02d43510_0 .net *"_s144", 3 0, L_02d4a7d8;  1 drivers
v02d43a90_0 .net *"_s146", 3 0, L_02d4a830;  1 drivers
v02d43098_0 .net *"_s148", 3 0, L_02d4a678;  1 drivers
v02d43568_0 .net *"_s15", 5 0, L_02d4a200;  1 drivers
v02d430f0_0 .net *"_s153", 5 0, L_02d4a938;  1 drivers
L_02d4aed8 .functor BUFT 1, C4<101011>, C4<0>, C4<0>, C4<0>;
v02d43148_0 .net/2u *"_s154", 5 0, L_02d4aed8;  1 drivers
v02d431f8_0 .net *"_s156", 0 0, L_02d4a5c8;  1 drivers
v02d43250_0 .net *"_s159", 5 0, L_02d4a6d0;  1 drivers
L_02d4aaf0 .functor BUFT 1, C4<101001>, C4<0>, C4<0>, C4<0>;
v02d432a8_0 .net/2u *"_s16", 5 0, L_02d4aaf0;  1 drivers
L_02d4af00 .functor BUFT 1, C4<101001>, C4<0>, C4<0>, C4<0>;
v02d43408_0 .net/2u *"_s160", 5 0, L_02d4af00;  1 drivers
v02d435c0_0 .net *"_s162", 0 0, L_02d4a620;  1 drivers
v02d436c8_0 .net *"_s165", 15 0, L_02d843f0;  1 drivers
v02d43778_0 .net *"_s167", 15 0, L_02d84080;  1 drivers
v02d43eb0_0 .net *"_s168", 31 0, L_02d83e70;  1 drivers
v02d43da8_0 .net *"_s171", 5 0, L_02d83dc0;  1 drivers
L_02d4af28 .functor BUFT 1, C4<101000>, C4<0>, C4<0>, C4<0>;
v02d43cf8_0 .net/2u *"_s172", 5 0, L_02d4af28;  1 drivers
v02d43bf0_0 .net *"_s174", 0 0, L_02d83f78;  1 drivers
v02d43d50_0 .net *"_s177", 7 0, L_02d842e8;  1 drivers
v02d43e00_0 .net *"_s179", 7 0, L_02d83f20;  1 drivers
v02d43b40_0 .net *"_s18", 0 0, L_02d49a70;  1 drivers
v02d43f60_0 .net *"_s181", 7 0, L_02d83fd0;  1 drivers
v02d43e58_0 .net *"_s183", 7 0, L_02d841e0;  1 drivers
v02d43f08_0 .net *"_s184", 31 0, L_02d84130;  1 drivers
v02d43fb8_0 .net *"_s186", 31 0, L_02d84550;  1 drivers
v02d43b98_0 .net *"_s188", 31 0, L_02d84028;  1 drivers
v02d43c48_0 .net *"_s2", 0 0, L_02d10fd0;  1 drivers
v02d43ca0_0 .net *"_s21", 0 0, L_02d49ee8;  1 drivers
v02d446b8_0 .net *"_s22", 31 0, L_02d49e38;  1 drivers
L_02d4ab18 .functor BUFT 1, C4<0000000000000000000000000000000>, C4<0>, C4<0>, C4<0>;
v02d44c38_0 .net *"_s25", 30 0, L_02d4ab18;  1 drivers
L_02d4ab40 .functor BUFT 1, C4<00000000000000000000000000000000>, C4<0>, C4<0>, C4<0>;
v02d444a8_0 .net/2u *"_s26", 31 0, L_02d4ab40;  1 drivers
v02d44978_0 .net *"_s28", 0 0, L_02d4a1a8;  1 drivers
v02d44b30_0 .net *"_s30", 0 0, L_02d10f40;  1 drivers
L_02d4ab68 .functor BUFT 1, C4<0011>, C4<0>, C4<0>, C4<0>;
v02d44b88_0 .net/2u *"_s32", 3 0, L_02d4ab68;  1 drivers
v02d44ce8_0 .net *"_s35", 5 0, L_02d49e90;  1 drivers
L_02d4ab90 .functor BUFT 1, C4<101001>, C4<0>, C4<0>, C4<0>;
v02d44870_0 .net/2u *"_s36", 5 0, L_02d4ab90;  1 drivers
v02d44df0_0 .net *"_s38", 0 0, L_02d4a308;  1 drivers
L_02d4aa78 .functor BUFT 1, C4<0000>, C4<0>, C4<0>, C4<0>;
v02d44500_0 .net/2u *"_s4", 3 0, L_02d4aa78;  1 drivers
v02d44a28_0 .net *"_s41", 0 0, L_02d49b20;  1 drivers
v02d44c90_0 .net *"_s42", 31 0, L_02d4a150;  1 drivers
L_02d4abb8 .functor BUFT 1, C4<0000000000000000000000000000000>, C4<0>, C4<0>, C4<0>;
v02d44ef8_0 .net *"_s45", 30 0, L_02d4abb8;  1 drivers
L_02d4abe0 .functor BUFT 1, C4<00000000000000000000000000000001>, C4<0>, C4<0>, C4<0>;
v02d44450_0 .net/2u *"_s46", 31 0, L_02d4abe0;  1 drivers
v02d449d0_0 .net *"_s48", 0 0, L_02d4a360;  1 drivers
v02d44ad8_0 .net *"_s50", 0 0, L_02d11180;  1 drivers
L_02d4ac08 .functor BUFT 1, C4<1100>, C4<0>, C4<0>, C4<0>;
v02d44558_0 .net/2u *"_s52", 3 0, L_02d4ac08;  1 drivers
v02d44ea0_0 .net *"_s55", 5 0, L_02d49c80;  1 drivers
L_02d4ac30 .functor BUFT 1, C4<101000>, C4<0>, C4<0>, C4<0>;
v02d44e48_0 .net/2u *"_s56", 5 0, L_02d4ac30;  1 drivers
v02d445b0_0 .net *"_s58", 0 0, L_02d49f40;  1 drivers
v02d44d40_0 .net *"_s61", 1 0, L_02d4a0f8;  1 drivers
v02d44a80_0 .net *"_s62", 31 0, L_02d4a048;  1 drivers
L_02d4ac58 .functor BUFT 1, C4<000000000000000000000000000000>, C4<0>, C4<0>, C4<0>;
v02d44608_0 .net *"_s65", 29 0, L_02d4ac58;  1 drivers
L_02d4ac80 .functor BUFT 1, C4<00000000000000000000000000000000>, C4<0>, C4<0>, C4<0>;
v02d44be0_0 .net/2u *"_s66", 31 0, L_02d4ac80;  1 drivers
v02d44d98_0 .net *"_s68", 0 0, L_02d4a468;  1 drivers
v02d44660_0 .net *"_s7", 5 0, L_02d4a0a0;  1 drivers
v02d447c0_0 .net *"_s70", 0 0, L_02d11528;  1 drivers
L_02d4aca8 .functor BUFT 1, C4<0001>, C4<0>, C4<0>, C4<0>;
v02d44920_0 .net/2u *"_s72", 3 0, L_02d4aca8;  1 drivers
v02d44710_0 .net *"_s75", 5 0, L_02d49b78;  1 drivers
L_02d4acd0 .functor BUFT 1, C4<101000>, C4<0>, C4<0>, C4<0>;
v02d44768_0 .net/2u *"_s76", 5 0, L_02d4acd0;  1 drivers
v02d44818_0 .net *"_s78", 0 0, L_02d49cd8;  1 drivers
L_02d4aaa0 .functor BUFT 1, C4<101011>, C4<0>, C4<0>, C4<0>;
v02d448c8_0 .net/2u *"_s8", 5 0, L_02d4aaa0;  1 drivers
v02d45268_0 .net *"_s81", 1 0, L_02d49bd0;  1 drivers
v02d45000_0 .net *"_s82", 31 0, L_02d4a3b8;  1 drivers
L_02d4acf8 .functor BUFT 1, C4<000000000000000000000000000000>, C4<0>, C4<0>, C4<0>;
v02d44f50_0 .net *"_s85", 29 0, L_02d4acf8;  1 drivers
L_02d4ad20 .functor BUFT 1, C4<00000000000000000000000000000001>, C4<0>, C4<0>, C4<0>;
v02d453c8_0 .net/2u *"_s86", 31 0, L_02d4ad20;  1 drivers
v02d44fa8_0 .net *"_s88", 0 0, L_02d49ac8;  1 drivers
v02d45058_0 .net *"_s90", 0 0, L_02d115b8;  1 drivers
L_02d4ad48 .functor BUFT 1, C4<0010>, C4<0>, C4<0>, C4<0>;
v02d450b0_0 .net/2u *"_s92", 3 0, L_02d4ad48;  1 drivers
v02d45108_0 .net *"_s95", 5 0, L_02d4a410;  1 drivers
L_02d4ad70 .functor BUFT 1, C4<101000>, C4<0>, C4<0>, C4<0>;
v02d45210_0 .net/2u *"_s96", 5 0, L_02d4ad70;  1 drivers
v02d45370_0 .net *"_s98", 0 0, L_02d49f98;  1 drivers
o02d148cc .functor BUFZ 1, C4<z>; HiZ drive
v02d45160_0 .net "clk", 0 0, o02d148cc;  0 drivers
o02d148e4 .functor BUFZ 32, C4<zzzzzzzzzzzzzzzzzzzzzzzzzzzzzzzz>; HiZ drive
v02d451b8_0 .net "instr", 31 0, o02d148e4;  0 drivers
v02d45318_0 .net "m_data_byteen", 3 0, L_02d4a888;  1 drivers
v02d452c0_0 .net "m_data_wdata", 31 0, L_02d84238;  1 drivers
o02d1492c .functor BUFZ 32, C4<zzzzzzzzzzzzzzzzzzzzzzzzzzzzzzzz>; HiZ drive
v02d4a258_0 .net "pc", 31 0, o02d1492c;  0 drivers
o02d14944 .functor BUFZ 1, C4<z>; HiZ drive
v02d49c28_0 .net "reset", 0 0, o02d14944;  0 drivers
L_02d4a0a0 .part o02d148e4, 26, 6;
L_02d4a2b0 .cmp/eq 6, L_02d4a0a0, L_02d4aaa0;
L_02d4a200 .part o02d148e4, 26, 6;
L_02d49a70 .cmp/eq 6, L_02d4a200, L_02d4aaf0;
L_02d49ee8 .part o02d13fb4, 1, 1;
L_02d49e38 .concat [ 1 31 0 0], L_02d49ee8, L_02d4ab18;
L_02d4a1a8 .cmp/eq 32, L_02d49e38, L_02d4ab40;
L_02d49e90 .part o02d148e4, 26, 6;
L_02d4a308 .cmp/eq 6, L_02d49e90, L_02d4ab90;
L_02d49b20 .part o02d13fb4, 1, 1;
L_02d4a150 .concat [ 1 31 0 0], L_02d49b20, L_02d4abb8;
L_02d4a360 .cmp/eq 32, L_02d4a150, L_02d4abe0;
L_02d49c80 .part o02d148e4, 26, 6;
L_02d49f40 .cmp/eq 6, L_02d49c80, L_02d4ac30;
L_02d4a0f8 .part o02d13fb4, 0, 2;
L_02d4a048 .concat [ 2 30 0 0], L_02d4a0f8, L_02d4ac58;
L_02d4a468 .cmp/eq 32, L_02d4a048, L_02d4ac80;
L_02d49b78 .part o02d148e4, 26, 6;
L_02d49cd8 .cmp/eq 6, L_02d49b78, L_02d4acd0;
L_02d49bd0 .part o02d13fb4, 0, 2;
L_02d4a3b8 .concat [ 2 30 0 0], L_02d49bd0, L_02d4acf8;
L_02d49ac8 .cmp/eq 32, L_02d4a3b8, L_02d4ad20;
L_02d4a410 .part o02d148e4, 26, 6;
L_02d49f98 .cmp/eq 6, L_02d4a410, L_02d4ad70;
L_02d4a4c0 .part o02d13fb4, 0, 2;
L_02d49ff0 .concat [ 2 30 0 0], L_02d4a4c0, L_02d4ad98;
L_02d49d30 .cmp/eq 32, L_02d49ff0, L_02d4adc0;
L_02d4a518 .part o02d148e4, 26, 6;
L_02d49d88 .cmp/eq 6, L_02d4a518, L_02d4ae10;
L_02d49de0 .part o02d13fb4, 0, 2;
L_02d4a780 .concat [ 2 30 0 0], L_02d49de0, L_02d4ae38;
L_02d4a9e8 .cmp/eq 32, L_02d4a780, L_02d4ae60;
L_02d4a8e0 .functor MUXZ 4, L_02d4aeb0, L_02d4ae88, L_02d112a0, C4<>;
L_02d4a990 .functor MUXZ 4, L_02d4a8e0, L_02d4ade8, L_02d11210, C4<>;
L_02d4a728 .functor MUXZ 4, L_02d4a990, L_02d4ad48, L_02d115b8, C4<>;
L_02d4a570 .functor MUXZ 4, L_02d4a728, L_02d4aca8, L_02d11528, C4<>;
L_02d4a7d8 .functor MUXZ 4, L_02d4a570, L_02d4ac08, L_02d11180, C4<>;
L_02d4a830 .functor MUXZ 4, L_02d4a7d8, L_02d4ab68, L_02d10f40, C4<>;
L_02d4a678 .functor MUXZ 4, L_02d4a830, L_02d4aac8, L_02d4a2b0, C4<>;
L_02d4a888 .functor MUXZ 4, L_02d4a678, L_02d4aa78, L_02d10fd0, C4<>;
L_02d4a938 .part o02d148e4, 26, 6;
L_02d4a5c8 .cmp/eq 6, L_02d4a938, L_02d4aed8;
L_02d4a6d0 .part o02d148e4, 26, 6;
L_02d4a620 .cmp/eq 6, L_02d4a6d0, L_02d4af00;
L_02d843f0 .part o02d13fe4, 0, 16;
L_02d84080 .part o02d13fe4, 0, 16;
L_02d83e70 .concat [ 16 16 0 0], L_02d84080, L_02d843f0;
L_02d83dc0 .part o02d148e4, 26, 6;
L_02d83f78 .cmp/eq 6, L_02d83dc0, L_02d4af28;
L_02d842e8 .part o02d13fe4, 0, 8;
L_02d83f20 .part o02d13fe4, 0, 8;
L_02d83fd0 .part o02d13fe4, 0, 8;
L_02d841e0 .part o02d13fe4, 0, 8;
L_02d84130 .concat [ 8 8 8 8], L_02d841e0, L_02d83fd0, L_02d83f20, L_02d842e8;
L_02d84550 .functor MUXZ 32, o02d13fe4, L_02d84130, L_02d83f78, C4<>;
L_02d84028 .functor MUXZ 32, L_02d84550, L_02d83e70, L_02d4a620, C4<>;
L_02d84238 .functor MUXZ 32, L_02d84028, o02d13fe4, L_02d4a5c8, C4<>;
# The file index is used to find the file name in the following table.
:file_names 3;
    "N/A";
    "<interactive>";
    "M_DM.v";
